Solving MTZ: ./instances/orig/TSP167_15_kroC100.orig.json...Set parameter Username
Academic license - for non-commercial use only - expires 2024-10-11
✅
Solving MTZ: ./instances/orig/TSP147_8_hk48.orig.json...✅
Solving MTZ: ./instances/orig/TSP145_6_hk48.orig.json...✅
Solving MTZ: ./instances/orig/TSP138_12_kroB100.orig.json...✅
Solving MTZ: ./instances/orig/TSP69_8_tsp225.orig.json...✅
Solving MTZ: ./instances/orig/TSP20_11_swiss42.orig.json...✅
Solving MTZ: ./instances/orig/TSP154_15_hk48.orig.json...✅
Solving MTZ: ./instances/orig/TSP128_15_pr299.orig.json...✅
Solving MTZ: ./instances/orig/TSP12_16_pr107.orig.json...✅
Solving MTZ: ./instances/orig/TSP107_7_brazil58.orig.json...✅
Solving MTZ: ./instances/orig/TSP84_10_att48.orig.json...✅
Solving MTZ: ./instances/orig/TSP153_14_hk48.orig.json...✅
Solving MTZ: ./instances/orig/TSP14_5_swiss42.orig.json...✅
Solving MTZ: ./instances/orig/TSP86_12_att48.orig.json...✅
Solving MTZ: ./instances/orig/TSP166_14_kroC100.orig.json...✅
Solving MTZ: ./instances/orig/TSP148_9_hk48.orig.json...✅
Solving MTZ: ./instances/orig/TSP94_7_kroA100.orig.json...✅
Solving MTZ: ./instances/orig/TSP9_13_pr107.orig.json...✅
Solving MTZ: ./instances/orig/TSP46_11_lin105.orig.json...✅
Solving MTZ: ./instances/orig/TSP59_11_pa561.tsp.orig.json...✅
Solving MTZ: ./instances/orig/TSP185_7_eil101.orig.json...✅
Solving MTZ: ./instances/orig/TSP163_11_kroC100.orig.json...✅
Solving MTZ: ./instances/orig/TSP159_7_kroC100.orig.json...✅
Solving MTZ: ./instances/orig/TSP105_5_brazil58.orig.json...✅
Solving MTZ: ./instances/orig/TSP93_6_kroA100.orig.json...✅
Solving MTZ: ./instances/orig/TSP90_16_att48.orig.json...✅
Solving MTZ: ./instances/orig/TSP162_10_kroC100.orig.json...✅
Solving MTZ: ./instances/orig/TSP111_11_brazil58.orig.json...✅
Solving MTZ: ./instances/orig/TSP137_11_kroB100.orig.json...✅
Solving MTZ: ./instances/orig/TSP146_7_hk48.orig.json...✅
Solving MTZ: ./instances/orig/TSP64_16_pa561.tsp.orig.json...✅
Solving MTZ: ./instances/orig/TSP100_13_kroA100.orig.json...✅
Solving MTZ: ./instances/orig/TSP120_7_pr299.orig.json...✅
Solving MTZ: ./instances/orig/TSP35_13_gr666.orig.json...✅
Solving MTZ: ./instances/orig/TSP61_13_pa561.tsp.orig.json...✅
Solving MTZ: ./instances/orig/TSP28_6_gr666.orig.json...✅
Solving MTZ: ./instances/orig/TSP175_10_rat575.orig.json...✅
Solving MTZ: ./instances/orig/TSP18_9_swiss42.orig.json...✅
Solving MTZ: ./instances/orig/TSP34_12_gr666.orig.json...✅
Solving MTZ: ./instances/orig/TSP152_13_hk48.orig.json...✅
Solving MTZ: ./instances/orig/TSP23_14_swiss42.orig.json...✅
Solving MTZ: ./instances/orig/TSP71_10_tsp225.orig.json...✅
Solving MTZ: ./instances/orig/TSP102_15_kroA100.orig.json...✅
Solving MTZ: ./instances/orig/TSP98_11_kroA100.orig.json...✅
Solving MTZ: ./instances/orig/TSP184_6_eil101.orig.json...✅
Solving MTZ: ./instances/orig/TSP87_13_att48.orig.json...✅
Solving MTZ: ./instances/orig/TSP129_16_pr299.orig.json...✅
Solving MTZ: ./instances/orig/TSP37_15_gr666.orig.json...✅
Solving MTZ: ./instances/orig/TSP144_5_hk48.orig.json...✅
Solving MTZ: ./instances/orig/TSP10_14_pr107.orig.json...✅
Solving MTZ: ./instances/orig/TSP19_10_swiss42.orig.json...✅
Solving MTZ: ./instances/orig/TSP72_11_tsp225.orig.json...✅
Solving MTZ: ./instances/orig/TSP95_8_kroA100.orig.json...✅
Solving MTZ: ./instances/orig/TSP176_11_rat575.orig.json...✅
Solving MTZ: ./instances/orig/TSP74_13_tsp225.orig.json...✅
Solving MTZ: ./instances/orig/TSP126_13_pr299.orig.json...✅
Solving MTZ: ./instances/orig/TSP135_9_kroB100.orig.json...✅
Solving MTZ: ./instances/orig/TSP141_15_kroB100.orig.json...✅
Solving MTZ: ./instances/orig/TSP25_16_swiss42.orig.json...✅
Solving MTZ: ./instances/orig/TSP139_13_kroB100.orig.json...✅
Solving MTZ: ./instances/orig/TSP40_5_lin105.orig.json...✅
Solving MTZ: ./instances/orig/TSP130_17_pr299.orig.json...✅
Solving MTZ: ./instances/orig/TSP156_17_hk48.orig.json...✅
Solving MTZ: ./instances/orig/TSP194_16_eil101.orig.json...✅
Solving MTZ: ./instances/orig/TSP3_7_pr107.orig.json...✅
Solving MTZ: ./instances/orig/TSP112_12_brazil58.orig.json...✅
Solving MTZ: ./instances/orig/TSP49_14_lin105.orig.json...✅
Solving MTZ: ./instances/orig/TSP190_12_eil101.orig.json...✅
Solving MTZ: ./instances/orig/TSP29_7_gr666.orig.json...✅
Solving MTZ: ./instances/orig/TSP83_9_att48.orig.json...✅
Solving MTZ: ./instances/orig/TSP70_9_tsp225.orig.json...✅
Solving MTZ: ./instances/orig/TSP6_10_pr107.orig.json...✅
Solving MTZ: ./instances/orig/TSP22_13_swiss42.orig.json...✅
Solving MTZ: ./instances/orig/TSP63_15_pa561.tsp.orig.json...✅
Solving MTZ: ./instances/orig/TSP165_13_kroC100.orig.json...✅
Solving MTZ: ./instances/orig/TSP68_7_tsp225.orig.json...✅
Solving MTZ: ./instances/orig/TSP191_13_eil101.orig.json...✅
Solving MTZ: ./instances/orig/TSP15_6_swiss42.orig.json...✅
Solving MTZ: ./instances/orig/TSP186_8_eil101.orig.json...✅
Solving MTZ: ./instances/orig/TSP161_9_kroC100.orig.json...✅
Solving MTZ: ./instances/orig/TSP51_16_lin105.orig.json...✅
Solving MTZ: ./instances/orig/TSP109_9_brazil58.orig.json...✅
Solving MTZ: ./instances/orig/TSP110_10_brazil58.orig.json...✅
Solving MTZ: ./instances/orig/TSP2_6_pr107.orig.json...✅
Solving MTZ: ./instances/orig/TSP142_16_kroB100.orig.json...✅
Solving MTZ: ./instances/orig/TSP101_14_kroA100.orig.json...✅
Solving MTZ: ./instances/orig/TSP89_15_att48.orig.json...✅
Solving MTZ: ./instances/orig/TSP73_12_tsp225.orig.json...✅
Solving MTZ: ./instances/orig/TSP33_11_gr666.orig.json...✅
Solving MTZ: ./instances/orig/TSP117_17_brazil58.orig.json...✅
Solving MTZ: ./instances/orig/TSP192_14_eil101.orig.json...✅
Solving MTZ: ./instances/orig/TSP36_14_gr666.orig.json...✅
Solving MTZ: ./instances/orig/TSP21_12_swiss42.orig.json...✅
Solving MTZ: ./instances/orig/TSP178_13_rat575.orig.json...✅
Solving MTZ: ./instances/orig/TSP143_17_kroB100.orig.json...✅
Solving MTZ: ./instances/orig/TSP155_16_hk48.orig.json...✅
Solving MTZ: ./instances/orig/TSP24_15_swiss42.orig.json...✅
Solving MTZ: ./instances/orig/TSP75_14_tsp225.orig.json...✅
Solving MTZ: ./instances/orig/TSP131_5_kroB100.orig.json...✅
Solving MTZ: ./instances/orig/TSP38_16_gr666.orig.json...✅
Solving MTZ: ./instances/orig/TSP181_16_rat575.orig.json...✅
Solving MTZ: ./instances/orig/TSP4_8_pr107.orig.json...✅
Solving MTZ: ./instances/orig/TSP31_9_gr666.orig.json...✅
Solving MTZ: ./instances/orig/TSP115_15_brazil58.orig.json...✅
Solving MTZ: ./instances/orig/TSP140_14_kroB100.orig.json...✅
Solving MTZ: ./instances/orig/TSP13_17_pr107.orig.json...✅
Solving MTZ: ./instances/orig/TSP169_17_kroC100.orig.json...✅
Solving MTZ: ./instances/orig/TSP116_16_brazil58.orig.json...✅
Solving MTZ: ./instances/orig/TSP172_7_rat575.orig.json...✅
Solving MTZ: ./instances/orig/TSP17_8_swiss42.orig.json...✅
Solving MTZ: ./instances/orig/TSP41_6_lin105.orig.json...✅
Solving MTZ: ./instances/orig/TSP118_5_pr299.orig.json...✅
Solving MTZ: ./instances/orig/TSP150_11_hk48.orig.json...✅
Solving MTZ: ./instances/orig/TSP53_5_pa561.tsp.orig.json...✅
Solving MTZ: ./instances/orig/TSP32_10_gr666.orig.json...✅
Solving MTZ: ./instances/orig/TSP8_12_pr107.orig.json...✅
Solving MTZ: ./instances/orig/TSP96_9_kroA100.orig.json...✅
Solving MTZ: ./instances/orig/TSP80_6_att48.orig.json...✅
Solving MTZ: ./instances/orig/TSP123_10_pr299.orig.json...✅
Solving MTZ: ./instances/orig/TSP58_10_pa561.tsp.orig.json...✅
Solving MTZ: ./instances/orig/TSP187_9_eil101.orig.json...✅
Solving MTZ: ./instances/orig/TSP65_17_pa561.tsp.orig.json...✅
Solving MTZ: ./instances/orig/TSP78_17_tsp225.orig.json...✅
Solving MTZ: ./instances/orig/TSP189_11_eil101.orig.json...✅
Solving MTZ: ./instances/orig/TSP119_6_pr299.orig.json...✅
Solving MTZ: ./instances/orig/TSP91_17_att48.orig.json...✅
Solving MTZ: ./instances/orig/TSP122_9_pr299.orig.json...✅
Solving MTZ: ./instances/orig/TSP30_8_gr666.orig.json...✅
Solving MTZ: ./instances/orig/TSP170_5_rat575.orig.json...✅
Solving MTZ: ./instances/orig/TSP92_5_kroA100.orig.json...✅
Solving MTZ: ./instances/orig/TSP133_7_kroB100.orig.json...✅
Solving MTZ: ./instances/orig/TSP7_11_pr107.orig.json...✅
Solving MTZ: ./instances/orig/TSP47_12_lin105.orig.json...✅
Solving MTZ: ./instances/orig/TSP76_15_tsp225.orig.json...✅
Solving MTZ: ./instances/orig/TSP1_5_pr107.orig.json...✅
Solving MTZ: ./instances/orig/TSP180_15_rat575.orig.json...✅
Solving MTZ: ./instances/orig/TSP121_8_pr299.orig.json...✅
Solving MTZ: ./instances/orig/TSP114_14_brazil58.orig.json...✅
Solving MTZ: ./instances/orig/TSP151_12_hk48.orig.json...✅
Solving MTZ: ./instances/orig/TSP103_16_kroA100.orig.json...✅
Solving MTZ: ./instances/orig/TSP168_16_kroC100.orig.json...✅
Solving MTZ: ./instances/orig/TSP171_6_rat575.orig.json...✅
Solving MTZ: ./instances/orig/TSP173_8_rat575.orig.json...✅
Solving MTZ: ./instances/orig/TSP134_8_kroB100.orig.json...✅
Solving MTZ: ./instances/orig/TSP113_13_brazil58.orig.json...✅
Solving MTZ: ./instances/orig/TSP11_15_pr107.orig.json...✅
Solving MTZ: ./instances/orig/TSP50_15_lin105.orig.json...✅
Solving MTZ: ./instances/orig/TSP57_9_pa561.tsp.orig.json...✅
Solving MTZ: ./instances/orig/TSP193_15_eil101.orig.json...✅
Solving MTZ: ./instances/orig/TSP160_8_kroC100.orig.json...✅
Solving MTZ: ./instances/orig/TSP66_5_tsp225.orig.json...✅
Solving MTZ: ./instances/orig/TSP56_8_pa561.tsp.orig.json...✅
Solving MTZ: ./instances/orig/TSP81_7_att48.orig.json...✅
Solving MTZ: ./instances/orig/TSP179_14_rat575.orig.json...✅
Solving MTZ: ./instances/orig/TSP88_14_att48.orig.json...✅
Solving MTZ: ./instances/orig/TSP99_12_kroA100.orig.json...✅
Solving MTZ: ./instances/orig/TSP62_14_pa561.tsp.orig.json...✅
Solving MTZ: ./instances/orig/TSP77_16_tsp225.orig.json...✅
Solving MTZ: ./instances/orig/TSP195_17_eil101.orig.json...✅
Solving MTZ: ./instances/orig/TSP79_5_att48.orig.json...✅
Solving MTZ: ./instances/orig/TSP39_17_gr666.orig.json...✅
Solving MTZ: ./instances/orig/TSP127_14_pr299.orig.json...✅
Solving MTZ: ./instances/orig/TSP164_12_kroC100.orig.json...✅
Solving MTZ: ./instances/orig/TSP16_7_swiss42.orig.json...✅
Solving MTZ: ./instances/orig/TSP85_11_att48.orig.json...✅
Solving MTZ: ./instances/orig/TSP106_6_brazil58.orig.json...✅
Solving MTZ: ./instances/orig/TSP5_9_pr107.orig.json...✅
Solving MTZ: ./instances/orig/TSP157_5_kroC100.orig.json...✅
Solving MTZ: ./instances/orig/TSP26_17_swiss42.orig.json...✅
Solving MTZ: ./instances/orig/TSP52_17_lin105.orig.json...✅
Solving MTZ: ./instances/orig/TSP158_6_kroC100.orig.json...✅
Solving MTZ: ./instances/orig/TSP67_6_tsp225.orig.json...✅
Solving MTZ: ./instances/orig/TSP125_12_pr299.orig.json...✅
Solving MTZ: ./instances/orig/TSP104_17_kroA100.orig.json...✅
Solving MTZ: ./instances/orig/TSP149_10_hk48.orig.json...✅
Solving MTZ: ./instances/orig/TSP54_6_pa561.tsp.orig.json...✅
Solving MTZ: ./instances/orig/TSP60_12_pa561.tsp.orig.json...✅
Solving MTZ: ./instances/orig/TSP45_10_lin105.orig.json...✅
Solving MTZ: ./instances/orig/TSP27_5_gr666.orig.json...✅
Solving MTZ: ./instances/orig/TSP183_5_eil101.orig.json...✅
Solving MTZ: ./instances/orig/TSP44_9_lin105.orig.json...✅
Solving MTZ: ./instances/orig/TSP97_10_kroA100.orig.json...✅
Solving MTZ: ./instances/orig/TSP188_10_eil101.orig.json...✅
Solving MTZ: ./instances/orig/TSP177_12_rat575.orig.json...✅
Solving MTZ: ./instances/orig/TSP43_8_lin105.orig.json...✅
Solving MTZ: ./instances/orig/TSP124_11_pr299.orig.json...✅
Solving MTZ: ./instances/orig/TSP48_13_lin105.orig.json...✅
Solving MTZ: ./instances/orig/TSP182_17_rat575.orig.json...✅
Solving MTZ: ./instances/orig/TSP136_10_kroB100.orig.json...✅
Solving MTZ: ./instances/orig/TSP108_8_brazil58.orig.json...✅
Solving MTZ: ./instances/orig/TSP55_7_pa561.tsp.orig.json...✅
Solving MTZ: ./instances/orig/TSP132_6_kroB100.orig.json...✅
Solving MTZ: ./instances/orig/TSP82_8_att48.orig.json...✅
Solving MTZ: ./instances/orig/TSP42_7_lin105.orig.json...✅
Solving MTZ: ./instances/orig/TSP174_9_rat575.orig.json...✅
