Solving ./instances/orig/UDMIS078EXT_N25_W1.0_R0.3.orig.json...Set parameter Username
Academic license - for non-commercial use only - expires 2024-10-11
(0.0 sec.) ✅
Solving ./instances/orig/UDMIS017EXT_N49_W1.0_R0.2.orig.json...(0.0 sec.) ✅
Solving ./instances/orig/UDMIS074EXT_N15_W1.0_R0.4.orig.json...(0.0 sec.) ✅
Solving ./instances/orig/UDMIS082EXT_N36_W1.0_R0.3.orig.json...(0.0 sec.) ✅
Solving ./instances/orig/UDMIS105EXT_N100_W1.0_R0.2.orig.json...(0.0 sec.) ✅
Solving ./instances/orig/UDMIS072EXT_N120_W1.0_R0.1.orig.json...(0.0 sec.) ✅
Solving ./instances/orig/UDMIS088EXT_N49_W1.0_R0.2.orig.json...(0.0 sec.) ✅
Solving ./instances/orig/UDMIS094EXT_N70_W1.0_R0.2.orig.json...(0.0 sec.) ✅
Solving ./instances/orig/UDMIS095EXT_N70_W1.0_R0.2.orig.json...(0.0 sec.) ✅
Solving ./instances/orig/UDMIS055EXT_N60_W1.0_R0.2.orig.json...(0.0 sec.) ✅
Solving ./instances/orig/UDMIS021EXT_N60_W1.0_R0.1.orig.json...(0.0 sec.) ✅
Solving ./instances/orig/UDMIS070EXT_N120_W1.0_R0.1.orig.json...(0.0 sec.) ✅
Solving ./instances/orig/UDMIS025EXT_N80_W1.0_R0.1.orig.json...(0.0 sec.) ✅
Solving ./instances/orig/UDMIS010EXT_N36_W1.0_R0.2.orig.json...(0.0 sec.) ✅
Solving ./instances/orig/UDMIS023EXT_N70_W1.0_R0.1.orig.json...(0.0 sec.) ✅
Solving ./instances/orig/UDMIS068EXT_N100_W1.0_R0.1.orig.json...(0.0 sec.) ✅
Solving ./instances/orig/UDMIS054EXT_N49_W1.0_R0.2.orig.json...(0.0 sec.) ✅
Solving ./instances/orig/UDMIS085EXT_N40_W1.0_R0.2.orig.json...(0.0 sec.) ✅
Solving ./instances/orig/UDMIS051EXT_N40_W1.0_R0.2.orig.json...(0.0 sec.) ✅
Solving ./instances/orig/UDMIS037EXT_N15_W1.0_R0.3.orig.json...(0.0 sec.) ✅
Solving ./instances/orig/UDMIS096EXT_N70_W1.0_R0.2.orig.json...(0.0 sec.) ✅
Solving ./instances/orig/UDMIS102EXT_N90_W1.0_R0.2.orig.json...(0.0 sec.) ✅
Solving ./instances/orig/UDMIS022EXT_N70_W1.0_R0.1.orig.json...(0.0 sec.) ✅
Solving ./instances/orig/UDMIS034EXT_N120_W1.0_R0.1.orig.json...(0.0 sec.) ✅
Solving ./instances/orig/UDMIS011EXT_N36_W1.0_R0.2.orig.json...(0.0 sec.) ✅
Solving ./instances/orig/UDMIS066EXT_N90_W1.0_R0.1.orig.json...(0.0 sec.) ✅
Solving ./instances/orig/UDMIS029EXT_N90_W1.0_R0.1.orig.json...(0.0 sec.) ✅
Solving ./instances/orig/UDMIS069EXT_N100_W1.0_R0.1.orig.json...(0.0 sec.) ✅
Solving ./instances/orig/UDMIS003EXT_N15_W1.0_R0.2.orig.json...(0.0 sec.) ✅
Solving ./instances/orig/UDMIS083EXT_N36_W1.0_R0.3.orig.json...(0.0 sec.) ✅
Solving ./instances/orig/UDMIS004EXT_N25_W1.0_R0.2.orig.json...(0.0 sec.) ✅
Solving ./instances/orig/UDMIS065EXT_N90_W1.0_R0.1.orig.json...(0.0 sec.) ✅
Solving ./instances/orig/UDMIS090EXT_N49_W1.0_R0.2.orig.json...(0.0 sec.) ✅
Solving ./instances/orig/UDMIS005EXT_N25_W1.0_R0.2.orig.json...(0.0 sec.) ✅
Solving ./instances/orig/UDMIS108EXT_N120_W1.0_R0.2.orig.json...(0.0 sec.) ✅
Solving ./instances/orig/UDMIS014EXT_N40_W1.0_R0.2.orig.json...(0.0 sec.) ✅
Solving ./instances/orig/UDMIS045EXT_N30_W1.0_R0.2.orig.json...(0.0 sec.) ✅
Solving ./instances/orig/UDMIS015EXT_N40_W1.0_R0.2.orig.json...(0.0 sec.) ✅
Solving ./instances/orig/UDMIS062EXT_N80_W1.0_R0.1.orig.json...(0.0 sec.) ✅
Solving ./instances/orig/UDMIS018EXT_N49_W1.0_R0.2.orig.json...(0.0 sec.) ✅
Solving ./instances/orig/UDMIS071EXT_N120_W1.0_R0.1.orig.json...(0.0 sec.) ✅
Solving ./instances/orig/UDMIS059EXT_N70_W1.0_R0.1.orig.json...(0.0 sec.) ✅
Solving ./instances/orig/UDMIS084EXT_N36_W1.0_R0.3.orig.json...(0.0 sec.) ✅
Solving ./instances/orig/UDMIS016EXT_N49_W1.0_R0.2.orig.json...(0.0 sec.) ✅
Solving ./instances/orig/UDMIS031EXT_N100_W1.0_R0.1.orig.json...(0.0 sec.) ✅
Solving ./instances/orig/UDMIS027EXT_N80_W1.0_R0.1.orig.json...(0.0 sec.) ✅
Solving ./instances/orig/UDMIS089EXT_N49_W1.0_R0.2.orig.json...(0.0 sec.) ✅
Solving ./instances/orig/UDMIS091EXT_N60_W1.0_R0.2.orig.json...(0.0 sec.) ✅
Solving ./instances/orig/UDMIS2TG_N15_W1.0_R0.3.orig.json...(0.0 sec.) ✅
Solving ./instances/orig/UDMIS009EXT_N30_W1.0_R0.2.orig.json...(0.0 sec.) ✅
Solving ./instances/orig/UDMIS076EXT_N25_W1.0_R0.3.orig.json...(0.0 sec.) ✅
Solving ./instances/orig/UDMIS024EXT_N70_W1.0_R0.1.orig.json...(0.0 sec.) ✅
Solving ./instances/orig/UDMIS056EXT_N60_W1.0_R0.2.orig.json...(0.0 sec.) ✅
Solving ./instances/orig/UDMIS060EXT_N70_W1.0_R0.1.orig.json...(0.0 sec.) ✅
Solving ./instances/orig/UDMIS099EXT_N80_W1.0_R0.2.orig.json...(0.0 sec.) ✅
Solving ./instances/orig/UDMIS041EXT_N25_W1.0_R0.2.orig.json...(0.0 sec.) ✅
Solving ./instances/orig/UDMIS077EXT_N25_W1.0_R0.3.orig.json...(0.0 sec.) ✅
Solving ./instances/orig/UDMIS098EXT_N80_W1.0_R0.2.orig.json...(0.0 sec.) ✅
Solving ./instances/orig/UDMIS7TG_N30_W1.0_R0.1.orig.json...(0.0 sec.) ✅
Solving ./instances/orig/UDMIS106EXT_N120_W1.0_R0.2.orig.json...(0.0 sec.) ✅
Solving ./instances/orig/UDMIS5TG_N30_W1.0_R0.2.orig.json...(0.0 sec.) ✅
Solving ./instances/orig/UDMIS030EXT_N90_W1.0_R0.1.orig.json...(0.0 sec.) ✅
Solving ./instances/orig/UDMIS1TG_N8_W1.0_R0.3.orig.json...(0.0 sec.) ✅
Solving ./instances/orig/UDMIS103EXT_N100_W1.0_R0.2.orig.json...(0.0 sec.) ✅
Solving ./instances/orig/UDMIS048EXT_N36_W1.0_R0.2.orig.json...(0.0 sec.) ✅
Solving ./instances/orig/UDMIS057EXT_N60_W1.0_R0.2.orig.json...(0.0 sec.) ✅
Solving ./instances/orig/UDMIS042EXT_N25_W1.0_R0.2.orig.json...(0.0 sec.) ✅
Solving ./instances/orig/UDMIS028EXT_N90_W1.0_R0.1.orig.json...(0.0 sec.) ✅
Solving ./instances/orig/UDMIS092EXT_N60_W1.0_R0.2.orig.json...(0.0 sec.) ✅
Solving ./instances/orig/UDMIS002EXT_N15_W1.0_R0.2.orig.json...(0.0 sec.) ✅
Solving ./instances/orig/UDMIS3TG_N25_W1.0_R0.3.orig.json...(0.0 sec.) ✅
Solving ./instances/orig/UDMIS067EXT_N100_W1.0_R0.1.orig.json...(0.0 sec.) ✅
Solving ./instances/orig/UDMIS043EXT_N30_W1.0_R0.2.orig.json...(0.0 sec.) ✅
Solving ./instances/orig/UDMIS038EXT_N15_W1.0_R0.3.orig.json...(0.0 sec.) ✅
Solving ./instances/orig/UDMIS061EXT_N80_W1.0_R0.1.orig.json...(0.0 sec.) ✅
Solving ./instances/orig/UDMIS047EXT_N36_W1.0_R0.2.orig.json...(0.0 sec.) ✅
Solving ./instances/orig/UDMIS050EXT_N40_W1.0_R0.2.orig.json...(0.0 sec.) ✅
Solving ./instances/orig/UDMIS035EXT_N120_W1.0_R0.1.orig.json...(0.0 sec.) ✅
Solving ./instances/orig/UDMIS073EXT_N15_W1.0_R0.4.orig.json...(0.0 sec.) ✅
Solving ./instances/orig/UDMIS093EXT_N60_W1.0_R0.2.orig.json...(0.0 sec.) ✅
Solving ./instances/orig/UDMIS012EXT_N36_W1.0_R0.2.orig.json...(0.0 sec.) ✅
Solving ./instances/orig/UDMIS052EXT_N49_W1.0_R0.2.orig.json...(0.0 sec.) ✅
Solving ./instances/orig/UDMIS6TG_N60_W1.0_R0.2.orig.json...(0.0 sec.) ✅
Solving ./instances/orig/UDMIS036EXT_N120_W1.0_R0.1.orig.json...(0.0 sec.) ✅
Solving ./instances/orig/UDMIS032EXT_N100_W1.0_R0.1.orig.json...(0.0 sec.) ✅
Solving ./instances/orig/UDMIS008EXT_N30_W1.0_R0.2.orig.json...(0.0 sec.) ✅
Solving ./instances/orig/UDMIS4TG_N15_W1.0_R0.2.orig.json...(0.0 sec.) ✅
Solving ./instances/orig/UDMIS020EXT_N60_W1.0_R0.1.orig.json...(0.0 sec.) ✅
Solving ./instances/orig/UDMIS039EXT_N15_W1.0_R0.3.orig.json...(0.0 sec.) ✅
Solving ./instances/orig/UDMIS100EXT_N90_W1.0_R0.2.orig.json...(0.0 sec.) ✅
Solving ./instances/orig/UDMIS001EXT_N15_W1.0_R0.2.orig.json...(0.0 sec.) ✅
Solving ./instances/orig/UDMIS006EXT_N25_W1.0_R0.2.orig.json...(0.0 sec.) ✅
Solving ./instances/orig/UDMIS007EXT_N30_W1.0_R0.2.orig.json...(0.0 sec.) ✅
Solving ./instances/orig/UDMIS058EXT_N70_W1.0_R0.1.orig.json...(0.0 sec.) ✅
Solving ./instances/orig/UDMIS081EXT_N30_W1.0_R0.3.orig.json...(0.0 sec.) ✅
Solving ./instances/orig/UDMIS040EXT_N25_W1.0_R0.2.orig.json...(0.0 sec.) ✅
Solving ./instances/orig/UDMIS9TG_N150_W1.0_R0.1.orig.json...(0.0 sec.) ✅
Solving ./instances/orig/UDMIS097EXT_N80_W1.0_R0.2.orig.json...(0.0 sec.) ✅
Solving ./instances/orig/UDMIS019EXT_N60_W1.0_R0.1.orig.json...(0.0 sec.) ✅
Solving ./instances/orig/UDMIS064EXT_N90_W1.0_R0.1.orig.json...(0.0 sec.) ✅
Solving ./instances/orig/UDMIS063EXT_N80_W1.0_R0.1.orig.json...(0.0 sec.) ✅
Solving ./instances/orig/UDMIS086EXT_N40_W1.0_R0.2.orig.json...(0.0 sec.) ✅
Solving ./instances/orig/UDMIS046EXT_N36_W1.0_R0.2.orig.json...(0.0 sec.) ✅
Solving ./instances/orig/UDMIS080EXT_N30_W1.0_R0.3.orig.json...(0.0 sec.) ✅
Solving ./instances/orig/UDMIS033EXT_N100_W1.0_R0.1.orig.json...(0.0 sec.) ✅
Solving ./instances/orig/UDMIS087EXT_N40_W1.0_R0.2.orig.json...(0.0 sec.) ✅
Solving ./instances/orig/UDMIS053EXT_N49_W1.0_R0.2.orig.json...(0.0 sec.) ✅
Solving ./instances/orig/UDMIS075EXT_N15_W1.0_R0.4.orig.json...(0.0 sec.) ✅
Solving ./instances/orig/UDMIS049EXT_N40_W1.0_R0.2.orig.json...(0.0 sec.) ✅
Solving ./instances/orig/UDMIS044EXT_N30_W1.0_R0.2.orig.json...(0.0 sec.) ✅
Solving ./instances/orig/UDMIS8TG_N80_W1.0_R0.1.orig.json...(0.0 sec.) ✅
Solving ./instances/orig/UDMIS107EXT_N120_W1.0_R0.2.orig.json...(0.0 sec.) ✅
Solving ./instances/orig/UDMIS079EXT_N30_W1.0_R0.3.orig.json...(0.0 sec.) ✅
Solving ./instances/orig/UDMIS104EXT_N100_W1.0_R0.2.orig.json...(0.0 sec.) ✅
Solving ./instances/orig/UDMIS013EXT_N40_W1.0_R0.2.orig.json...(0.0 sec.) ✅
Solving ./instances/orig/UDMIS101EXT_N90_W1.0_R0.2.orig.json...(0.0 sec.) ✅
Solving ./instances/orig/UDMIS026EXT_N80_W1.0_R0.1.orig.json...(0.0 sec.) ✅
