2023-12-18 20:11:26,765 bench  INFO   started 775 run(s).
2023-12-18 20:11:26,765 bench  INFO   run start: instance_id=MWC175, args=(1000, None, None).
2023-12-18 20:11:34,145 bench  DEBUG  embedding: loaded precalculated embedding.
2023-12-18 20:11:34,161 bench  DEBUG  qpu: start.
2023-12-18 20:11:34,223 bench  DEBUG  qpu: finished.
2023-12-18 20:11:39,611 bench  INFO   run finished: success, saved to "result/dwave-1000shots-full-3/dwave-1000shots-full-3_dwave_2.0.2_1702926686.750249_0000.json".
2023-12-18 20:11:39,611 bench  INFO   run 1/775 complete.
2023-12-18 20:11:39,627 bench  INFO   run start: instance_id=MWC176, args=(1000, None, None).
2023-12-18 20:11:44,501 bench  DEBUG  embedding: loaded precalculated embedding.
2023-12-18 20:11:44,517 bench  DEBUG  qpu: start.
2023-12-18 20:11:44,595 bench  DEBUG  qpu: finished.
2023-12-18 20:11:51,081 bench  INFO   run finished: success, saved to "result/dwave-1000shots-full-3/dwave-1000shots-full-3_dwave_2.0.2_1702926686.750249_0001.json".
2023-12-18 20:11:51,097 bench  INFO   run 2/775 complete.
2023-12-18 20:11:51,097 bench  INFO   run start: instance_id=MWC177, args=(1000, None, None).
2023-12-18 20:11:59,462 bench  DEBUG  embedding: loaded precalculated embedding.
2023-12-18 20:11:59,493 bench  DEBUG  qpu: start.
2023-12-18 20:11:59,540 bench  DEBUG  qpu: finished.
2023-12-18 20:12:05,017 bench  INFO   run finished: success, saved to "result/dwave-1000shots-full-3/dwave-1000shots-full-3_dwave_2.0.2_1702926686.750249_0002.json".
2023-12-18 20:12:05,032 bench  INFO   run 3/775 complete.
2023-12-18 20:12:05,032 bench  INFO   run start: instance_id=MWC19, args=(1000, None, None).
2023-12-18 20:12:09,866 bench  DEBUG  embedding: loaded precalculated embedding.
2023-12-18 20:12:09,882 bench  DEBUG  qpu: start.
2023-12-18 20:12:09,944 bench  DEBUG  qpu: finished.
2023-12-18 20:12:16,078 bench  INFO   run finished: success, saved to "result/dwave-1000shots-full-3/dwave-1000shots-full-3_dwave_2.0.2_1702926686.750249_0003.json".
2023-12-18 20:12:16,094 bench  INFO   run 4/775 complete.
2023-12-18 20:12:16,094 bench  INFO   run start: instance_id=MWC20, args=(1000, None, None).
2023-12-18 20:12:22,142 bench  DEBUG  embedding: loaded precalculated embedding.
2023-12-18 20:12:22,173 bench  DEBUG  qpu: start.
2023-12-18 20:12:22,235 bench  DEBUG  qpu: finished.
2023-12-18 20:12:27,732 bench  INFO   run finished: success, saved to "result/dwave-1000shots-full-3/dwave-1000shots-full-3_dwave_2.0.2_1702926686.750249_0004.json".
2023-12-18 20:12:27,748 bench  INFO   run 5/775 complete.
2023-12-18 20:12:27,748 bench  INFO   run start: instance_id=MWC21, args=(1000, None, None).
2023-12-18 20:12:32,626 bench  DEBUG  embedding: loaded precalculated embedding.
2023-12-18 20:12:32,642 bench  DEBUG  qpu: start.
2023-12-18 20:12:32,704 bench  DEBUG  qpu: finished.
2023-12-18 20:12:39,576 bench  INFO   run finished: success, saved to "result/dwave-1000shots-full-3/dwave-1000shots-full-3_dwave_2.0.2_1702926686.750249_0005.json".
2023-12-18 20:12:39,592 bench  INFO   run 6/775 complete.
2023-12-18 20:12:39,592 bench  INFO   run start: instance_id=MWC253, args=(1000, None, None).
2023-12-18 20:12:49,251 bench  DEBUG  embedding: loaded precalculated embedding.
2023-12-18 20:12:49,267 bench  DEBUG  qpu: start.
2023-12-18 20:12:49,329 bench  DEBUG  qpu: finished.
2023-12-18 20:12:55,267 bench  INFO   run finished: success, saved to "result/dwave-1000shots-full-3/dwave-1000shots-full-3_dwave_2.0.2_1702926686.750249_0006.json".
2023-12-18 20:12:55,283 bench  INFO   run 7/775 complete.
2023-12-18 20:12:55,283 bench  INFO   run start: instance_id=MWC254, args=(1000, None, None).
2023-12-18 20:13:00,412 bench  DEBUG  embedding: loaded precalculated embedding.
2023-12-18 20:13:00,428 bench  DEBUG  qpu: start.
2023-12-18 20:13:00,506 bench  DEBUG  qpu: finished.
2023-12-18 20:13:06,140 bench  INFO   run finished: success, saved to "result/dwave-1000shots-full-3/dwave-1000shots-full-3_dwave_2.0.2_1702926686.750249_0007.json".
2023-12-18 20:13:06,140 bench  INFO   run 8/775 complete.
2023-12-18 20:13:06,140 bench  INFO   run start: instance_id=MWC255, args=(1000, None, None).
2023-12-18 20:13:13,378 bench  DEBUG  embedding: loaded precalculated embedding.
2023-12-18 20:13:13,409 bench  DEBUG  qpu: start.
2023-12-18 20:13:13,472 bench  DEBUG  qpu: finished.
2023-12-18 20:13:18,880 bench  INFO   run finished: success, saved to "result/dwave-1000shots-full-3/dwave-1000shots-full-3_dwave_2.0.2_1702926686.750249_0008.json".
2023-12-18 20:13:18,896 bench  INFO   run 9/775 complete.
2023-12-18 20:13:18,896 bench  INFO   run start: instance_id=MWC331, args=(1000, None, None).
2023-12-18 20:13:22,828 bench  DEBUG  embedding: loaded precalculated embedding.
2023-12-18 20:13:22,859 bench  DEBUG  qpu: start.
2023-12-18 20:13:22,921 bench  DEBUG  qpu: finished.
2023-12-18 20:13:28,141 bench  INFO   run finished: success, saved to "result/dwave-1000shots-full-3/dwave-1000shots-full-3_dwave_2.0.2_1702926686.750249_0009.json".
2023-12-18 20:13:28,157 bench  INFO   run 10/775 complete.
2023-12-18 20:13:28,157 bench  INFO   run start: instance_id=MWC332, args=(1000, None, None).
2023-12-18 20:13:33,408 bench  DEBUG  embedding: loaded precalculated embedding.
2023-12-18 20:13:34,892 bench  DEBUG  qpu: start.
2023-12-18 20:13:34,955 bench  DEBUG  qpu: finished.
2023-12-18 20:13:40,457 bench  INFO   run finished: success, saved to "result/dwave-1000shots-full-3/dwave-1000shots-full-3_dwave_2.0.2_1702926686.750249_0010.json".
2023-12-18 20:13:40,473 bench  INFO   run 11/775 complete.
2023-12-18 20:13:40,473 bench  INFO   run start: instance_id=MWC333, args=(1000, None, None).
2023-12-18 20:13:45,580 bench  DEBUG  embedding: loaded precalculated embedding.
2023-12-18 20:13:45,596 bench  DEBUG  qpu: start.
2023-12-18 20:13:45,658 bench  DEBUG  qpu: finished.
2023-12-18 20:13:51,346 bench  INFO   run finished: success, saved to "result/dwave-1000shots-full-3/dwave-1000shots-full-3_dwave_2.0.2_1702926686.750249_0011.json".
2023-12-18 20:13:51,361 bench  INFO   run 12/775 complete.
2023-12-18 20:13:51,361 bench  INFO   run start: instance_id=MWC97, args=(1000, None, None).
2023-12-18 20:13:55,643 bench  DEBUG  embedding: loaded precalculated embedding.
2023-12-18 20:13:55,658 bench  DEBUG  qpu: start.
2023-12-18 20:13:55,721 bench  DEBUG  qpu: finished.
2023-12-18 20:14:01,050 bench  INFO   run finished: success, saved to "result/dwave-1000shots-full-3/dwave-1000shots-full-3_dwave_2.0.2_1702926686.750249_0012.json".
2023-12-18 20:14:01,050 bench  INFO   run 13/775 complete.
2023-12-18 20:14:01,050 bench  INFO   run start: instance_id=MWC98, args=(1000, None, None).
2023-12-18 20:14:05,679 bench  DEBUG  embedding: loaded precalculated embedding.
2023-12-18 20:14:05,694 bench  DEBUG  qpu: start.
2023-12-18 20:14:05,757 bench  DEBUG  qpu: finished.
2023-12-18 20:14:11,328 bench  INFO   run finished: success, saved to "result/dwave-1000shots-full-3/dwave-1000shots-full-3_dwave_2.0.2_1702926686.750249_0013.json".
2023-12-18 20:14:11,343 bench  INFO   run 14/775 complete.
2023-12-18 20:14:11,343 bench  INFO   run start: instance_id=MWC99, args=(1000, None, None).
2023-12-18 20:14:18,716 bench  DEBUG  embedding: loaded precalculated embedding.
2023-12-18 20:14:18,748 bench  DEBUG  qpu: start.
2023-12-18 20:14:18,795 bench  DEBUG  qpu: finished.
2023-12-18 20:14:24,652 bench  INFO   run finished: success, saved to "result/dwave-1000shots-full-3/dwave-1000shots-full-3_dwave_2.0.2_1702926686.750249_0014.json".
2023-12-18 20:14:24,652 bench  INFO   run 15/775 complete.
2023-12-18 20:14:24,652 bench  INFO   run start: instance_id=UDMIS091, args=(1000, None, None).
2023-12-18 20:14:28,633 bench  INFO   run finished: failure, saved to "result/dwave-1000shots-full-3/dwave-1000shots-full-3_dwave_2.0.2_1702926686.750249_0015.json".
2023-12-18 20:14:28,633 bench  INFO   run 16/775 complete.
2023-12-18 20:14:28,633 bench  INFO   run start: instance_id=UDMIS092, args=(1000, None, None).
2023-12-18 20:14:31,149 bench  INFO   run finished: failure, saved to "result/dwave-1000shots-full-3/dwave-1000shots-full-3_dwave_2.0.2_1702926686.750249_0016.json".
2023-12-18 20:14:31,149 bench  INFO   run 17/775 complete.
2023-12-18 20:14:31,149 bench  INFO   run start: instance_id=UDMIS093, args=(1000, None, None).
2023-12-18 20:14:33,634 bench  INFO   run finished: failure, saved to "result/dwave-1000shots-full-3/dwave-1000shots-full-3_dwave_2.0.2_1702926686.750249_0017.json".
2023-12-18 20:14:33,634 bench  INFO   run 18/775 complete.
2023-12-18 20:14:33,634 bench  INFO   run start: instance_id=UDMIS094, args=(1000, None, None).
2023-12-18 20:14:38,353 bench  INFO   run finished: failure, saved to "result/dwave-1000shots-full-3/dwave-1000shots-full-3_dwave_2.0.2_1702926686.750249_0018.json".
2023-12-18 20:14:38,353 bench  INFO   run 19/775 complete.
2023-12-18 20:14:38,353 bench  INFO   run start: instance_id=UDMIS095, args=(1000, None, None).
2023-12-18 20:14:40,930 bench  INFO   run finished: failure, saved to "result/dwave-1000shots-full-3/dwave-1000shots-full-3_dwave_2.0.2_1702926686.750249_0019.json".
2023-12-18 20:14:40,930 bench  INFO   run 20/775 complete.
2023-12-18 20:14:40,930 bench  INFO   run start: instance_id=UDMIS096, args=(1000, None, None).
2023-12-18 20:14:43,347 bench  INFO   run finished: failure, saved to "result/dwave-1000shots-full-3/dwave-1000shots-full-3_dwave_2.0.2_1702926686.750249_0020.json".
2023-12-18 20:14:43,347 bench  INFO   run 21/775 complete.
2023-12-18 20:14:43,347 bench  INFO   run start: instance_id=UDMIS097, args=(1000, None, None).
2023-12-18 20:14:45,880 bench  INFO   run finished: failure, saved to "result/dwave-1000shots-full-3/dwave-1000shots-full-3_dwave_2.0.2_1702926686.750249_0021.json".
2023-12-18 20:14:45,880 bench  INFO   run 22/775 complete.
2023-12-18 20:14:45,880 bench  INFO   run start: instance_id=UDMIS098, args=(1000, None, None).
2023-12-18 20:14:48,300 bench  INFO   run finished: failure, saved to "result/dwave-1000shots-full-3/dwave-1000shots-full-3_dwave_2.0.2_1702926686.750249_0022.json".
2023-12-18 20:14:48,300 bench  INFO   run 23/775 complete.
2023-12-18 20:14:48,300 bench  INFO   run start: instance_id=UDMIS099, args=(1000, None, None).
2023-12-18 20:14:50,815 bench  INFO   run finished: failure, saved to "result/dwave-1000shots-full-3/dwave-1000shots-full-3_dwave_2.0.2_1702926686.750249_0023.json".
2023-12-18 20:14:50,815 bench  INFO   run 24/775 complete.
2023-12-18 20:14:50,815 bench  INFO   run start: instance_id=UDMIS100, args=(1000, None, None).
2023-12-18 20:14:55,428 bench  INFO   run finished: failure, saved to "result/dwave-1000shots-full-3/dwave-1000shots-full-3_dwave_2.0.2_1702926686.750249_0024.json".
2023-12-18 20:14:55,428 bench  INFO   run 25/775 complete.
2023-12-18 20:14:55,428 bench  INFO   run start: instance_id=UDMIS101, args=(1000, None, None).
2023-12-18 20:14:58,012 bench  INFO   run finished: failure, saved to "result/dwave-1000shots-full-3/dwave-1000shots-full-3_dwave_2.0.2_1702926686.750249_0025.json".
2023-12-18 20:14:58,012 bench  INFO   run 26/775 complete.
2023-12-18 20:14:58,012 bench  INFO   run start: instance_id=UDMIS102, args=(1000, None, None).
2023-12-18 20:15:00,541 bench  INFO   run finished: failure, saved to "result/dwave-1000shots-full-3/dwave-1000shots-full-3_dwave_2.0.2_1702926686.750249_0026.json".
2023-12-18 20:15:00,541 bench  INFO   run 27/775 complete.
2023-12-18 20:15:00,541 bench  INFO   run start: instance_id=UDMIS103, args=(1000, None, None).
2023-12-18 20:15:03,034 bench  INFO   run finished: failure, saved to "result/dwave-1000shots-full-3/dwave-1000shots-full-3_dwave_2.0.2_1702926686.750249_0027.json".
2023-12-18 20:15:03,034 bench  INFO   run 28/775 complete.
2023-12-18 20:15:03,034 bench  INFO   run start: instance_id=UDMIS104, args=(1000, None, None).
2023-12-18 20:15:05,471 bench  INFO   run finished: failure, saved to "result/dwave-1000shots-full-3/dwave-1000shots-full-3_dwave_2.0.2_1702926686.750249_0028.json".
2023-12-18 20:15:05,471 bench  INFO   run 29/775 complete.
2023-12-18 20:15:05,471 bench  INFO   run start: instance_id=UDMIS105, args=(1000, None, None).
2023-12-18 20:15:07,993 bench  INFO   run finished: failure, saved to "result/dwave-1000shots-full-3/dwave-1000shots-full-3_dwave_2.0.2_1702926686.750249_0029.json".
2023-12-18 20:15:07,993 bench  INFO   run 30/775 complete.
2023-12-18 20:15:07,993 bench  INFO   run start: instance_id=UDMIS022EXT, args=(1000, None, None).
2023-12-18 20:15:13,436 bench  DEBUG  embedding: loaded precalculated embedding.
2023-12-18 20:15:13,452 bench  DEBUG  qpu: start.
2023-12-18 20:15:13,468 bench  DEBUG  qpu: finished.
2023-12-18 20:15:18,748 bench  INFO   run finished: success, saved to "result/dwave-1000shots-full-3/dwave-1000shots-full-3_dwave_2.0.2_1702926686.750249_0030.json".
2023-12-18 20:15:18,748 bench  INFO   run 31/775 complete.
2023-12-18 20:15:18,748 bench  INFO   run start: instance_id=UDMIS023EXT, args=(1000, None, None).
2023-12-18 20:15:21,215 bench  DEBUG  embedding: loaded precalculated embedding.
2023-12-18 20:15:21,230 bench  DEBUG  qpu: start.
2023-12-18 20:15:21,246 bench  DEBUG  qpu: finished.
2023-12-18 20:15:26,419 bench  INFO   run finished: success, saved to "result/dwave-1000shots-full-3/dwave-1000shots-full-3_dwave_2.0.2_1702926686.750249_0031.json".
2023-12-18 20:15:26,434 bench  INFO   run 32/775 complete.
2023-12-18 20:15:26,434 bench  INFO   run start: instance_id=UDMIS024EXT, args=(1000, None, None).
2023-12-18 20:15:28,997 bench  DEBUG  embedding: loaded precalculated embedding.
2023-12-18 20:15:29,013 bench  DEBUG  qpu: start.
2023-12-18 20:15:29,028 bench  DEBUG  qpu: finished.
2023-12-18 20:15:34,223 bench  INFO   run finished: success, saved to "result/dwave-1000shots-full-3/dwave-1000shots-full-3_dwave_2.0.2_1702926686.750249_0032.json".
2023-12-18 20:15:34,223 bench  INFO   run 33/775 complete.
2023-12-18 20:15:34,223 bench  INFO   run start: instance_id=UDMIS058EXT, args=(1000, None, None).
2023-12-18 20:15:36,661 bench  DEBUG  embedding: loaded precalculated embedding.
2023-12-18 20:15:36,676 bench  DEBUG  qpu: start.
2023-12-18 20:15:36,707 bench  DEBUG  qpu: finished.
2023-12-18 20:15:41,948 bench  INFO   run finished: success, saved to "result/dwave-1000shots-full-3/dwave-1000shots-full-3_dwave_2.0.2_1702926686.750249_0033.json".
2023-12-18 20:15:41,964 bench  INFO   run 34/775 complete.
2023-12-18 20:15:41,964 bench  INFO   run start: instance_id=UDMIS059EXT, args=(1000, None, None).
2023-12-18 20:15:44,479 bench  DEBUG  embedding: loaded precalculated embedding.
2023-12-18 20:15:44,479 bench  DEBUG  qpu: start.
2023-12-18 20:15:44,511 bench  DEBUG  qpu: finished.
2023-12-18 20:15:49,669 bench  INFO   run finished: success, saved to "result/dwave-1000shots-full-3/dwave-1000shots-full-3_dwave_2.0.2_1702926686.750249_0034.json".
2023-12-18 20:15:49,669 bench  INFO   run 35/775 complete.
2023-12-18 20:15:49,685 bench  INFO   run start: instance_id=UDMIS060EXT, args=(1000, None, None).
2023-12-18 20:15:52,223 bench  DEBUG  embedding: loaded precalculated embedding.
2023-12-18 20:15:52,238 bench  DEBUG  qpu: start.
2023-12-18 20:15:52,269 bench  DEBUG  qpu: finished.
2023-12-18 20:15:57,453 bench  INFO   run finished: success, saved to "result/dwave-1000shots-full-3/dwave-1000shots-full-3_dwave_2.0.2_1702926686.750249_0035.json".
2023-12-18 20:15:57,468 bench  INFO   run 36/775 complete.
2023-12-18 20:15:57,468 bench  INFO   run start: instance_id=UDMIS094EXT, args=(1000, None, None).
2023-12-18 20:16:00,019 bench  DEBUG  embedding: loaded precalculated embedding.
2023-12-18 20:16:00,019 bench  DEBUG  qpu: start.
2023-12-18 20:16:00,050 bench  DEBUG  qpu: finished.
2023-12-18 20:16:05,192 bench  INFO   run finished: success, saved to "result/dwave-1000shots-full-3/dwave-1000shots-full-3_dwave_2.0.2_1702926686.750249_0036.json".
2023-12-18 20:16:05,207 bench  INFO   run 37/775 complete.
2023-12-18 20:16:05,207 bench  INFO   run start: instance_id=UDMIS095EXT, args=(1000, None, None).
2023-12-18 20:16:07,895 bench  DEBUG  embedding: loaded precalculated embedding.
2023-12-18 20:16:07,910 bench  DEBUG  qpu: start.
2023-12-18 20:16:07,942 bench  DEBUG  qpu: finished.
2023-12-18 20:16:13,051 bench  INFO   run finished: success, saved to "result/dwave-1000shots-full-3/dwave-1000shots-full-3_dwave_2.0.2_1702926686.750249_0037.json".
2023-12-18 20:16:13,051 bench  INFO   run 38/775 complete.
2023-12-18 20:16:13,051 bench  INFO   run start: instance_id=UDMIS096EXT, args=(1000, None, None).
2023-12-18 20:16:19,504 bench  DEBUG  embedding: loaded precalculated embedding.
2023-12-18 20:16:19,520 bench  DEBUG  qpu: start.
2023-12-18 20:16:19,551 bench  DEBUG  qpu: finished.
2023-12-18 20:16:24,660 bench  INFO   run finished: success, saved to "result/dwave-1000shots-full-3/dwave-1000shots-full-3_dwave_2.0.2_1702926686.750249_0038.json".
2023-12-18 20:16:24,676 bench  INFO   run 39/775 complete.
2023-12-18 20:16:24,676 bench  INFO   run start: instance_id=MWC100, args=(1000, None, None).
2023-12-18 20:16:27,333 bench  DEBUG  embedding: loaded precalculated embedding.
2023-12-18 20:16:27,348 bench  DEBUG  qpu: start.
2023-12-18 20:16:27,426 bench  DEBUG  qpu: finished.
2023-12-18 20:16:33,005 bench  INFO   run finished: success, saved to "result/dwave-1000shots-full-3/dwave-1000shots-full-3_dwave_2.0.2_1702926686.750249_0039.json".
2023-12-18 20:16:33,020 bench  INFO   run 40/775 complete.
2023-12-18 20:16:33,020 bench  INFO   run start: instance_id=MWC101, args=(1000, None, None).
2023-12-18 20:16:35,598 bench  DEBUG  embedding: loaded precalculated embedding.
2023-12-18 20:16:35,614 bench  DEBUG  qpu: start.
2023-12-18 20:16:35,708 bench  DEBUG  qpu: finished.
2023-12-18 20:16:41,583 bench  INFO   run finished: success, saved to "result/dwave-1000shots-full-3/dwave-1000shots-full-3_dwave_2.0.2_1702926686.750249_0040.json".
2023-12-18 20:16:41,598 bench  INFO   run 41/775 complete.
2023-12-18 20:16:41,598 bench  INFO   run start: instance_id=MWC102, args=(1000, None, None).
2023-12-18 20:16:44,683 bench  DEBUG  embedding: loaded precalculated embedding.
2023-12-18 20:16:44,699 bench  DEBUG  qpu: start.
2023-12-18 20:16:44,777 bench  DEBUG  qpu: finished.
2023-12-18 20:16:51,677 bench  INFO   run finished: success, saved to "result/dwave-1000shots-full-3/dwave-1000shots-full-3_dwave_2.0.2_1702926686.750249_0041.json".
2023-12-18 20:16:51,692 bench  INFO   run 42/775 complete.
2023-12-18 20:16:51,692 bench  INFO   run start: instance_id=MWC178, args=(1000, None, None).
2023-12-18 20:16:56,661 bench  DEBUG  embedding: loaded precalculated embedding.
2023-12-18 20:16:56,692 bench  DEBUG  qpu: start.
2023-12-18 20:16:56,755 bench  DEBUG  qpu: finished.
2023-12-18 20:17:02,202 bench  INFO   run finished: success, saved to "result/dwave-1000shots-full-3/dwave-1000shots-full-3_dwave_2.0.2_1702926686.750249_0042.json".
2023-12-18 20:17:02,202 bench  INFO   run 43/775 complete.
2023-12-18 20:17:02,202 bench  INFO   run start: instance_id=MWC179, args=(1000, None, None).
2023-12-18 20:17:04,686 bench  DEBUG  embedding: loaded precalculated embedding.
2023-12-18 20:17:04,718 bench  DEBUG  qpu: start.
2023-12-18 20:17:04,796 bench  DEBUG  qpu: finished.
2023-12-18 20:17:10,750 bench  INFO   run finished: success, saved to "result/dwave-1000shots-full-3/dwave-1000shots-full-3_dwave_2.0.2_1702926686.750249_0043.json".
2023-12-18 20:17:10,765 bench  INFO   run 44/775 complete.
2023-12-18 20:17:10,765 bench  INFO   run start: instance_id=MWC180, args=(1000, None, None).
2023-12-18 20:17:13,468 bench  DEBUG  embedding: loaded precalculated embedding.
2023-12-18 20:17:13,484 bench  DEBUG  qpu: start.
2023-12-18 20:17:13,562 bench  DEBUG  qpu: finished.
2023-12-18 20:17:19,356 bench  INFO   run finished: success, saved to "result/dwave-1000shots-full-3/dwave-1000shots-full-3_dwave_2.0.2_1702926686.750249_0044.json".
2023-12-18 20:17:19,371 bench  INFO   run 45/775 complete.
2023-12-18 20:17:19,371 bench  INFO   run start: instance_id=MWC22, args=(1000, None, None).
2023-12-18 20:17:22,090 bench  DEBUG  embedding: loaded precalculated embedding.
2023-12-18 20:17:22,106 bench  DEBUG  qpu: start.
2023-12-18 20:17:22,184 bench  DEBUG  qpu: finished.
2023-12-18 20:17:27,713 bench  INFO   run finished: success, saved to "result/dwave-1000shots-full-3/dwave-1000shots-full-3_dwave_2.0.2_1702926686.750249_0045.json".
2023-12-18 20:17:27,729 bench  INFO   run 46/775 complete.
2023-12-18 20:17:27,729 bench  INFO   run start: instance_id=MWC23, args=(1000, None, None).
2023-12-18 20:17:30,380 bench  DEBUG  embedding: loaded precalculated embedding.
2023-12-18 20:17:30,412 bench  DEBUG  qpu: start.
2023-12-18 20:17:30,505 bench  DEBUG  qpu: finished.
2023-12-18 20:17:36,787 bench  INFO   run finished: success, saved to "result/dwave-1000shots-full-3/dwave-1000shots-full-3_dwave_2.0.2_1702926686.750249_0046.json".
2023-12-18 20:17:36,803 bench  INFO   run 47/775 complete.
2023-12-18 20:17:36,803 bench  INFO   run start: instance_id=MWC24, args=(1000, None, None).
2023-12-18 20:17:41,170 bench  DEBUG  embedding: loaded precalculated embedding.
2023-12-18 20:17:41,201 bench  DEBUG  qpu: start.
2023-12-18 20:17:41,264 bench  DEBUG  qpu: finished.
2023-12-18 20:17:47,013 bench  INFO   run finished: success, saved to "result/dwave-1000shots-full-3/dwave-1000shots-full-3_dwave_2.0.2_1702926686.750249_0047.json".
2023-12-18 20:17:47,028 bench  INFO   run 48/775 complete.
2023-12-18 20:17:47,028 bench  INFO   run start: instance_id=MWC256, args=(1000, None, None).
2023-12-18 20:17:56,452 bench  DEBUG  embedding: loaded precalculated embedding.
2023-12-18 20:17:56,467 bench  DEBUG  qpu: start.
2023-12-18 20:17:56,545 bench  DEBUG  qpu: finished.
2023-12-18 20:18:02,179 bench  INFO   run finished: success, saved to "result/dwave-1000shots-full-3/dwave-1000shots-full-3_dwave_2.0.2_1702926686.750249_0048.json".
2023-12-18 20:18:02,194 bench  INFO   run 49/775 complete.
2023-12-18 20:18:02,194 bench  INFO   run start: instance_id=MWC257, args=(1000, None, None).
2023-12-18 20:18:06,079 bench  DEBUG  embedding: loaded precalculated embedding.
2023-12-18 20:18:06,095 bench  DEBUG  qpu: start.
2023-12-18 20:18:06,173 bench  DEBUG  qpu: finished.
2023-12-18 20:18:11,877 bench  INFO   run finished: success, saved to "result/dwave-1000shots-full-3/dwave-1000shots-full-3_dwave_2.0.2_1702926686.750249_0049.json".
2023-12-18 20:18:11,892 bench  INFO   run 50/775 complete.
2023-12-18 20:18:11,892 bench  INFO   run start: instance_id=MWC258, args=(1000, None, None).
2023-12-18 20:18:15,817 bench  DEBUG  embedding: loaded precalculated embedding.
2023-12-18 20:18:15,848 bench  DEBUG  qpu: start.
2023-12-18 20:18:15,926 bench  DEBUG  qpu: finished.
2023-12-18 20:18:21,719 bench  INFO   run finished: success, saved to "result/dwave-1000shots-full-3/dwave-1000shots-full-3_dwave_2.0.2_1702926686.750249_0050.json".
2023-12-18 20:18:21,735 bench  INFO   run 51/775 complete.
2023-12-18 20:18:21,735 bench  INFO   run start: instance_id=MWC334, args=(1000, None, None).
2023-12-18 20:18:25,664 bench  DEBUG  embedding: loaded precalculated embedding.
2023-12-18 20:18:25,680 bench  DEBUG  qpu: start.
2023-12-18 20:18:25,758 bench  DEBUG  qpu: finished.
2023-12-18 20:18:31,524 bench  INFO   run finished: success, saved to "result/dwave-1000shots-full-3/dwave-1000shots-full-3_dwave_2.0.2_1702926686.750249_0051.json".
2023-12-18 20:18:31,540 bench  INFO   run 52/775 complete.
2023-12-18 20:18:31,540 bench  INFO   run start: instance_id=MWC335, args=(1000, None, None).
2023-12-18 20:18:34,274 bench  DEBUG  embedding: loaded precalculated embedding.
2023-12-18 20:18:34,290 bench  DEBUG  qpu: start.
2023-12-18 20:18:34,368 bench  DEBUG  qpu: finished.
2023-12-18 20:18:40,100 bench  INFO   run finished: success, saved to "result/dwave-1000shots-full-3/dwave-1000shots-full-3_dwave_2.0.2_1702926686.750249_0052.json".
2023-12-18 20:18:40,116 bench  INFO   run 53/775 complete.
2023-12-18 20:18:40,116 bench  INFO   run start: instance_id=MWC336, args=(1000, None, None).
2023-12-18 20:18:42,920 bench  DEBUG  embedding: loaded precalculated embedding.
2023-12-18 20:18:42,935 bench  DEBUG  qpu: start.
2023-12-18 20:18:43,013 bench  DEBUG  qpu: finished.
2023-12-18 20:18:48,761 bench  INFO   run finished: success, saved to "result/dwave-1000shots-full-3/dwave-1000shots-full-3_dwave_2.0.2_1702926686.750249_0053.json".
2023-12-18 20:18:48,761 bench  INFO   run 54/775 complete.
2023-12-18 20:18:48,761 bench  INFO   run start: instance_id=UDMIS106, args=(1000, None, None).
2023-12-18 20:18:51,563 bench  INFO   run finished: failure, saved to "result/dwave-1000shots-full-3/dwave-1000shots-full-3_dwave_2.0.2_1702926686.750249_0054.json".
2023-12-18 20:18:51,563 bench  INFO   run 55/775 complete.
2023-12-18 20:18:51,563 bench  INFO   run start: instance_id=UDMIS107, args=(1000, None, None).
2023-12-18 20:18:54,392 bench  INFO   run finished: failure, saved to "result/dwave-1000shots-full-3/dwave-1000shots-full-3_dwave_2.0.2_1702926686.750249_0055.json".
2023-12-18 20:18:54,392 bench  INFO   run 56/775 complete.
2023-12-18 20:18:54,392 bench  INFO   run start: instance_id=UDMIS108, args=(1000, None, None).
2023-12-18 20:18:57,148 bench  INFO   run finished: failure, saved to "result/dwave-1000shots-full-3/dwave-1000shots-full-3_dwave_2.0.2_1702926686.750249_0056.json".
2023-12-18 20:18:57,148 bench  INFO   run 57/775 complete.
2023-12-18 20:18:57,148 bench  INFO   run start: instance_id=UDMIS109, args=(1000, None, None).
2023-12-18 20:18:59,913 bench  INFO   run finished: failure, saved to "result/dwave-1000shots-full-3/dwave-1000shots-full-3_dwave_2.0.2_1702926686.750249_0057.json".
2023-12-18 20:18:59,913 bench  INFO   run 58/775 complete.
2023-12-18 20:18:59,913 bench  INFO   run start: instance_id=UDMIS110, args=(1000, None, None).
2023-12-18 20:19:02,612 bench  INFO   run finished: failure, saved to "result/dwave-1000shots-full-3/dwave-1000shots-full-3_dwave_2.0.2_1702926686.750249_0058.json".
2023-12-18 20:19:02,612 bench  INFO   run 59/775 complete.
2023-12-18 20:19:02,612 bench  INFO   run start: instance_id=UDMIS111, args=(1000, None, None).
2023-12-18 20:19:05,300 bench  INFO   run finished: failure, saved to "result/dwave-1000shots-full-3/dwave-1000shots-full-3_dwave_2.0.2_1702926686.750249_0059.json".
2023-12-18 20:19:05,300 bench  INFO   run 60/775 complete.
2023-12-18 20:19:05,300 bench  INFO   run start: instance_id=UDMIS112, args=(1000, None, None).
2023-12-18 20:19:15,805 bench  INFO   run finished: failure, saved to "result/dwave-1000shots-full-3/dwave-1000shots-full-3_dwave_2.0.2_1702926686.750249_0060.json".
2023-12-18 20:19:15,805 bench  INFO   run 61/775 complete.
2023-12-18 20:19:15,805 bench  INFO   run start: instance_id=UDMIS113, args=(1000, None, None).
2023-12-18 20:19:18,495 bench  INFO   run finished: failure, saved to "result/dwave-1000shots-full-3/dwave-1000shots-full-3_dwave_2.0.2_1702926686.750249_0061.json".
2023-12-18 20:19:18,495 bench  INFO   run 62/775 complete.
2023-12-18 20:19:18,495 bench  INFO   run start: instance_id=UDMIS114, args=(1000, None, None).
2023-12-18 20:19:21,267 bench  INFO   run finished: failure, saved to "result/dwave-1000shots-full-3/dwave-1000shots-full-3_dwave_2.0.2_1702926686.750249_0062.json".
2023-12-18 20:19:21,267 bench  INFO   run 63/775 complete.
2023-12-18 20:19:21,267 bench  INFO   run start: instance_id=UDMIS115, args=(1000, None, None).
2023-12-18 20:19:24,548 bench  INFO   run finished: failure, saved to "result/dwave-1000shots-full-3/dwave-1000shots-full-3_dwave_2.0.2_1702926686.750249_0063.json".
2023-12-18 20:19:24,548 bench  INFO   run 64/775 complete.
2023-12-18 20:19:24,548 bench  INFO   run start: instance_id=UDMIS116, args=(1000, None, None).
2023-12-18 20:19:27,399 bench  INFO   run finished: failure, saved to "result/dwave-1000shots-full-3/dwave-1000shots-full-3_dwave_2.0.2_1702926686.750249_0064.json".
2023-12-18 20:19:27,414 bench  INFO   run 65/775 complete.
2023-12-18 20:19:27,414 bench  INFO   run start: instance_id=UDMIS117, args=(1000, None, None).
2023-12-18 20:19:30,171 bench  INFO   run finished: failure, saved to "result/dwave-1000shots-full-3/dwave-1000shots-full-3_dwave_2.0.2_1702926686.750249_0065.json".
2023-12-18 20:19:30,171 bench  INFO   run 66/775 complete.
2023-12-18 20:19:30,171 bench  INFO   run start: instance_id=UDMIS118, args=(1000, None, None).
2023-12-18 20:19:32,937 bench  INFO   run finished: failure, saved to "result/dwave-1000shots-full-3/dwave-1000shots-full-3_dwave_2.0.2_1702926686.750249_0066.json".
2023-12-18 20:19:32,937 bench  INFO   run 67/775 complete.
2023-12-18 20:19:32,937 bench  INFO   run start: instance_id=UDMIS119, args=(1000, None, None).
2023-12-18 20:19:35,653 bench  INFO   run finished: failure, saved to "result/dwave-1000shots-full-3/dwave-1000shots-full-3_dwave_2.0.2_1702926686.750249_0067.json".
2023-12-18 20:19:35,653 bench  INFO   run 68/775 complete.
2023-12-18 20:19:35,653 bench  INFO   run start: instance_id=UDMIS120, args=(1000, None, None).
2023-12-18 20:19:38,516 bench  INFO   run finished: failure, saved to "result/dwave-1000shots-full-3/dwave-1000shots-full-3_dwave_2.0.2_1702926686.750249_0068.json".
2023-12-18 20:19:38,516 bench  INFO   run 69/775 complete.
2023-12-18 20:19:38,516 bench  INFO   run start: instance_id=UDMIS025EXT, args=(1000, None, None).
2023-12-18 20:19:41,274 bench  DEBUG  embedding: loaded precalculated embedding.
2023-12-18 20:19:41,290 bench  DEBUG  qpu: start.
2023-12-18 20:19:41,321 bench  DEBUG  qpu: finished.
2023-12-18 20:19:46,592 bench  INFO   run finished: success, saved to "result/dwave-1000shots-full-3/dwave-1000shots-full-3_dwave_2.0.2_1702926686.750249_0069.json".
2023-12-18 20:19:46,608 bench  INFO   run 70/775 complete.
2023-12-18 20:19:46,608 bench  INFO   run start: instance_id=UDMIS026EXT, args=(1000, None, None).
2023-12-18 20:19:49,239 bench  DEBUG  embedding: loaded precalculated embedding.
2023-12-18 20:19:49,255 bench  DEBUG  qpu: start.
2023-12-18 20:19:49,270 bench  DEBUG  qpu: finished.
2023-12-18 20:19:54,433 bench  INFO   run finished: success, saved to "result/dwave-1000shots-full-3/dwave-1000shots-full-3_dwave_2.0.2_1702926686.750249_0070.json".
2023-12-18 20:19:54,433 bench  INFO   run 71/775 complete.
2023-12-18 20:19:54,433 bench  INFO   run start: instance_id=UDMIS027EXT, args=(1000, None, None).
2023-12-18 20:19:57,203 bench  DEBUG  embedding: loaded precalculated embedding.
2023-12-18 20:19:57,203 bench  DEBUG  qpu: start.
2023-12-18 20:19:57,234 bench  DEBUG  qpu: finished.
2023-12-18 20:20:02,462 bench  INFO   run finished: success, saved to "result/dwave-1000shots-full-3/dwave-1000shots-full-3_dwave_2.0.2_1702926686.750249_0071.json".
2023-12-18 20:20:02,462 bench  INFO   run 72/775 complete.
2023-12-18 20:20:02,462 bench  INFO   run start: instance_id=UDMIS061EXT, args=(1000, None, None).
2023-12-18 20:20:05,102 bench  DEBUG  embedding: loaded precalculated embedding.
2023-12-18 20:20:05,102 bench  DEBUG  qpu: start.
2023-12-18 20:20:05,133 bench  DEBUG  qpu: finished.
2023-12-18 20:20:10,825 bench  INFO   run finished: success, saved to "result/dwave-1000shots-full-3/dwave-1000shots-full-3_dwave_2.0.2_1702926686.750249_0072.json".
2023-12-18 20:20:10,841 bench  INFO   run 73/775 complete.
2023-12-18 20:20:10,841 bench  INFO   run start: instance_id=UDMIS062EXT, args=(1000, None, None).
2023-12-18 20:20:13,528 bench  DEBUG  embedding: loaded precalculated embedding.
2023-12-18 20:20:13,544 bench  DEBUG  qpu: start.
2023-12-18 20:20:13,575 bench  DEBUG  qpu: finished.
2023-12-18 20:20:18,945 bench  INFO   run finished: success, saved to "result/dwave-1000shots-full-3/dwave-1000shots-full-3_dwave_2.0.2_1702926686.750249_0073.json".
2023-12-18 20:20:18,945 bench  INFO   run 74/775 complete.
2023-12-18 20:20:18,945 bench  INFO   run start: instance_id=UDMIS063EXT, args=(1000, None, None).
2023-12-18 20:20:21,664 bench  DEBUG  embedding: loaded precalculated embedding.
2023-12-18 20:20:21,680 bench  DEBUG  qpu: start.
2023-12-18 20:20:21,711 bench  DEBUG  qpu: finished.
2023-12-18 20:20:26,899 bench  INFO   run finished: success, saved to "result/dwave-1000shots-full-3/dwave-1000shots-full-3_dwave_2.0.2_1702926686.750249_0074.json".
2023-12-18 20:20:26,914 bench  INFO   run 75/775 complete.
2023-12-18 20:20:26,914 bench  INFO   run start: instance_id=UDMIS097EXT, args=(1000, None, None).
2023-12-18 20:20:36,511 bench  DEBUG  embedding: loaded precalculated embedding.
2023-12-18 20:20:36,527 bench  DEBUG  qpu: start.
2023-12-18 20:20:36,558 bench  DEBUG  qpu: finished.
2023-12-18 20:20:42,134 bench  INFO   run finished: success, saved to "result/dwave-1000shots-full-3/dwave-1000shots-full-3_dwave_2.0.2_1702926686.750249_0075.json".
2023-12-18 20:20:42,134 bench  INFO   run 76/775 complete.
2023-12-18 20:20:42,134 bench  INFO   run start: instance_id=UDMIS098EXT, args=(1000, None, None).
2023-12-18 20:20:45,960 bench  DEBUG  embedding: loaded precalculated embedding.
2023-12-18 20:20:45,976 bench  DEBUG  qpu: start.
2023-12-18 20:20:46,007 bench  DEBUG  qpu: finished.
2023-12-18 20:20:51,277 bench  INFO   run finished: success, saved to "result/dwave-1000shots-full-3/dwave-1000shots-full-3_dwave_2.0.2_1702926686.750249_0076.json".
2023-12-18 20:20:51,292 bench  INFO   run 77/775 complete.
2023-12-18 20:20:51,292 bench  INFO   run start: instance_id=UDMIS099EXT, args=(1000, None, None).
2023-12-18 20:20:55,216 bench  DEBUG  embedding: loaded precalculated embedding.
2023-12-18 20:20:55,232 bench  DEBUG  qpu: start.
2023-12-18 20:20:55,263 bench  DEBUG  qpu: finished.
2023-12-18 20:21:00,703 bench  INFO   run finished: success, saved to "result/dwave-1000shots-full-3/dwave-1000shots-full-3_dwave_2.0.2_1702926686.750249_0077.json".
2023-12-18 20:21:00,703 bench  INFO   run 78/775 complete.
2023-12-18 20:21:00,703 bench  INFO   run start: instance_id=UDMIS8TG, args=(1000, None, None).
2023-12-18 20:21:04,644 bench  DEBUG  embedding: loaded precalculated embedding.
2023-12-18 20:21:04,659 bench  DEBUG  qpu: start.
2023-12-18 20:21:04,690 bench  DEBUG  qpu: finished.
2023-12-18 20:21:09,820 bench  INFO   run finished: success, saved to "result/dwave-1000shots-full-3/dwave-1000shots-full-3_dwave_2.0.2_1702926686.750249_0078.json".
2023-12-18 20:21:09,820 bench  INFO   run 79/775 complete.
2023-12-18 20:21:09,820 bench  INFO   run start: instance_id=TSP110, args=(1000, None, None).
2023-12-18 20:21:13,782 bench  DEBUG  embedding: loaded precalculated embedding.
2023-12-18 20:21:13,798 bench  DEBUG  qpu: start.
2023-12-18 20:21:13,861 bench  DEBUG  qpu: finished.
2023-12-18 20:21:19,678 bench  INFO   run finished: success, saved to "result/dwave-1000shots-full-3/dwave-1000shots-full-3_dwave_2.0.2_1702926686.750249_0079.json".
2023-12-18 20:21:19,694 bench  INFO   run 80/775 complete.
2023-12-18 20:21:19,694 bench  INFO   run start: instance_id=TSP123, args=(1000, None, None).
2023-12-18 20:21:23,465 bench  DEBUG  embedding: loaded precalculated embedding.
2023-12-18 20:21:23,480 bench  DEBUG  qpu: start.
2023-12-18 20:21:23,558 bench  DEBUG  qpu: finished.
2023-12-18 20:21:29,333 bench  INFO   run finished: success, saved to "result/dwave-1000shots-full-3/dwave-1000shots-full-3_dwave_2.0.2_1702926686.750249_0080.json".
2023-12-18 20:21:29,349 bench  INFO   run 81/775 complete.
2023-12-18 20:21:29,349 bench  INFO   run start: instance_id=TSP136, args=(1000, None, None).
2023-12-18 20:21:33,287 bench  DEBUG  embedding: loaded precalculated embedding.
2023-12-18 20:21:33,302 bench  DEBUG  qpu: start.
2023-12-18 20:21:33,396 bench  DEBUG  qpu: finished.
2023-12-18 20:21:40,896 bench  INFO   run finished: success, saved to "result/dwave-1000shots-full-3/dwave-1000shots-full-3_dwave_2.0.2_1702926686.750249_0081.json".
2023-12-18 20:21:40,912 bench  INFO   run 82/775 complete.
2023-12-18 20:21:40,912 bench  INFO   run start: instance_id=TSP149, args=(1000, None, None).
2023-12-18 20:21:43,548 bench  DEBUG  embedding: loaded precalculated embedding.
2023-12-18 20:21:43,579 bench  DEBUG  qpu: start.
2023-12-18 20:21:43,642 bench  DEBUG  qpu: finished.
2023-12-18 20:21:49,369 bench  INFO   run finished: success, saved to "result/dwave-1000shots-full-3/dwave-1000shots-full-3_dwave_2.0.2_1702926686.750249_0082.json".
2023-12-18 20:21:49,384 bench  INFO   run 83/775 complete.
2023-12-18 20:21:49,384 bench  INFO   run start: instance_id=TSP162, args=(1000, None, None).
2023-12-18 20:21:52,197 bench  DEBUG  embedding: loaded precalculated embedding.
2023-12-18 20:21:52,212 bench  DEBUG  qpu: start.
2023-12-18 20:21:52,291 bench  DEBUG  qpu: finished.
2023-12-18 20:21:58,108 bench  INFO   run finished: success, saved to "result/dwave-1000shots-full-3/dwave-1000shots-full-3_dwave_2.0.2_1702926686.750249_0083.json".
2023-12-18 20:21:58,124 bench  INFO   run 84/775 complete.
2023-12-18 20:21:58,124 bench  INFO   run start: instance_id=TSP175, args=(1000, None, None).
2023-12-18 20:22:00,843 bench  DEBUG  embedding: loaded precalculated embedding.
2023-12-18 20:22:00,874 bench  DEBUG  qpu: start.
2023-12-18 20:22:00,936 bench  DEBUG  qpu: finished.
2023-12-18 20:22:06,703 bench  INFO   run finished: success, saved to "result/dwave-1000shots-full-3/dwave-1000shots-full-3_dwave_2.0.2_1702926686.750249_0084.json".
2023-12-18 20:22:06,718 bench  INFO   run 85/775 complete.
2023-12-18 20:22:06,718 bench  INFO   run start: instance_id=TSP188, args=(1000, None, None).
2023-12-18 20:22:09,447 bench  DEBUG  embedding: loaded precalculated embedding.
2023-12-18 20:22:09,478 bench  DEBUG  qpu: start.
2023-12-18 20:22:09,540 bench  DEBUG  qpu: finished.
2023-12-18 20:22:15,269 bench  INFO   run finished: success, saved to "result/dwave-1000shots-full-3/dwave-1000shots-full-3_dwave_2.0.2_1702926686.750249_0085.json".
2023-12-18 20:22:15,285 bench  INFO   run 86/775 complete.
2023-12-18 20:22:15,285 bench  INFO   run start: instance_id=TSP19, args=(1000, None, None).
2023-12-18 20:22:17,963 bench  DEBUG  embedding: loaded precalculated embedding.
2023-12-18 20:22:17,994 bench  DEBUG  qpu: start.
2023-12-18 20:22:18,057 bench  DEBUG  qpu: finished.
2023-12-18 20:22:23,793 bench  INFO   run finished: success, saved to "result/dwave-1000shots-full-3/dwave-1000shots-full-3_dwave_2.0.2_1702926686.750249_0086.json".
2023-12-18 20:22:23,808 bench  INFO   run 87/775 complete.
2023-12-18 20:22:23,808 bench  INFO   run start: instance_id=TSP32, args=(1000, None, None).
2023-12-18 20:22:26,543 bench  DEBUG  embedding: loaded precalculated embedding.
2023-12-18 20:22:26,574 bench  DEBUG  qpu: start.
2023-12-18 20:22:26,652 bench  DEBUG  qpu: finished.
2023-12-18 20:22:32,622 bench  INFO   run finished: success, saved to "result/dwave-1000shots-full-3/dwave-1000shots-full-3_dwave_2.0.2_1702926686.750249_0087.json".
2023-12-18 20:22:32,622 bench  INFO   run 88/775 complete.
2023-12-18 20:22:32,622 bench  INFO   run start: instance_id=TSP45, args=(1000, None, None).
2023-12-18 20:22:35,356 bench  DEBUG  embedding: loaded precalculated embedding.
2023-12-18 20:22:35,372 bench  DEBUG  qpu: start.
2023-12-18 20:22:35,450 bench  DEBUG  qpu: finished.
2023-12-18 20:22:41,189 bench  INFO   run finished: success, saved to "result/dwave-1000shots-full-3/dwave-1000shots-full-3_dwave_2.0.2_1702926686.750249_0088.json".
2023-12-18 20:22:41,204 bench  INFO   run 89/775 complete.
2023-12-18 20:22:41,204 bench  INFO   run start: instance_id=TSP58, args=(1000, None, None).
2023-12-18 20:22:43,876 bench  DEBUG  embedding: loaded precalculated embedding.
2023-12-18 20:22:43,892 bench  DEBUG  qpu: start.
2023-12-18 20:22:43,970 bench  DEBUG  qpu: finished.
2023-12-18 20:22:49,883 bench  INFO   run finished: success, saved to "result/dwave-1000shots-full-3/dwave-1000shots-full-3_dwave_2.0.2_1702926686.750249_0089.json".
2023-12-18 20:22:49,899 bench  INFO   run 90/775 complete.
2023-12-18 20:22:49,899 bench  INFO   run start: instance_id=TSP6, args=(1000, None, None).
2023-12-18 20:22:52,603 bench  DEBUG  embedding: loaded precalculated embedding.
2023-12-18 20:22:52,618 bench  DEBUG  qpu: start.
2023-12-18 20:22:52,696 bench  DEBUG  qpu: finished.
2023-12-18 20:22:58,276 bench  INFO   run finished: success, saved to "result/dwave-1000shots-full-3/dwave-1000shots-full-3_dwave_2.0.2_1702926686.750249_0090.json".
2023-12-18 20:22:58,292 bench  INFO   run 91/775 complete.
2023-12-18 20:22:58,292 bench  INFO   run start: instance_id=TSP71, args=(1000, None, None).
2023-12-18 20:23:00,995 bench  DEBUG  embedding: loaded precalculated embedding.
2023-12-18 20:23:01,010 bench  DEBUG  qpu: start.
2023-12-18 20:23:01,089 bench  DEBUG  qpu: finished.
2023-12-18 20:23:06,776 bench  INFO   run finished: success, saved to "result/dwave-1000shots-full-3/dwave-1000shots-full-3_dwave_2.0.2_1702926686.750249_0091.json".
2023-12-18 20:23:06,792 bench  INFO   run 92/775 complete.
2023-12-18 20:23:06,792 bench  INFO   run start: instance_id=TSP84, args=(1000, None, None).
2023-12-18 20:23:09,537 bench  DEBUG  embedding: loaded precalculated embedding.
2023-12-18 20:23:09,568 bench  DEBUG  qpu: start.
2023-12-18 20:23:09,646 bench  DEBUG  qpu: finished.
2023-12-18 20:23:15,471 bench  INFO   run finished: success, saved to "result/dwave-1000shots-full-3/dwave-1000shots-full-3_dwave_2.0.2_1702926686.750249_0092.json".
2023-12-18 20:23:15,471 bench  INFO   run 93/775 complete.
2023-12-18 20:23:15,471 bench  INFO   run start: instance_id=TSP97, args=(1000, None, None).
2023-12-18 20:23:25,946 bench  DEBUG  embedding: loaded precalculated embedding.
2023-12-18 20:23:25,962 bench  DEBUG  qpu: start.
2023-12-18 20:23:26,040 bench  DEBUG  qpu: finished.
2023-12-18 20:23:31,874 bench  INFO   run finished: success, saved to "result/dwave-1000shots-full-3/dwave-1000shots-full-3_dwave_2.0.2_1702926686.750249_0093.json".
2023-12-18 20:23:31,890 bench  INFO   run 94/775 complete.
2023-12-18 20:23:31,890 bench  INFO   run start: instance_id=MWC103, args=(1000, None, None).
2023-12-18 20:23:34,616 bench  DEBUG  embedding: loaded precalculated embedding.
2023-12-18 20:23:34,632 bench  DEBUG  qpu: start.
2023-12-18 20:23:34,741 bench  DEBUG  qpu: finished.
2023-12-18 20:23:40,690 bench  INFO   run finished: success, saved to "result/dwave-1000shots-full-3/dwave-1000shots-full-3_dwave_2.0.2_1702926686.750249_0094.json".
2023-12-18 20:23:40,690 bench  INFO   run 95/775 complete.
2023-12-18 20:23:40,690 bench  INFO   run start: instance_id=MWC104, args=(1000, None, None).
2023-12-18 20:23:44,681 bench  DEBUG  embedding: loaded precalculated embedding.
2023-12-18 20:23:44,712 bench  DEBUG  qpu: start.
2023-12-18 20:23:44,806 bench  DEBUG  qpu: finished.
2023-12-18 20:23:50,853 bench  INFO   run finished: success, saved to "result/dwave-1000shots-full-3/dwave-1000shots-full-3_dwave_2.0.2_1702926686.750249_0095.json".
2023-12-18 20:23:50,853 bench  INFO   run 96/775 complete.
2023-12-18 20:23:50,853 bench  INFO   run start: instance_id=MWC105, args=(1000, None, None).
2023-12-18 20:23:54,734 bench  DEBUG  embedding: loaded precalculated embedding.
2023-12-18 20:23:54,766 bench  DEBUG  qpu: start.
2023-12-18 20:23:54,844 bench  DEBUG  qpu: finished.
2023-12-18 20:24:00,731 bench  INFO   run finished: success, saved to "result/dwave-1000shots-full-3/dwave-1000shots-full-3_dwave_2.0.2_1702926686.750249_0096.json".
2023-12-18 20:24:00,747 bench  INFO   run 97/775 complete.
2023-12-18 20:24:00,747 bench  INFO   run start: instance_id=MWC181, args=(1000, None, None).
2023-12-18 20:24:04,590 bench  DEBUG  embedding: loaded precalculated embedding.
2023-12-18 20:24:04,606 bench  DEBUG  qpu: start.
2023-12-18 20:24:04,715 bench  DEBUG  qpu: finished.
2023-12-18 20:24:10,706 bench  INFO   run finished: success, saved to "result/dwave-1000shots-full-3/dwave-1000shots-full-3_dwave_2.0.2_1702926686.750249_0097.json".
2023-12-18 20:24:10,721 bench  INFO   run 98/775 complete.
2023-12-18 20:24:10,721 bench  INFO   run start: instance_id=MWC182, args=(1000, None, None).
2023-12-18 20:24:14,542 bench  DEBUG  embedding: loaded precalculated embedding.
2023-12-18 20:24:14,573 bench  DEBUG  qpu: start.
2023-12-18 20:24:14,682 bench  DEBUG  qpu: finished.
2023-12-18 20:24:20,719 bench  INFO   run finished: success, saved to "result/dwave-1000shots-full-3/dwave-1000shots-full-3_dwave_2.0.2_1702926686.750249_0098.json".
2023-12-18 20:24:20,734 bench  INFO   run 99/775 complete.
2023-12-18 20:24:20,734 bench  INFO   run start: instance_id=MWC183, args=(1000, None, None).
2023-12-18 20:24:24,740 bench  DEBUG  embedding: loaded precalculated embedding.
2023-12-18 20:24:24,756 bench  DEBUG  qpu: start.
2023-12-18 20:24:24,850 bench  DEBUG  qpu: finished.
2023-12-18 20:24:30,871 bench  INFO   run finished: success, saved to "result/dwave-1000shots-full-3/dwave-1000shots-full-3_dwave_2.0.2_1702926686.750249_0099.json".
2023-12-18 20:24:30,887 bench  INFO   run 100/775 complete.
2023-12-18 20:24:30,887 bench  INFO   run start: instance_id=MWC25, args=(1000, None, None).
2023-12-18 20:24:34,793 bench  DEBUG  embedding: loaded precalculated embedding.
2023-12-18 20:24:34,825 bench  DEBUG  qpu: start.
2023-12-18 20:24:34,934 bench  DEBUG  qpu: finished.
2023-12-18 20:24:40,858 bench  INFO   run finished: success, saved to "result/dwave-1000shots-full-3/dwave-1000shots-full-3_dwave_2.0.2_1702926686.750249_0100.json".
2023-12-18 20:24:40,874 bench  INFO   run 101/775 complete.
2023-12-18 20:24:40,874 bench  INFO   run start: instance_id=MWC259, args=(1000, None, None).
2023-12-18 20:24:44,889 bench  DEBUG  embedding: loaded precalculated embedding.
2023-12-18 20:24:44,905 bench  DEBUG  qpu: start.
2023-12-18 20:24:45,014 bench  DEBUG  qpu: finished.
2023-12-18 20:24:51,010 bench  INFO   run finished: success, saved to "result/dwave-1000shots-full-3/dwave-1000shots-full-3_dwave_2.0.2_1702926686.750249_0101.json".
2023-12-18 20:24:51,026 bench  INFO   run 102/775 complete.
2023-12-18 20:24:51,026 bench  INFO   run start: instance_id=MWC26, args=(1000, None, None).
2023-12-18 20:24:54,854 bench  DEBUG  embedding: loaded precalculated embedding.
2023-12-18 20:24:54,869 bench  DEBUG  qpu: start.
2023-12-18 20:24:54,979 bench  DEBUG  qpu: finished.
2023-12-18 20:25:00,742 bench  INFO   run finished: success, saved to "result/dwave-1000shots-full-3/dwave-1000shots-full-3_dwave_2.0.2_1702926686.750249_0102.json".
2023-12-18 20:25:00,757 bench  INFO   run 103/775 complete.
2023-12-18 20:25:00,757 bench  INFO   run start: instance_id=MWC260, args=(1000, None, None).
2023-12-18 20:25:04,679 bench  DEBUG  embedding: loaded precalculated embedding.
2023-12-18 20:25:04,711 bench  DEBUG  qpu: start.
2023-12-18 20:25:04,820 bench  DEBUG  qpu: finished.
2023-12-18 20:25:11,008 bench  INFO   run finished: success, saved to "result/dwave-1000shots-full-3/dwave-1000shots-full-3_dwave_2.0.2_1702926686.750249_0103.json".
2023-12-18 20:25:11,024 bench  INFO   run 104/775 complete.
2023-12-18 20:25:11,024 bench  INFO   run start: instance_id=MWC261, args=(1000, None, None).
2023-12-18 20:25:14,936 bench  DEBUG  embedding: loaded precalculated embedding.
2023-12-18 20:25:14,968 bench  DEBUG  qpu: start.
2023-12-18 20:25:15,046 bench  DEBUG  qpu: finished.
2023-12-18 20:25:21,069 bench  INFO   run finished: success, saved to "result/dwave-1000shots-full-3/dwave-1000shots-full-3_dwave_2.0.2_1702926686.750249_0104.json".
2023-12-18 20:25:21,085 bench  INFO   run 105/775 complete.
2023-12-18 20:25:21,085 bench  INFO   run start: instance_id=MWC27, args=(1000, None, None).
2023-12-18 20:25:25,006 bench  DEBUG  embedding: loaded precalculated embedding.
2023-12-18 20:25:25,021 bench  DEBUG  qpu: start.
2023-12-18 20:25:25,115 bench  DEBUG  qpu: finished.
2023-12-18 20:25:31,044 bench  INFO   run finished: success, saved to "result/dwave-1000shots-full-3/dwave-1000shots-full-3_dwave_2.0.2_1702926686.750249_0105.json".
2023-12-18 20:25:31,060 bench  INFO   run 106/775 complete.
2023-12-18 20:25:31,060 bench  INFO   run start: instance_id=MWC337, args=(1000, None, None).
2023-12-18 20:25:34,904 bench  DEBUG  embedding: loaded precalculated embedding.
2023-12-18 20:25:34,919 bench  DEBUG  qpu: start.
2023-12-18 20:25:35,028 bench  DEBUG  qpu: finished.
2023-12-18 20:25:40,966 bench  INFO   run finished: success, saved to "result/dwave-1000shots-full-3/dwave-1000shots-full-3_dwave_2.0.2_1702926686.750249_0106.json".
2023-12-18 20:25:40,981 bench  INFO   run 107/775 complete.
2023-12-18 20:25:40,981 bench  INFO   run start: instance_id=MWC338, args=(1000, None, None).
2023-12-18 20:25:44,919 bench  DEBUG  embedding: loaded precalculated embedding.
2023-12-18 20:25:44,935 bench  DEBUG  qpu: start.
2023-12-18 20:25:45,044 bench  DEBUG  qpu: finished.
2023-12-18 20:25:51,154 bench  INFO   run finished: success, saved to "result/dwave-1000shots-full-3/dwave-1000shots-full-3_dwave_2.0.2_1702926686.750249_0107.json".
2023-12-18 20:25:51,169 bench  INFO   run 108/775 complete.
2023-12-18 20:25:51,169 bench  INFO   run start: instance_id=MWC339, args=(1000, None, None).
2023-12-18 20:25:55,029 bench  DEBUG  embedding: loaded precalculated embedding.
2023-12-18 20:25:55,045 bench  DEBUG  qpu: start.
2023-12-18 20:25:55,138 bench  DEBUG  qpu: finished.
