2023-10-29 12:18:36,835 bench  INFO   started 1 run(s).
2023-10-29 12:18:36,835 bench  INFO   run start: instance_id=MWC4, args=({'maxiter': 50}, 'BOBYQA', 3, 1, 3, 1, 3, 1000, 1000, 'ibm_nazca', 'ibm_quantum', 'ibm-q-fraunhofer/fhg-all/fitw01', '8h', False, 1, 1).
2023-10-29 12:18:46,536 bench  DEBUG  session start.
2023-10-29 12:18:46,536 bench  DEBUG  estimator start.
2023-10-29 13:30:53,631 bench  DEBUG  solver: cost=-0.0004682939243100553, params=[1.02473739 4.58913579 5.25382122 2.75198074 3.93851313 0.1414073 ], index=0.
2023-10-29 13:32:23,623 bench  DEBUG  solver: cost=0.020269141162581075, params=[1.55011951 4.58913579 5.25382122 2.75198074 3.93851313 0.1414073 ], index=1.
2023-10-29 13:34:11,860 bench  DEBUG  solver: cost=0.015594621917628013, params=[1.02473739 5.11451792 5.25382122 2.75198074 3.93851313 0.1414073 ], index=2.
2023-10-29 13:36:17,343 bench  DEBUG  solver: cost=0.0213663358906773, params=[1.02473739 4.58913579 5.77920335 2.75198074 3.93851313 0.1414073 ], index=3.
2023-10-29 13:37:44,545 bench  DEBUG  solver: cost=-0.0072003348604916815, params=[1.02473739 4.58913579 5.25382122 3.27736286 3.93851313 0.1414073 ], index=4.
2023-10-29 13:39:27,738 bench  DEBUG  solver: cost=0.026416443881154866, params=[1.02473739 4.58913579 5.25382122 2.75198074 4.46389525 0.1414073 ], index=5.
2023-10-29 13:40:52,410 bench  DEBUG  solver: cost=0.007929073396627876, params=[1.02473739 4.58913579 5.25382122 2.75198074 3.93851313 0.66678942], index=6.
2023-10-29 13:42:13,554 bench  DEBUG  solver: cost=-0.045191683919047126, params=[0.49935527 4.58913579 5.25382122 2.75198074 3.93851313 0.1414073 ], index=7.
2023-10-29 13:43:42,954 bench  DEBUG  solver: cost=0.0020228645464943737, params=[1.02473739 4.06375367 5.25382122 2.75198074 3.93851313 0.1414073 ], index=8.
2023-10-29 13:45:49,955 bench  DEBUG  solver: cost=-0.028296540291006637, params=[1.02473739 4.58913579 4.7284391  2.75198074 3.93851313 0.1414073 ], index=9.
2023-10-29 13:47:14,419 bench  DEBUG  solver: cost=0.020168055841290965, params=[1.02473739 4.58913579 5.25382122 2.22659862 3.93851313 0.1414073 ], index=10.
2023-10-29 13:48:33,134 bench  DEBUG  solver: cost=-0.014164419585161256, params=[1.02473739 4.58913579 5.25382122 2.75198074 3.41313101 0.1414073 ], index=11.
2023-10-29 13:49:53,534 bench  DEBUG  solver: cost=0.017584833866731854, params=[ 1.02473739  4.58913579  5.25382122  2.75198074  3.93851313 -0.38397482], index=12.
2023-10-29 13:51:54,721 bench  DEBUG  solver: cost=0.010434085274904178, params=[0.49935527 4.06375367 5.25382122 2.75198074 3.93851313 0.1414073 ], index=13.
2023-10-29 13:53:26,906 bench  DEBUG  solver: cost=0.026028509151072476, params=[1.02473739 4.06375367 4.7284391  2.75198074 3.93851313 0.1414073 ], index=14.
2023-10-29 13:54:49,858 bench  DEBUG  solver: cost=-0.022544110556588125, params=[1.02473739 4.58913579 4.7284391  3.27736286 3.93851313 0.1414073 ], index=15.
2023-10-29 13:56:10,437 bench  DEBUG  solver: cost=0.023406894171735766, params=[1.02473739 4.58913579 5.25382122 3.27736286 3.41313101 0.1414073 ], index=16.
2023-10-29 13:57:30,310 bench  DEBUG  solver: cost=-0.02801597042643465, params=[1.02473739 4.58913579 5.25382122 2.75198074 3.41313101 0.66678942], index=17.
2023-10-29 13:58:49,184 bench  DEBUG  solver: cost=-0.03307151040677305, params=[0.49935527 4.58913579 5.25382122 2.75198074 3.93851313 0.66678942], index=18.
2023-10-29 14:00:09,589 bench  DEBUG  solver: cost=0.02487162234779545, params=[0.49935527 4.58913579 4.7284391  2.75198074 3.93851313 0.1414073 ], index=19.
2023-10-29 14:01:32,136 bench  DEBUG  solver: cost=0.0030450093683640077, params=[1.02473739 4.06375367 5.25382122 3.27736286 3.93851313 0.1414073 ], index=20.
2023-10-29 14:03:02,504 bench  DEBUG  solver: cost=0.005912559889856483, params=[1.02473739 4.58913579 4.7284391  2.75198074 3.41313101 0.1414073 ], index=21.
2023-10-29 14:04:31,370 bench  DEBUG  solver: cost=-0.0037443208514201212, params=[1.02473739 4.58913579 5.25382122 3.27736286 3.93851313 0.66678942], index=22.
2023-10-29 14:06:00,295 bench  DEBUG  solver: cost=0.0158888734656965, params=[0.49935527 4.58913579 5.25382122 2.75198074 3.41313101 0.1414073 ], index=23.
2023-10-29 14:07:16,345 bench  DEBUG  solver: cost=-0.004699624707977038, params=[1.02473739 4.06375367 5.25382122 2.75198074 3.93851313 0.66678942], index=24.
2023-10-29 14:08:33,815 bench  DEBUG  solver: cost=0.016795561986576803, params=[0.49935527 4.58913579 5.25382122 3.27736286 3.93851313 0.1414073 ], index=25.
2023-10-29 14:10:14,804 bench  DEBUG  solver: cost=0.016731623659572516, params=[1.02473739 4.06375367 5.25382122 2.75198074 3.41313101 0.1414073 ], index=26.
2023-10-29 14:11:40,957 bench  DEBUG  solver: cost=0.008088894115237723, params=[1.02473739 4.58913579 4.7284391  2.75198074 3.93851313 0.66678942], index=27.
2023-10-29 14:13:08,760 bench  DEBUG  solver: cost=0.010148980669732561, params=[0.11169801 4.70511892 5.50039159 2.57469953 4.08018337 0.14106554], index=28.
2023-10-29 14:14:35,959 bench  DEBUG  solver: cost=0.011298201784604393, params=[0.51207941 4.60032466 5.68104128 2.51108441 3.90297623 0.22516779], index=29.
2023-10-29 14:16:08,942 bench  DEBUG  solver: cost=0.025084704546912206, params=[0.52484208 4.60956381 5.61517386 3.04714483 4.00582712 0.15831119], index=30.
2023-10-29 14:17:39,512 bench  DEBUG  solver: cost=0.007642767909028321, params=[ 0.53938475  4.81041838  5.47530077  2.61925359  4.16262379 -0.0438454 ], index=31.
2023-10-29 14:19:04,624 bench  DEBUG  solver: cost=0.0008639020169579407, params=[0.61012578 4.78643064 5.00037087 2.63027035 4.12377889 0.01283187], index=32.
2023-10-29 14:20:53,169 bench  DEBUG  solver: cost=0.016796286392624628, params=[0.52187819 4.33814474 5.23818454 2.70539523 4.25073355 0.13481438], index=33.
2023-10-29 14:22:40,472 bench  DEBUG  solver: cost=-0.0062488345006749945, params=[0.53185844 4.83414302 5.19684356 2.53124752 3.75607704 0.16022751], index=34.
2023-10-29 14:24:07,414 bench  DEBUG  solver: cost=0.00924218382937611, params=[0.52840538 4.36770036 5.22591338 2.4745812  3.87109264 0.15679735], index=35.
2023-10-29 14:25:28,234 bench  DEBUG  solver: cost=0.002201647366786796, params=[0.4529589  4.8003793  5.24778471 2.94617553 3.78417374 0.24375552], index=36.
2023-10-29 14:26:57,686 bench  DEBUG  solver: cost=0.017167602437864336, params=[0.57655095 4.41917959 5.24806388 2.93086189 3.81172827 0.29724383], index=37.
2023-10-29 14:28:17,342 bench  DEBUG  solver: cost=0.010997007917645253, params=[ 0.4420342   4.51025733  5.18545933  2.81299254  3.8532247  -0.12517669], index=38.
2023-10-29 14:29:41,593 bench  DEBUG  solver: cost=0.005221679380774464, params=[0.41351672 4.65171874 5.21388312 2.93954984 4.12928097 0.19045974], index=39.
2023-10-29 14:31:08,309 bench  DEBUG  solver: cost=-0.003867150202747536, params=[0.49543545 4.59058238 5.20546855 2.56956289 3.93825851 0.34714068], index=40.
2023-10-29 14:32:40,646 bench  DEBUG  solver: cost=-0.0070183451136493396, params=[0.33887869 4.59152272 5.44629104 2.80310291 3.90743717 0.20445367], index=41.
2023-10-29 14:34:00,499 bench  DEBUG  solver: cost=0.014355991633988308, params=[0.6401148  4.77590716 5.26273998 2.84045199 3.96053698 0.1489859 ], index=42.
2023-10-29 14:35:19,710 bench  DEBUG  solver: cost=-0.000530305711600499, params=[0.61260864 4.44915682 5.37466618 2.71571064 3.93221754 0.0486164 ], index=43.
2023-10-29 14:36:49,202 bench  DEBUG  solver: cost=0.0022488676137050133, params=[0.4772832  4.67700223 5.38941535 2.74662016 4.00616474 0.28264935], index=44.
2023-10-29 14:38:10,122 bench  DEBUG  solver: cost=-0.012246282738851042, params=[0.43241358 4.66233037 5.15394328 2.85479861 3.97656225 0.02170851], index=45.
2023-10-29 14:39:33,708 bench  DEBUG  solver: cost=-0.0016770453750495624, params=[0.48792692 4.46754347 5.17821131 2.85075518 3.97550315 0.04305455], index=46.
2023-10-29 14:40:56,119 bench  DEBUG  solver: cost=0.017710175340726844, params=[0.49549723 4.5957136  5.23720241 2.87814909 3.81667301 0.06207987], index=47.
2023-10-29 14:42:15,034 bench  DEBUG  solver: cost=-0.011982837322039846, params=[0.36680182 4.5922699  5.16411843 2.67965693 3.98989138 0.13359226], index=48.
2023-10-29 14:43:33,089 bench  DEBUG  solver: cost=-0.008613015261862894, params=[0.51882267 4.58482389 5.23173007 2.65804842 3.98565132 0.00592467], index=49.
2023-10-29 14:43:33,089 bench  DEBUG  sampler start.
2023-10-29 14:45:06,449 bench  DEBUG  session end.
2023-10-29 14:45:28,834 bench  INFO   run finished: success, saved to "result/qpu_bobyqa1000_p3_nazca_resilient/qpu_bobyqa1000_p3_nazca_resilient_ibm_nazca_2.0.1_1698578316.826614_0000.json".
2023-10-29 14:45:28,834 bench  INFO   run 1/1 complete.
2023-10-29 14:45:28,834 bench  INFO   completed 1 run(s): 1 successful.
