2023-10-24 16:09:37,990 bench  INFO   started 1 run(s).
2023-10-24 16:09:37,990 bench  INFO   run start: instance_id=TSP1, args=({'maxiter': 100}, 'SPSA', 3, 1, 3, 1, 3, 1000, 1000, 'ibmq_kolkata', 'ibm_quantum', 'ibm-q-fraunhofer/reservations/reservations', '8h', False, 1, 1).
2023-10-24 16:09:56,707 bench  DEBUG  session start.
2023-10-24 16:09:56,707 bench  DEBUG  estimator start.
2023-10-24 16:11:05,808 bench  DEBUG  solver: cost=0.7440590768143501, params=[0.42368328 2.65583997 1.71437411 3.00384778 3.42249614 3.19212022], index=0.
2023-10-24 16:12:13,419 bench  DEBUG  solver: cost=0.059998668773412506, params=[0.02368328 2.25583997 2.11437411 3.40384778 3.02249614 3.59212022], index=1.
2023-10-24 16:13:21,046 bench  DEBUG  solver: cost=-8.639249222503063, params=[0.42368328 2.25583997 2.11437411 3.40384778 3.02249614 3.59212022], index=2.
2023-10-24 16:14:25,187 bench  DEBUG  solver: cost=0.37783114281217317, params=[0.02368328 2.65583997 1.71437411 3.00384778 3.42249614 3.19212022], index=3.
2023-10-24 16:15:34,734 bench  DEBUG  solver: cost=-0.4284956939321091, params=[0.02368328 2.25583997 2.11437411 3.00384778 3.02249614 3.19212022], index=4.
2023-10-24 16:16:43,526 bench  DEBUG  solver: cost=-0.06799581722810452, params=[0.42368328 2.65583997 1.71437411 3.40384778 3.42249614 3.59212022], index=5.
2023-10-24 16:17:48,627 bench  DEBUG  solver: cost=11.869873700247018, params=[0.42368328 2.65583997 2.11437411 3.00384778 3.02249614 3.19212022], index=6.
2023-10-24 16:18:52,661 bench  DEBUG  solver: cost=0.1818527783651928, params=[0.02368328 2.25583997 1.71437411 3.40384778 3.42249614 3.59212022], index=7.
2023-10-24 16:19:57,349 bench  DEBUG  solver: cost=0.12893013843723813, params=[0.42368328 2.25583997 1.71437411 3.40384778 3.42249614 3.19212022], index=8.
2023-10-24 16:21:00,235 bench  DEBUG  solver: cost=-0.011416941897782612, params=[0.02368328 2.65583997 2.11437411 3.00384778 3.02249614 3.59212022], index=9.
2023-10-24 16:22:05,270 bench  DEBUG  solver: cost=inf, params=[0.02368328 2.65583997 1.71437411 3.40384778 3.02249614 3.19212022], index=10.
2023-10-24 16:23:14,520 bench  DEBUG  solver: cost=0.05081188875954107, params=[0.42368328 2.25583997 2.11437411 3.00384778 3.42249614 3.59212022], index=11.
2023-10-24 16:24:19,828 bench  DEBUG  solver: cost=26.794329199717662, params=[0.02368328 2.25583997 2.11437411 3.00384778 3.42249614 3.59212022], index=12.
2023-10-24 16:25:24,636 bench  DEBUG  solver: cost=0.36529845971008507, params=[0.42368328 2.65583997 1.71437411 3.40384778 3.02249614 3.19212022], index=13.
2023-10-24 16:26:33,349 bench  DEBUG  solver: cost=-0.06754254416697866, params=[0.42368328 2.65583997 2.11437411 3.00384778 3.02249614 3.59212022], index=14.
2023-10-24 16:27:39,518 bench  DEBUG  solver: cost=-15.318471293822434, params=[0.02368328 2.25583997 1.71437411 3.40384778 3.42249614 3.19212022], index=15.
2023-10-24 16:28:45,998 bench  DEBUG  solver: cost=-0.9671524572814526, params=[0.42368328 2.65583997 2.11437411 3.40384778 3.42249614 3.19212022], index=16.
2023-10-24 16:29:54,186 bench  DEBUG  solver: cost=-2.911816407444499, params=[0.02368328 2.25583997 1.71437411 3.00384778 3.02249614 3.59212022], index=17.
2023-10-24 16:31:01,530 bench  DEBUG  solver: cost=inf, params=[0.02368328 2.25583997 1.71437411 3.00384778 3.42249614 3.19212022], index=18.
2023-10-24 16:32:06,811 bench  DEBUG  solver: cost=-0.02254011795992323, params=[0.42368328 2.65583997 2.11437411 3.40384778 3.02249614 3.59212022], index=19.
2023-10-24 16:33:13,495 bench  DEBUG  solver: cost=28.07458789779105, params=[0.42368328 2.25583997 1.71437411 3.40384778 3.42249614 3.19212022], index=20.
2023-10-24 16:34:29,446 bench  DEBUG  solver: cost=-0.10543430517637226, params=[0.02368328 2.65583997 2.11437411 3.00384778 3.02249614 3.59212022], index=21.
2023-10-24 16:35:41,048 bench  DEBUG  solver: cost=0.18482696179793545, params=[0.42368328 2.25583997 1.71437411 3.00384778 3.42249614 3.59212022], index=22.
2023-10-24 16:37:05,980 bench  DEBUG  solver: cost=-0.22581938557127626, params=[0.02368328 2.65583997 2.11437411 3.40384778 3.02249614 3.19212022], index=23.
2023-10-24 16:42:58,281 bench  DEBUG  solver: cost=-21.375506198875456, params=[0.02368328 2.25583997 1.71437411 3.40384778 3.42249614 3.19212022], index=24.
2023-10-24 16:44:03,700 bench  DEBUG  solver: cost=0.06357949875411444, params=[0.42368328 2.65583997 2.11437411 3.00384778 3.02249614 3.59212022], index=25.
2023-10-24 16:45:08,550 bench  DEBUG  solver: cost=0.31384465376090037, params=[0.02368328 2.65583997 1.71437411 3.40384778 3.02249614 3.59212022], index=26.
2023-10-24 16:46:13,677 bench  DEBUG  solver: cost=0.15123162902425866, params=[0.42368328 2.25583997 2.11437411 3.00384778 3.42249614 3.19212022], index=27.
2023-10-24 16:47:20,725 bench  DEBUG  solver: cost=-22.53534476261249, params=[0.42368328 2.65583997 1.71437411 3.00384778 3.02249614 3.59212022], index=28.
2023-10-24 16:48:26,766 bench  DEBUG  solver: cost=-2.4379304502108896, params=[0.02368328 2.25583997 2.11437411 3.40384778 3.42249614 3.19212022], index=29.
2023-10-24 16:49:32,529 bench  DEBUG  solver: cost=3.714596426359713, params=[0.02368328 2.65583997 1.71437411 3.40384778 3.02249614 3.59212022], index=30.
2023-10-24 16:50:45,950 bench  DEBUG  solver: cost=-0.3156352717078065, params=[0.42368328 2.25583997 2.11437411 3.00384778 3.42249614 3.19212022], index=31.
2023-10-24 16:51:54,923 bench  DEBUG  solver: cost=13.93207666075596, params=[0.02368328 2.65583997 1.71437411 3.40384778 3.42249614 3.19212022], index=32.
2023-10-24 16:53:01,168 bench  DEBUG  solver: cost=22.64233551936498, params=[0.42368328 2.25583997 2.11437411 3.00384778 3.02249614 3.59212022], index=33.
2023-10-24 16:54:09,886 bench  DEBUG  solver: cost=58.37277373037224, params=[0.42368328 2.65583997 2.11437411 3.00384778 3.02249614 3.59212022], index=34.
2023-10-24 16:55:19,750 bench  DEBUG  solver: cost=0.3726259543781527, params=[0.02368328 2.25583997 1.71437411 3.40384778 3.42249614 3.19212022], index=35.
2023-10-24 16:56:27,384 bench  DEBUG  solver: cost=-7.249383678660397, params=[0.02368328 2.25583997 2.11437411 3.40384778 3.02249614 3.59212022], index=36.
2023-10-24 16:57:36,455 bench  DEBUG  solver: cost=0.7263943873137525, params=[0.42368328 2.65583997 1.71437411 3.00384778 3.42249614 3.19212022], index=37.
2023-10-24 16:58:48,149 bench  DEBUG  solver: cost=-0.06003757248383356, params=[0.02368328 2.65583997 1.71437411 3.40384778 3.02249614 3.19212022], index=38.
2023-10-24 17:00:02,645 bench  DEBUG  solver: cost=-0.1368286313288699, params=[0.42368328 2.25583997 2.11437411 3.00384778 3.42249614 3.59212022], index=39.
2023-10-24 17:01:09,709 bench  DEBUG  solver: cost=0.024442770267732443, params=[0.02368328 2.65583997 1.71437411 3.40384778 3.42249614 3.59212022], index=40.
2023-10-24 17:02:17,026 bench  DEBUG  solver: cost=-0.3102649090415965, params=[0.42368328 2.25583997 2.11437411 3.00384778 3.02249614 3.19212022], index=41.
2023-10-24 17:03:33,506 bench  DEBUG  solver: cost=-0.10971051995114606, params=[0.42368328 2.65583997 1.71437411 3.40384778 3.02249614 3.19212022], index=42.
2023-10-24 17:04:40,548 bench  DEBUG  solver: cost=0.13663874867362977, params=[0.02368328 2.25583997 2.11437411 3.00384778 3.42249614 3.59212022], index=43.
2023-10-24 17:05:43,683 bench  DEBUG  solver: cost=0.23477679216111028, params=[0.42368328 2.25583997 1.71437411 3.00384778 3.42249614 3.59212022], index=44.
2023-10-24 17:06:49,235 bench  DEBUG  solver: cost=5.07660337826373, params=[0.02368328 2.65583997 2.11437411 3.40384778 3.02249614 3.19212022], index=45.
2023-10-24 17:17:46,533 bench  DEBUG  solver: cost=-0.6011883553921081, params=[0.42368328 2.25583997 2.11437411 3.00384778 3.02249614 3.59212022], index=46.
2023-10-24 17:17:51,148 bench  INFO   run finished: failure, saved to "result/qpu_spsa100_p3_resilient/qpu_spsa100_p3_resilient_ibmq_kolkata_reserved_2.0.0_1698156577.975094_0000.json".
2023-10-24 17:17:51,164 bench  INFO   run 1/1 complete.
2023-10-24 17:17:51,164 bench  INFO   completed 1 run(s): 0 successful.
