2023-10-27 23:27:42,833 bench  INFO   started 1 run(s).
2023-10-27 23:27:42,833 bench  INFO   run start: instance_id=TSP27, args=({'maxiter': 50}, 'BOBYQA', 3, 0, 3, 0, 3, 1000, 1000, 'ibm_nazca', 'ibm_quantum', 'ibm-q-fraunhofer/fhg-all/fitw01', '8h', False, 1, 1).
2023-10-27 23:27:51,353 bench  DEBUG  session start.
2023-10-27 23:27:51,353 bench  DEBUG  estimator start.
2023-10-28 04:00:37,576 bench  DEBUG  solver: cost=0.1605562406907718, params=[1.22271746 3.17248697 3.99117607 0.02804549 4.09982064 2.96575579], index=0.
2023-10-28 04:01:18,232 bench  DEBUG  solver: cost=0.3072287339449542, params=[1.63269952 3.17248697 3.99117607 0.02804549 4.09982064 2.96575579], index=1.
2023-10-28 04:02:00,181 bench  DEBUG  solver: cost=-0.2838026637884512, params=[1.22271746 3.58246903 3.99117607 0.02804549 4.09982064 2.96575579], index=2.
2023-10-28 04:02:39,550 bench  DEBUG  solver: cost=0.004379638424177033, params=[1.22271746 3.17248697 4.40115814 0.02804549 4.09982064 2.96575579], index=3.
2023-10-28 04:03:14,139 bench  DEBUG  solver: cost=0.285600577441986, params=[1.22271746 3.17248697 3.99117607 0.43802755 4.09982064 2.96575579], index=4.
2023-10-28 04:03:48,627 bench  DEBUG  solver: cost=0.04401586292498652, params=[1.22271746 3.17248697 3.99117607 0.02804549 4.5098027  2.96575579], index=5.
2023-10-28 04:04:23,942 bench  DEBUG  solver: cost=-0.11610500161899623, params=[1.22271746 3.17248697 3.99117607 0.02804549 4.09982064 3.37573786], index=6.
2023-10-28 04:05:04,327 bench  DEBUG  solver: cost=0.04032700377765782, params=[0.8127354  3.17248697 3.99117607 0.02804549 4.09982064 2.96575579], index=7.
2023-10-28 04:05:40,677 bench  DEBUG  solver: cost=0.07226991473286562, params=[1.22271746 2.7625049  3.99117607 0.02804549 4.09982064 2.96575579], index=8.
2023-10-28 04:06:16,393 bench  DEBUG  solver: cost=0.1564672347544522, params=[1.22271746 3.17248697 3.58119401 0.02804549 4.09982064 2.96575579], index=9.
2023-10-28 04:06:52,699 bench  DEBUG  solver: cost=0.23671801834862377, params=[ 1.22271746  3.17248697  3.99117607 -0.38193658  4.09982064  2.96575579], index=10.
2023-10-28 04:07:28,561 bench  DEBUG  solver: cost=0.2517832671343767, params=[1.22271746 3.17248697 3.99117607 0.02804549 3.68983857 2.96575579], index=11.
2023-10-28 04:08:03,731 bench  DEBUG  solver: cost=0.15188778197517538, params=[1.22271746 3.17248697 3.99117607 0.02804549 4.09982064 2.55577373], index=12.
2023-10-28 04:08:40,251 bench  DEBUG  solver: cost=-0.10915830652995141, params=[0.8127354  3.58246903 3.99117607 0.02804549 4.09982064 2.96575579], index=13.
2023-10-28 04:09:18,252 bench  DEBUG  solver: cost=0.16133816837560708, params=[1.22271746 3.58246903 4.40115814 0.02804549 4.09982064 2.96575579], index=14.
2023-10-28 04:09:54,619 bench  DEBUG  solver: cost=0.03056228710199676, params=[ 1.22271746  3.17248697  4.40115814 -0.38193658  4.09982064  2.96575579], index=15.
2023-10-28 04:10:32,284 bench  DEBUG  solver: cost=-0.2058136135995683, params=[ 1.22271746  3.17248697  3.99117607 -0.38193658  4.5098027   2.96575579], index=16.
2023-10-28 04:11:10,501 bench  DEBUG  solver: cost=-0.1779926551538046, params=[1.22271746 3.17248697 3.99117607 0.02804549 4.5098027  3.37573786], index=17.
2023-10-28 04:11:46,688 bench  DEBUG  solver: cost=-0.051513042633567194, params=[0.8127354  3.17248697 3.99117607 0.02804549 4.09982064 3.37573786], index=18.
2023-10-28 04:12:26,396 bench  DEBUG  solver: cost=0.4444960690771721, params=[0.8127354  3.17248697 4.40115814 0.02804549 4.09982064 2.96575579], index=19.
2023-10-28 04:13:01,523 bench  DEBUG  solver: cost=0.20376204856988667, params=[ 1.22271746  3.58246903  3.99117607 -0.38193658  4.09982064  2.96575579], index=20.
2023-10-28 04:13:37,277 bench  DEBUG  solver: cost=-0.04012892498650834, params=[1.22271746 3.17248697 4.40115814 0.02804549 4.5098027  2.96575579], index=21.
2023-10-28 04:14:13,870 bench  DEBUG  solver: cost=0.20410750566648678, params=[ 1.22271746  3.17248697  3.99117607 -0.38193658  4.09982064  3.37573786], index=22.
2023-10-28 04:14:49,432 bench  DEBUG  solver: cost=0.29578474905558555, params=[0.8127354  3.17248697 3.99117607 0.02804549 4.5098027  2.96575579], index=23.
2023-10-28 04:15:26,338 bench  DEBUG  solver: cost=0.003778912034538607, params=[1.22271746 3.58246903 3.99117607 0.02804549 4.09982064 3.37573786], index=24.
2023-10-28 04:16:02,122 bench  DEBUG  solver: cost=0.06919955963302753, params=[ 0.8127354   3.17248697  3.99117607 -0.38193658  4.09982064  2.96575579], index=25.
2023-10-28 04:16:52,226 bench  DEBUG  solver: cost=-0.05418998273070697, params=[1.22271746 3.58246903 3.99117607 0.02804549 4.5098027  2.96575579], index=26.
2023-10-28 04:31:45,131 bench  DEBUG  solver: cost=0.03796986724230977, params=[1.22271746 3.17248697 4.40115814 0.02804549 4.09982064 3.37573786], index=27.
2023-10-28 04:32:18,636 bench  DEBUG  solver: cost=0.05498502860226655, params=[1.23521548 3.89989305 3.82749902 0.14967123 4.01016865 2.83327711], index=28.
2023-10-28 04:32:53,972 bench  DEBUG  solver: cost=-0.08867492282784671, params=[1.08944812 3.58557095 3.72964518 0.18192765 3.93532292 2.84414571], index=29.
2023-10-28 04:33:28,103 bench  DEBUG  solver: cost=0.4901262169454938, params=[1.21913221 3.57209603 3.71630811 0.05249107 4.34175801 2.92908219], index=30.
2023-10-28 04:34:00,386 bench  DEBUG  solver: cost=-0.002113426875337292, params=[1.29117062 3.61315199 4.10625515 0.16826548 3.96637688 2.70781163], index=31.
2023-10-28 04:34:35,726 bench  DEBUG  solver: cost=0.03298159525094439, params=[1.31080892 3.59409652 4.01927337 0.27391686 3.93242496 3.08030689], index=32.
2023-10-28 04:35:13,961 bench  DEBUG  solver: cost=-0.008732601187263945, params=[1.29401338 3.55107563 4.06630428 0.24300901 4.30312974 2.98223545], index=33.
2023-10-28 04:35:47,831 bench  DEBUG  solver: cost=-0.1231846648677819, params=[ 1.09652531  3.58336318  4.07945471 -0.17566169  4.0060695   3.08954251], index=34.
2023-10-28 04:36:25,091 bench  DEBUG  solver: cost=-0.5128478801942796, params=[ 1.42299179  3.58615416  4.10259383 -0.12293753  4.06717322  3.03070934], index=35.
2023-10-28 04:37:03,857 bench  DEBUG  solver: cost=-0.08924094765245544, params=[ 1.58160908  3.53324343  4.15226008 -0.31474313  3.9957511   3.03695225], index=36.
2023-10-28 04:37:40,556 bench  DEBUG  solver: cost=-0.3092790879654614, params=[ 1.56314744  3.62888669  4.21067459 -0.11722292  4.21263894  3.13538274], index=37.
2023-10-28 04:38:22,577 bench  DEBUG  solver: cost=0.19368899298434972, params=[ 1.51881508  3.613437    3.95483438 -0.02371982  3.9466227   2.98099193], index=38.
2023-10-28 04:38:56,951 bench  DEBUG  solver: cost=0.268534017269293, params=[ 1.52004319  3.56557361  4.05231397 -0.20573239  4.23617943  2.95926159], index=39.
2023-10-28 04:39:31,821 bench  DEBUG  solver: cost=0.18430282784673513, params=[ 1.5040149   3.53986204  4.28293995 -0.11095035  4.0717038   2.95276317], index=40.
2023-10-28 04:40:05,606 bench  DEBUG  solver: cost=0.0015983184025904072, params=[ 1.43812738  3.53870409  4.11612838 -0.17721379  3.9959754   3.21005506], index=41.
2023-10-28 04:40:42,725 bench  DEBUG  solver: cost=0.23576024716675664, params=[ 1.41806859  3.7515124   4.07504531 -0.09161167  4.15263393  3.07588871], index=42.
2023-10-28 04:41:20,580 bench  DEBUG  solver: cost=-0.0019309994603346047, params=[ 1.40707976  3.50820643  4.09540058 -0.14645803  4.20148144  3.12935369], index=43.
2023-10-28 04:41:56,832 bench  DEBUG  solver: cost=-0.23465470048569892, params=[ 1.43931633  3.62558901  4.17563853 -0.03071092  3.94347973  3.04425889], index=44.
2023-10-28 04:42:32,748 bench  DEBUG  solver: cost=-0.052458984349703155, params=[ 1.50033537  3.5569866   3.99036618 -0.07733554  4.12711015  3.08557244], index=45.
2023-10-28 04:43:05,319 bench  DEBUG  solver: cost=0.11828465731246618, params=[ 1.36397999  3.56280128  4.13051705 -0.21264629  3.98959847  2.95098646], index=46.
2023-10-28 04:43:40,068 bench  DEBUG  solver: cost=-0.05649678251484081, params=[ 1.42940254  3.47652012  4.02605616 -0.17063294  4.05559017  2.98130138], index=47.
2023-10-28 04:44:21,738 bench  DEBUG  solver: cost=0.3140029778737182, params=[ 1.420628    3.66764022  4.20835256 -0.12508368  4.06038497  3.08124734], index=48.
2023-10-28 04:44:57,092 bench  DEBUG  solver: cost=-0.13452774203993523, params=[ 1.52583083  3.60767128  4.10340171 -0.06758632  4.04938929  3.09413867], index=49.
2023-10-28 04:44:57,092 bench  DEBUG  sampler start.
2023-10-28 04:45:54,989 bench  DEBUG  session end.
2023-10-28 04:46:17,339 bench  INFO   run finished: success, saved to "result/qpu_bobyqa1000_p3_nazca/qpu_bobyqa1000_p3_nazca_ibm_nazca_2.0.1_1698442062.817727_0000.json".
2023-10-28 04:46:17,339 bench  INFO   run 1/1 complete.
2023-10-28 04:46:17,339 bench  INFO   completed 1 run(s): 1 successful.
