2023-11-01 21:46:43,985 bench  INFO   started 6 run(s).
2023-11-01 21:46:43,985 bench  INFO   run start: instance_id=UDMIS1TG, args=({'maxiter': 50}, 'BOBYQA', 3, 0, 3, 0, 3, 1000, 1000, 'ibm_nazca', 'ibm_quantum', 'ibm-q-fraunhofer/fhg-all/fitw01', '8h', False, 1, 1).
2023-11-01 21:46:52,500 bench  DEBUG  session start.
2023-11-01 21:46:52,500 bench  DEBUG  estimator start.
2023-11-02 12:18:41,656 bench  DEBUG  solver: cost=1.0482222222222222, params=[3.89704532 1.53163175 1.78090479 5.16647579 4.67493636 1.19439381], index=0.
2023-11-02 12:19:05,260 bench  DEBUG  solver: cost=-0.2866666666666667, params=[4.4136929  1.53163175 1.78090479 5.16647579 4.67493636 1.19439381], index=1.
2023-11-02 12:19:26,375 bench  DEBUG  solver: cost=0.16377777777777766, params=[3.89704532 2.04827933 1.78090479 5.16647579 4.67493636 1.19439381], index=2.
2023-11-02 12:19:49,680 bench  DEBUG  solver: cost=-0.31111111111111106, params=[3.89704532 1.53163175 2.29755237 5.16647579 4.67493636 1.19439381], index=3.
2023-11-02 12:20:13,208 bench  DEBUG  solver: cost=-0.7395555555555553, params=[3.89704532 1.53163175 1.78090479 5.68312337 4.67493636 1.19439381], index=4.
2023-11-02 12:20:36,548 bench  DEBUG  solver: cost=1.1168888888888886, params=[3.89704532 1.53163175 1.78090479 5.16647579 5.19158394 1.19439381], index=5.
2023-11-02 12:21:00,779 bench  DEBUG  solver: cost=1.3866666666666665, params=[3.89704532 1.53163175 1.78090479 5.16647579 4.67493636 1.71104139], index=6.
2023-11-02 12:21:24,721 bench  DEBUG  solver: cost=1.172888888888889, params=[3.38039774 1.53163175 1.78090479 5.16647579 4.67493636 1.19439381], index=7.
2023-11-02 12:21:48,531 bench  DEBUG  solver: cost=1.0824444444444445, params=[3.89704532 1.01498417 1.78090479 5.16647579 4.67493636 1.19439381], index=8.
2023-11-02 12:22:11,869 bench  DEBUG  solver: cost=1.0804444444444445, params=[3.89704532 1.53163175 1.26425721 5.16647579 4.67493636 1.19439381], index=9.
2023-11-02 12:22:34,947 bench  DEBUG  solver: cost=0.4546666666666666, params=[3.89704532 1.53163175 1.78090479 4.64982821 4.67493636 1.19439381], index=10.
2023-11-02 12:22:58,596 bench  DEBUG  solver: cost=1.6733333333333331, params=[3.89704532 1.53163175 1.78090479 5.16647579 4.15828878 1.19439381], index=11.
2023-11-02 12:23:22,265 bench  DEBUG  solver: cost=0.9235555555555556, params=[3.89704532 1.53163175 1.78090479 5.16647579 4.67493636 0.67774623], index=12.
2023-11-02 12:23:45,631 bench  DEBUG  solver: cost=-0.6500000000000001, params=[4.4136929  2.04827933 1.78090479 5.16647579 4.67493636 1.19439381], index=13.
2023-11-02 12:24:11,458 bench  DEBUG  solver: cost=1.537777777777778, params=[3.89704532 2.04827933 2.29755237 5.16647579 4.67493636 1.19439381], index=14.
2023-11-02 12:24:35,202 bench  DEBUG  solver: cost=0.0026666666666667165, params=[3.89704532 1.53163175 2.29755237 5.68312337 4.67493636 1.19439381], index=15.
2023-11-02 12:24:59,767 bench  DEBUG  solver: cost=-0.9191111111111112, params=[3.89704532 1.53163175 1.78090479 5.68312337 5.19158394 1.19439381], index=16.
2023-11-02 12:25:44,049 bench  DEBUG  solver: cost=0.7842222222222222, params=[3.89704532 1.53163175 1.78090479 5.16647579 5.19158394 0.67774623], index=17.
2023-11-02 12:26:07,350 bench  DEBUG  solver: cost=-1.0597777777777777, params=[4.4136929  1.53163175 1.78090479 5.16647579 4.67493636 0.67774623], index=18.
2023-11-02 12:26:30,837 bench  DEBUG  solver: cost=0.2982222222222224, params=[4.4136929  1.53163175 2.29755237 5.16647579 4.67493636 1.19439381], index=19.
2023-11-02 12:26:54,414 bench  DEBUG  solver: cost=-0.19755555555555554, params=[3.89704532 2.04827933 1.78090479 5.68312337 4.67493636 1.19439381], index=20.
2023-11-02 12:27:18,512 bench  DEBUG  solver: cost=-0.258, params=[3.89704532 1.53163175 2.29755237 5.16647579 5.19158394 1.19439381], index=21.
2023-11-02 12:27:59,252 bench  DEBUG  solver: cost=-0.756444444444444, params=[3.89704532 1.53163175 1.78090479 5.68312337 4.67493636 0.67774623], index=22.
2023-11-02 12:28:24,431 bench  DEBUG  solver: cost=-0.5464444444444444, params=[4.4136929  1.53163175 1.78090479 5.16647579 5.19158394 1.19439381], index=23.
2023-11-02 12:28:50,741 bench  DEBUG  solver: cost=0.16399999999999998, params=[3.89704532 2.04827933 1.78090479 5.16647579 4.67493636 0.67774623], index=24.
2023-11-02 12:29:16,313 bench  DEBUG  solver: cost=-0.71, params=[4.4136929  1.53163175 1.78090479 5.68312337 4.67493636 1.19439381], index=25.
2023-11-02 12:29:42,423 bench  DEBUG  solver: cost=-0.33111111111111113, params=[3.89704532 2.04827933 1.78090479 5.16647579 5.19158394 1.19439381], index=26.
2023-11-02 12:30:08,435 bench  DEBUG  solver: cost=-0.8173333333333335, params=[3.89704532 1.53163175 2.29755237 5.16647579 4.67493636 0.67774623], index=27.
2023-11-02 12:30:33,030 bench  DEBUG  solver: cost=0.023333333333333352, params=[4.81822839 1.62003988 1.57005174 4.97691374 4.76010528 0.5893537 ], index=28.
2023-11-02 12:30:57,476 bench  DEBUG  solver: cost=-0.43600000000000005, params=[4.4011546  1.81880223 1.59347224 4.84803225 4.79460433 0.59161958], index=29.
2023-11-02 12:31:21,641 bench  DEBUG  solver: cost=-1.4435555555555555, params=[4.47329183 1.6343197  1.62653091 5.50807861 4.86549541 0.51876306], index=30.
2023-11-02 12:32:10,828 bench  DEBUG  solver: cost=-1.173111111111111, params=[4.49482047 1.60073487 1.97096701 5.71709887 5.03426137 0.36445832], index=31.
2023-11-02 12:32:34,845 bench  DEBUG  solver: cost=-1.437111111111111, params=[4.51426308 1.6958879  1.60225456 5.74831628 4.53808425 0.36333522], index=32.
2023-11-02 12:32:58,190 bench  DEBUG  solver: cost=-1.2680000000000002, params=[4.48418031 1.75513274 1.41238322 5.80113192 4.93555058 0.67293103], index=33.
2023-11-02 12:33:21,455 bench  DEBUG  solver: cost=-1.006, params=[4.4048743  1.3652377  1.82112875 5.52940167 4.80406241 0.32160547], index=34.
2023-11-02 12:33:45,688 bench  DEBUG  solver: cost=-0.9242222222222221, params=[4.45440187 1.94131747 1.76950716 5.41916923 4.91303794 0.3897557 ], index=35.
2023-11-02 12:34:26,082 bench  DEBUG  solver: cost=-0.7986666666666666, params=[4.48290258 1.85417187 1.38821266 5.41271452 4.83224793 0.63101845], index=36.
2023-11-02 12:34:51,308 bench  DEBUG  solver: cost=0.6506666666666667, params=[4.48002212 1.39112994 1.39959078 5.53314555 4.88885201 0.57390001], index=37.
2023-11-02 12:35:16,899 bench  DEBUG  solver: cost=-0.0628888888888889, params=[4.67746641 1.57446279 1.84974659 5.53328676 4.80570141 0.45248154], index=38.
2023-11-02 12:35:41,317 bench  DEBUG  solver: cost=-2.056888888888889, params=[4.37153057 1.70153569 1.68256957 5.69602776 4.88619298 0.32051083], index=39.
2023-11-02 12:36:05,808 bench  DEBUG  solver: cost=-1.791111111111111, params=[4.40543762 1.6814041  1.500258   5.89518656 4.79262024 0.22122169], index=40.
2023-11-02 12:36:29,277 bench  DEBUG  solver: cost=-1.4953333333333334, params=[4.31438592 1.66935064 1.84132451 5.85202893 4.90263873 0.14763764], index=41.
2023-11-02 12:36:53,348 bench  DEBUG  solver: cost=-1.6011111111111112, params=[4.36034383 1.8170407  1.70916279 5.87870812 5.021778   0.41776445], index=42.
2023-11-02 12:37:16,642 bench  DEBUG  solver: cost=-1.7422222222222221, params=[4.20477614 1.67876901 1.58392362 5.6324381  4.90122044 0.16016341], index=43.
2023-11-02 12:37:40,565 bench  DEBUG  solver: cost=-1.5973333333333335, params=[4.29913912 1.6775518  1.81037916 5.71923499 4.71979667 0.42388622], index=44.
2023-11-02 12:38:28,133 bench  DEBUG  solver: cost=-1.9231111111111117, params=[4.40338054 1.6821793  1.60570141 5.69731588 5.09799907 0.26620791], index=45.
2023-11-02 12:38:51,206 bench  DEBUG  solver: cost=-2.0153333333333325, params=[4.22823521 1.63934757 1.71292038 5.77605793 5.01551277 0.35230952], index=46.
2023-11-02 12:39:15,443 bench  DEBUG  solver: cost=-1.431111111111111, params=[4.40594486 1.6063706  1.59975367 5.64063744 4.82975784 0.17461035], index=47.
2023-11-02 12:39:40,005 bench  DEBUG  solver: cost=-1.4913333333333332, params=[4.27778621 1.84623615 1.59242492 5.72712488 4.87373255 0.28750495], index=48.
2023-11-02 12:40:31,612 bench  DEBUG  solver: cost=-1.8291111111111114, params=[4.29144024 1.74272671 1.75265751 5.63933051 5.02237538 0.28344301], index=49.
2023-11-02 12:40:31,612 bench  DEBUG  sampler start.
2023-11-02 12:40:58,510 bench  DEBUG  session end.
2023-11-02 12:41:21,592 bench  INFO   run finished: success, saved to "result/qpu_bobyqa1000_p3_nazca_tg/qpu_bobyqa1000_p3_nazca_tg_ibm_nazca_2.0.1_1698871603.985869_0000.json".
2023-11-02 12:41:21,592 bench  INFO   run 1/6 complete.
2023-11-02 12:41:21,592 bench  INFO   run start: instance_id=UDMIS2TG, args=({'maxiter': 50}, 'BOBYQA', 3, 0, 3, 0, 3, 1000, 1000, 'ibm_nazca', 'ibm_quantum', 'ibm-q-fraunhofer/fhg-all/fitw01', '8h', False, 1, 1).
2023-11-02 12:41:30,530 bench  DEBUG  session start.
2023-11-02 12:41:30,530 bench  DEBUG  estimator start.
2023-11-02 12:46:58,330 bench  DEBUG  solver: cost=0.686875, params=[4.87275911 5.44905079 5.82922995 5.20830565 1.86585466 3.37130071], index=0.
2023-11-02 12:47:25,308 bench  DEBUG  solver: cost=0.25225, params=[5.4556821  5.44905079 5.82922995 5.20830565 1.86585466 3.37130071], index=1.
2023-11-02 12:47:50,043 bench  DEBUG  solver: cost=0.3784999999999999, params=[4.87275911 6.03197379 5.82922995 5.20830565 1.86585466 3.37130071], index=2.
2023-11-02 12:48:14,491 bench  DEBUG  solver: cost=-0.39225000000000004, params=[4.87275911 5.44905079 6.28318531 5.20830565 1.86585466 3.37130071], index=3.
2023-11-02 12:48:38,922 bench  DEBUG  solver: cost=-0.592625, params=[4.87275911 5.44905079 5.82922995 5.79122865 1.86585466 3.37130071], index=4.
2023-11-02 12:49:02,919 bench  DEBUG  solver: cost=0.13824999999999996, params=[4.87275911 5.44905079 5.82922995 5.20830565 2.44877765 3.37130071], index=5.
2023-11-02 12:49:57,868 bench  DEBUG  solver: cost=0.5131249999999999, params=[4.87275911 5.44905079 5.82922995 5.20830565 1.86585466 3.9542237 ], index=6.
2023-11-02 12:50:22,204 bench  DEBUG  solver: cost=0.5771250000000001, params=[4.28983611 5.44905079 5.82922995 5.20830565 1.86585466 3.37130071], index=7.
2023-11-02 12:50:56,808 bench  DEBUG  solver: cost=-0.19787500000000005, params=[4.87275911 4.8661278  5.82922995 5.20830565 1.86585466 3.37130071], index=8.
2023-11-02 12:51:39,682 bench  DEBUG  solver: cost=-0.728875, params=[4.87275911 5.44905079 5.24630696 5.20830565 1.86585466 3.37130071], index=9.
2023-11-02 12:52:06,415 bench  DEBUG  solver: cost=-0.8325000000000001, params=[4.87275911 5.44905079 5.82922995 4.62538266 1.86585466 3.37130071], index=10.
2023-11-02 12:52:32,939 bench  DEBUG  solver: cost=-0.20224999999999993, params=[4.87275911 5.44905079 5.82922995 5.20830565 1.28293166 3.37130071], index=11.
2023-11-02 12:52:57,387 bench  DEBUG  solver: cost=-0.17325000000000004, params=[4.87275911 5.44905079 5.82922995 5.20830565 1.86585466 2.78837771], index=12.
2023-11-02 12:53:20,920 bench  DEBUG  solver: cost=0.07062500000000001, params=[5.4556821  4.8661278  5.82922995 5.20830565 1.86585466 3.37130071], index=13.
2023-11-02 12:53:45,439 bench  DEBUG  solver: cost=0.38899999999999996, params=[4.87275911 4.8661278  5.24630696 5.20830565 1.86585466 3.37130071], index=14.
2023-11-02 12:54:13,257 bench  DEBUG  solver: cost=-0.4055, params=[4.87275911 5.44905079 5.24630696 4.62538266 1.86585466 3.37130071], index=15.
2023-11-02 12:54:51,856 bench  DEBUG  solver: cost=0.18937500000000002, params=[4.87275911 5.44905079 5.82922995 4.62538266 1.28293166 3.37130071], index=16.
2023-11-02 12:55:19,279 bench  DEBUG  solver: cost=0.1625, params=[4.87275911 5.44905079 5.82922995 5.20830565 1.28293166 2.78837771], index=17.
2023-11-02 12:55:43,288 bench  DEBUG  solver: cost=0.20887499999999998, params=[5.4556821  5.44905079 5.82922995 5.20830565 1.86585466 2.78837771], index=18.
2023-11-02 12:56:29,937 bench  DEBUG  solver: cost=0.5236250000000001, params=[5.4556821  5.44905079 5.24630696 5.20830565 1.86585466 3.37130071], index=19.
2023-11-02 12:56:56,634 bench  DEBUG  solver: cost=-0.4431250000000001, params=[4.87275911 4.8661278  5.82922995 4.62538266 1.86585466 3.37130071], index=20.
2023-11-02 12:57:23,529 bench  DEBUG  solver: cost=0.7926250000000001, params=[4.87275911 5.44905079 5.24630696 5.20830565 1.28293166 3.37130071], index=21.
2023-11-02 12:57:47,602 bench  DEBUG  solver: cost=-0.4756249999999999, params=[4.87275911 5.44905079 5.82922995 4.62538266 1.86585466 2.78837771], index=22.
2023-11-02 12:58:12,643 bench  DEBUG  solver: cost=-0.23462500000000003, params=[5.4556821  5.44905079 5.82922995 5.20830565 1.28293166 3.37130071], index=23.
2023-11-02 12:58:51,626 bench  DEBUG  solver: cost=-0.3005000000000001, params=[4.87275911 4.8661278  5.82922995 5.20830565 1.86585466 2.78837771], index=24.
2023-11-02 12:59:30,693 bench  DEBUG  solver: cost=0.03512500000000009, params=[5.4556821  5.44905079 5.82922995 4.62538266 1.86585466 3.37130071], index=25.
2023-11-02 13:00:02,502 bench  DEBUG  solver: cost=-0.35425000000000006, params=[4.87275911 4.8661278  5.82922995 5.20830565 1.28293166 3.37130071], index=26.
2023-11-02 13:00:26,677 bench  DEBUG  solver: cost=0.5945, params=[4.87275911 5.44905079 5.24630696 5.20830565 1.86585466 2.78837771], index=27.
2023-11-02 13:01:15,043 bench  DEBUG  solver: cost=-0.6496250000000001, params=[4.77191284 5.52624109 6.04456008 4.13348797 2.04814135 3.41729003], index=28.
2023-11-02 13:01:51,739 bench  DEBUG  solver: cost=0.46475, params=[4.84084598 5.34909219 6.28318531 4.60713035 2.04467094 3.13197927], index=29.
2023-11-02 13:02:17,151 bench  DEBUG  solver: cost=-0.10799999999999998, params=[4.65701088 5.6244727  6.03904815 4.56655245 2.24347424 3.45982191], index=30.
2023-11-02 13:02:43,153 bench  DEBUG  solver: cost=0.029500000000000023, params=[4.82963772 5.48652883 5.51569054 4.58141216 2.24598052 3.39134126], index=31.
2023-11-02 13:03:07,691 bench  DEBUG  solver: cost=-0.08974999999999991, params=[4.65136907 5.67820213 6.05604737 4.55173232 1.70165756 3.56517485], index=32.
2023-11-02 13:03:32,026 bench  DEBUG  solver: cost=0.554, params=[5.02884309 5.26457139 5.59124638 4.40264501 1.77075345 3.20541502], index=33.
2023-11-02 13:03:56,239 bench  DEBUG  solver: cost=-0.24537499999999998, params=[4.98005186 5.77964346 5.692167   4.50047136 1.773854   3.24119774], index=34.
2023-11-02 13:04:20,949 bench  DEBUG  solver: cost=-0.5165, params=[4.5529133  5.34093934 5.70722889 4.51726066 1.78529173 3.24511857], index=35.
2023-11-02 13:04:45,232 bench  DEBUG  solver: cost=-0.25787499999999997, params=[4.96552687 5.34965035 5.70266896 4.5066134  1.77345395 3.66983782], index=36.
2023-11-02 13:05:09,435 bench  DEBUG  solver: cost=-0.04625000000000003, params=[4.97145117 5.3410935  6.07771794 4.60025222 1.83934887 3.58932727], index=37.
2023-11-02 13:05:35,850 bench  DEBUG  solver: cost=-0.260375, params=[4.9831213  5.683609   6.04159421 4.61483204 1.85618375 3.29397107], index=38.
2023-11-02 13:06:01,464 bench  DEBUG  solver: cost=0.49725, params=[4.72466768 5.55153626 5.61310881 4.75030484 1.82307674 3.47303863], index=39.
2023-11-02 13:06:27,776 bench  DEBUG  solver: cost=0.28150000000000003, params=[4.99058599 5.40521817 5.65013544 4.83030654 1.93006924 3.32688556], index=40.
2023-11-02 13:06:51,754 bench  DEBUG  solver: cost=0.5275000000000001, params=[4.70052063 5.38837758 5.87005663 4.42884756 1.93251863 3.27895329], index=41.
2023-11-02 13:07:18,024 bench  DEBUG  solver: cost=0.8533750000000001, params=[5.02221349 5.44404068 5.87752241 4.60186236 2.09492119 3.36722555], index=42.
2023-11-02 13:07:48,478 bench  DEBUG  solver: cost=0.50825, params=[4.78753943 5.3023355  5.93840042 4.63053147 1.69571142 3.34951103], index=43.
2023-11-02 13:08:18,017 bench  DEBUG  solver: cost=0.02024999999999999, params=[4.97059428 5.60927558 5.83519224 4.57391488 1.82694313 3.52467342], index=44.
2023-11-02 13:08:49,083 bench  DEBUG  solver: cost=-0.61875, params=[4.80302887 5.42533177 5.97435492 4.79505671 1.90491041 3.37635571], index=45.
2023-11-02 13:09:13,555 bench  DEBUG  solver: cost=0.0021250000000000192, params=[4.76857127 5.51820898 5.78369849 4.69649202 1.9366454  3.21890945], index=46.
2023-11-02 13:09:37,767 bench  DEBUG  solver: cost=-0.022125000000000047, params=[4.97988664 5.53555224 5.83029784 4.74892827 1.75884039 3.39011082], index=47.
2023-11-02 13:10:01,907 bench  DEBUG  solver: cost=0.21499999999999994, params=[4.77543296 5.30702934 5.74660533 4.6765655  1.91231085 3.36327017], index=48.
2023-11-02 13:10:26,312 bench  DEBUG  solver: cost=-0.051375, params=[4.9790381  5.34002606 5.87768513 4.72652069 1.8275714  3.36357193], index=49.
2023-11-02 13:10:26,312 bench  DEBUG  sampler start.
2023-11-02 13:10:57,374 bench  DEBUG  session end.
2023-11-02 13:11:17,361 bench  INFO   run finished: success, saved to "result/qpu_bobyqa1000_p3_nazca_tg/qpu_bobyqa1000_p3_nazca_tg_ibm_nazca_2.0.1_1698871603.985869_0001.json".
2023-11-02 13:11:17,361 bench  INFO   run 2/6 complete.
2023-11-02 13:11:17,361 bench  INFO   run start: instance_id=UDMIS4TG, args=({'maxiter': 50}, 'BOBYQA', 3, 0, 3, 0, 3, 1000, 1000, 'ibm_nazca', 'ibm_quantum', 'ibm-q-fraunhofer/fhg-all/fitw01', '8h', False, 1, 1).
2023-11-02 13:11:25,001 bench  DEBUG  session start.
2023-11-02 13:11:25,001 bench  DEBUG  estimator start.
2023-11-02 13:16:55,568 bench  DEBUG  solver: cost=-0.518875, params=[4.15829534 2.86768413 2.40932942 1.62539493 2.90399095 2.86419441], index=0.
2023-11-02 13:17:19,168 bench  DEBUG  solver: cost=-0.34199999999999997, params=[4.57412487 2.86768413 2.40932942 1.62539493 2.90399095 2.86419441], index=1.
2023-11-02 13:17:43,278 bench  DEBUG  solver: cost=-0.286875, params=[4.15829534 3.28351367 2.40932942 1.62539493 2.90399095 2.86419441], index=2.
2023-11-02 13:18:07,350 bench  DEBUG  solver: cost=0.22175000000000006, params=[4.15829534 2.86768413 2.82515896 1.62539493 2.90399095 2.86419441], index=3.
2023-11-02 13:18:30,597 bench  DEBUG  solver: cost=-0.31749999999999995, params=[4.15829534 2.86768413 2.40932942 2.04122447 2.90399095 2.86419441], index=4.
2023-11-02 13:18:54,810 bench  DEBUG  solver: cost=-1.319375, params=[4.15829534 2.86768413 2.40932942 1.62539493 3.31982049 2.86419441], index=5.
2023-11-02 13:19:18,878 bench  DEBUG  solver: cost=-1.341125, params=[4.15829534 2.86768413 2.40932942 1.62539493 2.90399095 3.28002395], index=6.
2023-11-02 13:19:47,872 bench  DEBUG  solver: cost=0.639375, params=[3.74246581 2.86768413 2.40932942 1.62539493 2.90399095 2.86419441], index=7.
2023-11-02 13:20:12,140 bench  DEBUG  solver: cost=0.42337499999999995, params=[4.15829534 2.4518546  2.40932942 1.62539493 2.90399095 2.86419441], index=8.
2023-11-02 13:20:36,543 bench  DEBUG  solver: cost=-0.126875, params=[4.15829534 2.86768413 1.99349989 1.62539493 2.90399095 2.86419441], index=9.
2023-11-02 13:21:00,438 bench  DEBUG  solver: cost=-0.53425, params=[4.15829534 2.86768413 2.40932942 1.2095654  2.90399095 2.86419441], index=10.
2023-11-02 13:21:24,810 bench  DEBUG  solver: cost=-0.596875, params=[4.15829534 2.86768413 2.40932942 1.62539493 2.48816142 2.86419441], index=11.
2023-11-02 13:21:53,389 bench  DEBUG  solver: cost=0.430375, params=[4.15829534 2.86768413 2.40932942 1.62539493 2.90399095 2.44836488], index=12.
2023-11-02 13:22:17,723 bench  DEBUG  solver: cost=1.166625, params=[4.57412487 3.28351367 2.40932942 1.62539493 2.90399095 2.86419441], index=13.
2023-11-02 13:22:41,534 bench  DEBUG  solver: cost=-1.1498750000000002, params=[4.15829534 3.28351367 1.99349989 1.62539493 2.90399095 2.86419441], index=14.
2023-11-02 13:23:05,182 bench  DEBUG  solver: cost=-0.6793750000000001, params=[4.15829534 2.86768413 1.99349989 1.2095654  2.90399095 2.86419441], index=15.
2023-11-02 13:23:36,007 bench  DEBUG  solver: cost=-1.1065, params=[4.15829534 2.86768413 2.40932942 1.2095654  3.31982049 2.86419441], index=16.
2023-11-02 13:24:00,678 bench  DEBUG  solver: cost=-1.158625, params=[4.15829534 2.86768413 2.40932942 1.62539493 3.31982049 3.28002395], index=17.
2023-11-02 13:24:24,454 bench  DEBUG  solver: cost=-0.48324999999999996, params=[4.57412487 2.86768413 2.40932942 1.62539493 2.90399095 3.28002395], index=18.
2023-11-02 13:24:48,151 bench  DEBUG  solver: cost=-0.957625, params=[4.57412487 2.86768413 1.99349989 1.62539493 2.90399095 2.86419441], index=19.
2023-11-02 13:25:13,582 bench  DEBUG  solver: cost=0.45137499999999997, params=[4.15829534 3.28351367 2.40932942 1.2095654  2.90399095 2.86419441], index=20.
2023-11-02 13:25:38,656 bench  DEBUG  solver: cost=-0.42562500000000003, params=[4.15829534 2.86768413 1.99349989 1.62539493 3.31982049 2.86419441], index=21.
2023-11-02 13:26:02,543 bench  DEBUG  solver: cost=-1.558, params=[4.15829534 2.86768413 2.40932942 1.2095654  2.90399095 3.28002395], index=22.
2023-11-02 13:26:27,635 bench  DEBUG  solver: cost=-0.19500000000000006, params=[4.57412487 2.86768413 2.40932942 1.62539493 3.31982049 2.86419441], index=23.
2023-11-02 13:26:51,806 bench  DEBUG  solver: cost=0.07974999999999999, params=[4.15829534 3.28351367 2.40932942 1.62539493 2.90399095 3.28002395], index=24.
2023-11-02 13:27:16,176 bench  DEBUG  solver: cost=-0.28787500000000005, params=[4.57412487 2.86768413 2.40932942 1.2095654  2.90399095 2.86419441], index=25.
2023-11-02 13:27:40,337 bench  DEBUG  solver: cost=-0.2055, params=[4.15829534 3.28351367 2.40932942 1.62539493 3.31982049 2.86419441], index=26.
2023-11-02 13:28:05,582 bench  DEBUG  solver: cost=-0.32012500000000005, params=[4.15829534 2.86768413 1.99349989 1.62539493 2.90399095 3.28002395], index=27.
2023-11-02 13:31:07,781 bench  DEBUG  solver: cost=-1.30925, params=[4.17867138 2.6331034  2.47619295 1.12273607 2.72431144 3.55053477], index=28.
2023-11-02 13:31:31,936 bench  DEBUG  solver: cost=-1.4622499999999998, params=[4.38145032 2.91441677 2.11903062 1.10132098 2.9756909  3.33426278], index=29.
2023-11-02 13:31:56,160 bench  DEBUG  solver: cost=-0.24900000000000005, params=[4.26532637 2.71936704 2.5732151  1.19619055 3.15788486 3.40293607], index=30.
2023-11-02 13:32:20,086 bench  DEBUG  solver: cost=-1.9660000000000002, params=[3.92270087 2.95962513 2.23776307 1.1325784  3.0324385  3.38291185], index=31.
2023-11-02 13:32:53,092 bench  DEBUG  solver: cost=-1.8560000000000003, params=[3.98719748 3.09080268 2.0780346  1.06743293 2.7927332  3.45266782], index=32.
2023-11-02 13:33:17,045 bench  DEBUG  solver: cost=-1.0658750000000001, params=[3.76262693 2.98588142 2.26298988 1.15952876 3.3038824  3.35081567], index=33.
2023-11-02 13:33:40,623 bench  DEBUG  solver: cost=-0.8612499999999998, params=[3.76576543 2.72011388 2.24616378 1.08090393 3.02605182 3.46727838], index=34.
2023-11-02 13:34:04,263 bench  DEBUG  solver: cost=-1.1965000000000001, params=[4.04309912 3.13543974 2.15012613 1.11946907 3.20128855 3.34877803], index=35.
2023-11-02 13:34:28,082 bench  DEBUG  solver: cost=-1.6463750000000004, params=[4.03331138 2.80314728 2.10731272 1.10924541 2.8920923  3.40424522], index=36.
2023-11-02 13:34:51,832 bench  DEBUG  solver: cost=-1.9160000000000001, params=[3.75043351 3.05146595 2.36059535 1.12084985 2.92570156 3.43238612], index=37.
2023-11-02 13:35:15,525 bench  DEBUG  solver: cost=-0.9235, params=[3.93699198 2.97157309 2.29393862 1.1401419  3.03285963 3.62109536], index=38.
2023-11-02 13:35:39,088 bench  DEBUG  solver: cost=-1.7910000000000001, params=[3.85367514 3.05560867 2.21583275 1.11848582 2.84542727 3.3137533 ], index=39.
2023-11-02 13:36:05,667 bench  DEBUG  solver: cost=-1.9688750000000002, params=[3.82667483 3.12002137 2.20328558 1.14567499 3.05247699 3.27279207], index=40.
2023-11-02 13:36:31,029 bench  DEBUG  solver: cost=-1.4969999999999999, params=[3.83927158 3.1253124  2.25326915 0.93187095 3.07340867 3.27365446], index=41.
2023-11-02 13:36:55,935 bench  DEBUG  solver: cost=-1.62575, params=[3.92738134 3.05049297 2.31513422 1.2608921  3.06784115 3.21731772], index=42.
2023-11-02 13:37:20,313 bench  DEBUG  solver: cost=-1.5143749999999998, params=[3.8347634  3.09251008 2.03500591 1.06441051 3.08895138 3.32261761], index=43.
2023-11-02 13:37:45,336 bench  DEBUG  solver: cost=-1.643125, params=[3.79500576 3.27327692 2.22583205 1.12405553 2.9755428  3.33848518], index=44.
2023-11-02 13:38:08,967 bench  DEBUG  solver: cost=-1.8351250000000001, params=[3.83809186 3.08790634 2.17120836 1.07515411 3.19243931 3.20007321], index=45.
2023-11-02 13:38:34,033 bench  DEBUG  solver: cost=-1.4172500000000001, params=[3.74353725 3.11196578 2.18888925 1.13368713 3.03403266 3.41856386], index=46.
2023-11-02 13:38:58,724 bench  DEBUG  solver: cost=-1.7439999999999998, params=[3.95664954 3.12297906 2.19758539 1.14586704 2.96302091 3.30467315], index=47.
2023-11-02 13:39:23,674 bench  DEBUG  solver: cost=-1.6703749999999997, params=[3.76806167 3.03425085 2.2635236  1.07539988 3.03827959 3.21064574], index=48.
2023-11-02 13:39:47,939 bench  DEBUG  solver: cost=-1.7881250000000002, params=[3.80819518 3.17568941 2.15751057 1.26323777 3.07880354 3.30397633], index=49.
2023-11-02 13:39:47,939 bench  DEBUG  sampler start.
2023-11-02 13:40:13,999 bench  DEBUG  session end.
2023-11-02 13:40:38,090 bench  INFO   run finished: success, saved to "result/qpu_bobyqa1000_p3_nazca_tg/qpu_bobyqa1000_p3_nazca_tg_ibm_nazca_2.0.1_1698871603.985869_0002.json".
2023-11-02 13:40:38,090 bench  INFO   run 3/6 complete.
2023-11-02 13:40:38,090 bench  INFO   run start: instance_id=UDMIS3TG, args=({'maxiter': 50}, 'BOBYQA', 3, 0, 3, 0, 3, 1000, 1000, 'ibm_nazca', 'ibm_quantum', 'ibm-q-fraunhofer/fhg-all/fitw01', '8h', False, 1, 1).
2023-11-02 13:40:46,467 bench  DEBUG  session start.
2023-11-02 13:40:46,483 bench  DEBUG  estimator start.
2023-11-02 13:46:53,767 bench  DEBUG  solver: cost=0.49061538461538456, params=[1.41720455 3.21948182 4.44253021 0.38915537 0.42740979 0.07309987], index=0.
2023-11-02 13:47:40,255 bench  DEBUG  solver: cost=0.35269230769230775, params=[1.86145757 3.21948182 4.44253021 0.38915537 0.42740979 0.07309987], index=1.
2023-11-02 13:48:09,818 bench  DEBUG  solver: cost=0.07892307692307687, params=[1.41720455 3.66373484 4.44253021 0.38915537 0.42740979 0.07309987], index=2.
2023-11-02 13:48:40,138 bench  DEBUG  solver: cost=0.1638461538461537, params=[1.41720455 3.21948182 4.88678323 0.38915537 0.42740979 0.07309987], index=3.
2023-11-02 13:49:09,536 bench  DEBUG  solver: cost=0.9211538461538461, params=[1.41720455 3.21948182 4.44253021 0.83340839 0.42740979 0.07309987], index=4.
2023-11-02 13:49:42,998 bench  DEBUG  solver: cost=0.03353846153846164, params=[1.41720455 3.21948182 4.44253021 0.38915537 0.87166281 0.07309987], index=5.
2023-11-02 13:50:25,627 bench  DEBUG  solver: cost=0.10838461538461538, params=[1.41720455 3.21948182 4.44253021 0.38915537 0.42740979 0.51735289], index=6.
2023-11-02 13:51:20,406 bench  DEBUG  solver: cost=-0.11638461538461548, params=[0.97295153 3.21948182 4.44253021 0.38915537 0.42740979 0.07309987], index=7.
2023-11-02 13:51:50,036 bench  DEBUG  solver: cost=-0.3904615384615384, params=[1.41720455 2.7752288  4.44253021 0.38915537 0.42740979 0.07309987], index=8.
2023-11-02 13:52:24,513 bench  DEBUG  solver: cost=0.2505384615384616, params=[1.41720455 3.21948182 3.99827719 0.38915537 0.42740979 0.07309987], index=9.
2023-11-02 13:52:54,700 bench  DEBUG  solver: cost=0.020076923076923173, params=[ 1.41720455  3.21948182  4.44253021 -0.05509765  0.42740979  0.07309987], index=10.
2023-11-02 13:53:23,839 bench  DEBUG  solver: cost=0.7603076923076925, params=[ 1.41720455  3.21948182  4.44253021  0.38915537 -0.01684323  0.07309987], index=11.
2023-11-02 13:53:53,060 bench  DEBUG  solver: cost=-0.46969230769230774, params=[ 1.41720455  3.21948182  4.44253021  0.38915537  0.42740979 -0.37115315], index=12.
2023-11-02 13:54:21,824 bench  DEBUG  solver: cost=-0.34507692307692317, params=[0.97295153 2.7752288  4.44253021 0.38915537 0.42740979 0.07309987], index=13.
2023-11-02 13:54:56,275 bench  DEBUG  solver: cost=0.7130769230769232, params=[1.41720455 2.7752288  4.88678323 0.38915537 0.42740979 0.07309987], index=14.
2023-11-02 13:55:25,765 bench  DEBUG  solver: cost=0.014230769230769156, params=[ 1.41720455  3.21948182  4.88678323 -0.05509765  0.42740979  0.07309987], index=15.
2023-11-02 13:56:22,294 bench  DEBUG  solver: cost=0.6957692307692309, params=[ 1.41720455  3.21948182  4.44253021 -0.05509765  0.87166281  0.07309987], index=16.
2023-11-02 13:57:27,317 bench  DEBUG  solver: cost=-0.4656153846153847, params=[ 1.41720455  3.21948182  4.44253021  0.38915537  0.87166281 -0.37115315], index=17.
2023-11-02 13:57:57,453 bench  DEBUG  solver: cost=2.264769230769231, params=[ 0.97295153  3.21948182  4.44253021  0.38915537  0.42740979 -0.37115315], index=18.
2023-11-02 13:58:31,693 bench  DEBUG  solver: cost=0.16853846153846155, params=[0.97295153 3.21948182 4.88678323 0.38915537 0.42740979 0.07309987], index=19.
2023-11-02 13:59:03,112 bench  DEBUG  solver: cost=0.7094615384615386, params=[ 1.41720455  2.7752288   4.44253021 -0.05509765  0.42740979  0.07309987], index=20.
2023-11-02 13:59:31,827 bench  DEBUG  solver: cost=-0.09476923076923074, params=[1.41720455 3.21948182 4.88678323 0.38915537 0.87166281 0.07309987], index=21.
2023-11-02 14:05:40,867 bench  DEBUG  solver: cost=0.3182307692307693, params=[ 1.41720455  3.21948182  4.44253021 -0.05509765  0.42740979 -0.37115315], index=22.
2023-11-02 14:06:10,306 bench  DEBUG  solver: cost=0.3254615384615386, params=[0.97295153 3.21948182 4.44253021 0.38915537 0.87166281 0.07309987], index=23.
2023-11-02 14:06:43,026 bench  DEBUG  solver: cost=-0.1423076923076923, params=[ 1.41720455  2.7752288   4.44253021  0.38915537  0.42740979 -0.37115315], index=24.
2023-11-02 14:07:13,958 bench  DEBUG  solver: cost=0.980846153846154, params=[ 0.97295153  3.21948182  4.44253021 -0.05509765  0.42740979  0.07309987], index=25.
2023-11-02 14:07:43,127 bench  DEBUG  solver: cost=0.8290000000000003, params=[1.41720455 2.7752288  4.44253021 0.38915537 0.87166281 0.07309987], index=26.
2023-11-02 14:08:12,312 bench  DEBUG  solver: cost=1.4764615384615385, params=[ 1.41720455  3.21948182  4.88678323  0.38915537  0.42740979 -0.37115315], index=27.
2023-11-02 14:08:41,667 bench  DEBUG  solver: cost=0.5357692307692308, params=[ 1.69335713  3.26663056  4.25885471  0.40935699  0.46099649 -0.66029781], index=28.
2023-11-02 14:09:10,346 bench  DEBUG  solver: cost=1.048923076923077, params=[ 1.76882148  3.23783676  4.24019804  0.33624169  0.51442416 -0.31788932], index=29.
2023-11-02 14:09:40,685 bench  DEBUG  solver: cost=1.4506153846153846, params=[ 1.73074056  3.26823027  4.68425719  0.38271301  0.45169719 -0.36030634], index=30.
2023-11-02 14:10:10,390 bench  DEBUG  solver: cost=-0.32746153846153836, params=[ 1.62995769  3.42562892  4.28999966  0.54092434  0.32787857 -0.38873903], index=31.
2023-11-02 14:10:39,521 bench  DEBUG  solver: cost=1.108, params=[ 1.22936944  3.46048912  4.31510491  0.3391923   0.54384655 -0.43304662], index=32.
2023-11-02 14:11:14,186 bench  DEBUG  solver: cost=0.405, params=[ 1.42128177  3.06558638  4.16710757  0.50294317  0.38657285 -0.42301731], index=33.
2023-11-02 14:11:44,697 bench  DEBUG  solver: cost=0.8661538461538459, params=[ 1.59318865  3.1000916   4.43872953  0.59490534  0.29693599 -0.3541162 ], index=34.
2023-11-02 14:12:13,381 bench  DEBUG  solver: cost=0.41346153846153844, params=[ 1.24840441  3.14726636  4.47702284  0.59341313  0.52633966 -0.46199692], index=35.
2023-11-02 14:12:42,744 bench  DEBUG  solver: cost=-0.6738461538461538, params=[ 1.4160702   3.1822045   4.516437    0.16671239  0.52261204 -0.5110098 ], index=36.
2023-11-02 14:13:12,575 bench  DEBUG  solver: cost=0.40661538461538466, params=[ 1.52172221  3.36507437  4.58025186  0.049653    0.66903461 -0.47726391], index=37.
2023-11-02 14:13:42,149 bench  DEBUG  solver: cost=0.1147692307692309, params=[ 1.49374333  2.96953887  4.55155684  0.02426859  0.58496076 -0.50921949], index=38.
2023-11-02 14:14:10,628 bench  DEBUG  solver: cost=-0.08807692307692301, params=[ 1.24008439  3.03925518  4.49061193  0.17915141  0.65092403 -0.52215853], index=39.
2023-11-02 14:14:40,749 bench  DEBUG  solver: cost=-0.6692307692307693, params=[ 1.40083306  3.11327468  4.54228549  0.11856871  0.31226303 -0.61045716], index=40.
2023-11-02 14:15:49,888 bench  DEBUG  solver: cost=0.609923076923077, params=[ 1.53892235  3.10433335  4.45432395  0.16573255  0.35043383 -0.47815239], index=41.
2023-11-02 14:16:21,104 bench  DEBUG  solver: cost=-0.4838461538461539, params=[ 1.29360258  3.07875044  4.56768565  0.04046699  0.45994114 -0.46504484], index=42.
2023-11-02 14:16:50,645 bench  DEBUG  solver: cost=0.18484615384615385, params=[ 1.31537206  3.15772555  4.44958286  0.21941281  0.46662434 -0.66602283], index=43.
2023-11-02 14:17:20,426 bench  DEBUG  solver: cost=0.5302307692307692, params=[ 1.43986292  3.01742462  4.58621591  0.25663731  0.52583178 -0.51896254], index=44.
2023-11-02 14:17:49,186 bench  DEBUG  solver: cost=0.04130769230769229, params=[ 1.4283597   3.16721563  4.35767535  0.09588424  0.58993188 -0.54898082], index=45.
2023-11-02 14:18:23,637 bench  DEBUG  solver: cost=-0.7026923076923077, params=[ 1.40082416  3.29340103  4.58073706  0.09143008  0.42516159 -0.54432669], index=46.
2023-11-02 14:18:53,264 bench  DEBUG  solver: cost=0.6770769230769231, params=[ 1.43006801  3.3218133   4.64687471  0.16307135  0.34071156 -0.65073094], index=47.
2023-11-02 14:19:22,705 bench  DEBUG  solver: cost=-0.113923076923077, params=[ 1.45042372  3.21789632  4.65831894 -0.01530244  0.4293256  -0.57817001], index=48.
2023-11-02 14:19:51,654 bench  DEBUG  solver: cost=0.23784615384615385, params=[ 1.4473723   3.32024625  4.55369361  0.13654321  0.31681767 -0.46307328], index=49.
2023-11-02 14:19:51,654 bench  DEBUG  sampler start.
2023-11-02 14:20:41,246 bench  DEBUG  session end.
2023-11-02 14:21:04,551 bench  INFO   run finished: success, saved to "result/qpu_bobyqa1000_p3_nazca_tg/qpu_bobyqa1000_p3_nazca_tg_ibm_nazca_2.0.1_1698871603.985869_0003.json".
2023-11-02 14:21:04,551 bench  INFO   run 4/6 complete.
2023-11-02 14:21:04,551 bench  INFO   run start: instance_id=UDMIS5TG, args=({'maxiter': 50}, 'BOBYQA', 3, 0, 3, 0, 3, 1000, 1000, 'ibm_nazca', 'ibm_quantum', 'ibm-q-fraunhofer/fhg-all/fitw01', '8h', False, 1, 1).
2023-11-02 14:21:17,994 bench  DEBUG  session start.
2023-11-02 14:21:17,994 bench  DEBUG  estimator start.
2023-11-02 14:26:51,358 bench  DEBUG  solver: cost=-1.5861290322580646, params=[3.7912163  3.66180054 1.36236532 3.73155115 4.94714356 5.89540149], index=0.
2023-11-02 14:27:19,044 bench  DEBUG  solver: cost=0.5043225806451613, params=[4.38075645 3.66180054 1.36236532 3.73155115 4.94714356 5.89540149], index=1.
2023-11-02 14:27:46,854 bench  DEBUG  solver: cost=0.7183870967741933, params=[3.7912163  4.25134069 1.36236532 3.73155115 4.94714356 5.89540149], index=2.
2023-11-02 14:28:15,076 bench  DEBUG  solver: cost=1.3945806451612903, params=[3.7912163  3.66180054 1.95190547 3.73155115 4.94714356 5.89540149], index=3.
2023-11-02 14:28:43,108 bench  DEBUG  solver: cost=0.5565161290322581, params=[3.7912163  3.66180054 1.36236532 4.3210913  4.94714356 5.89540149], index=4.
2023-11-02 14:29:10,709 bench  DEBUG  solver: cost=-0.6258709677419355, params=[3.7912163  3.66180054 1.36236532 3.73155115 5.53668371 5.89540149], index=5.
2023-11-02 14:29:38,670 bench  DEBUG  solver: cost=0.18219354838709687, params=[3.7912163  3.66180054 1.36236532 3.73155115 4.94714356 6.48494164], index=6.
2023-11-02 14:30:06,473 bench  DEBUG  solver: cost=1.6324516129032258, params=[3.20167615 3.66180054 1.36236532 3.73155115 4.94714356 5.89540149], index=7.
2023-11-02 14:30:34,373 bench  DEBUG  solver: cost=-0.3810322580645162, params=[3.7912163  3.07226039 1.36236532 3.73155115 4.94714356 5.89540149], index=8.
2023-11-02 14:31:01,767 bench  DEBUG  solver: cost=1.7245806451612902, params=[3.7912163  3.66180054 0.77282517 3.73155115 4.94714356 5.89540149], index=9.
2023-11-02 14:31:30,621 bench  DEBUG  solver: cost=0.5372258064516129, params=[3.7912163  3.66180054 1.36236532 3.142011   4.94714356 5.89540149], index=10.
2023-11-02 14:31:59,977 bench  DEBUG  solver: cost=-0.7323225806451613, params=[3.7912163  3.66180054 1.36236532 3.73155115 4.35760341 5.89540149], index=11.
2023-11-02 14:32:28,541 bench  DEBUG  solver: cost=0.7457419354838709, params=[3.7912163  3.66180054 1.36236532 3.73155115 4.94714356 5.30586134], index=12.
2023-11-02 14:32:55,823 bench  DEBUG  solver: cost=-0.6236774193548389, params=[4.38075645 3.07226039 1.36236532 3.73155115 4.94714356 5.89540149], index=13.
2023-11-02 14:33:24,303 bench  DEBUG  solver: cost=-1.5492903225806447, params=[3.7912163  3.07226039 1.95190547 3.73155115 4.94714356 5.89540149], index=14.
2023-11-02 14:33:51,621 bench  DEBUG  solver: cost=0.24019354838709683, params=[3.7912163  3.66180054 1.95190547 3.142011   4.94714356 5.89540149], index=15.
2023-11-02 14:34:19,590 bench  DEBUG  solver: cost=0.3747741935483871, params=[3.7912163  3.66180054 1.36236532 3.142011   4.35760341 5.89540149], index=16.
2023-11-02 14:34:47,158 bench  DEBUG  solver: cost=-0.19554838709677425, params=[3.7912163  3.66180054 1.36236532 3.73155115 4.35760341 6.48494164], index=17.
2023-11-02 14:35:15,112 bench  DEBUG  solver: cost=-0.7597419354838708, params=[4.38075645 3.66180054 1.36236532 3.73155115 4.94714356 6.48494164], index=18.
2023-11-02 14:35:42,790 bench  DEBUG  solver: cost=-0.32909677419354844, params=[4.38075645 3.66180054 1.95190547 3.73155115 4.94714356 5.89540149], index=19.
2023-11-02 14:36:10,911 bench  DEBUG  solver: cost=1.352258064516129, params=[3.7912163  3.07226039 1.36236532 3.142011   4.94714356 5.89540149], index=20.
2023-11-02 14:36:38,493 bench  DEBUG  solver: cost=-0.9481290322580642, params=[3.7912163  3.66180054 1.95190547 3.73155115 4.35760341 5.89540149], index=21.
2023-11-02 14:37:06,790 bench  DEBUG  solver: cost=0.5068387096774194, params=[3.7912163  3.66180054 1.36236532 3.142011   4.94714356 6.48494164], index=22.
2023-11-02 14:37:35,204 bench  DEBUG  solver: cost=0.7789032258064517, params=[4.38075645 3.66180054 1.36236532 3.73155115 4.35760341 5.89540149], index=23.
2023-11-02 14:38:03,265 bench  DEBUG  solver: cost=-1.0052903225806453, params=[3.7912163  3.07226039 1.36236532 3.73155115 4.94714356 6.48494164], index=24.
2023-11-02 14:38:31,723 bench  DEBUG  solver: cost=-0.2013548387096774, params=[4.38075645 3.66180054 1.36236532 3.142011   4.94714356 5.89540149], index=25.
2023-11-02 14:38:59,394 bench  DEBUG  solver: cost=-1.4596774193548387, params=[3.7912163  3.07226039 1.36236532 3.73155115 4.35760341 5.89540149], index=26.
2023-11-02 14:39:27,359 bench  DEBUG  solver: cost=0.4755483870967743, params=[3.7912163  3.66180054 1.95190547 3.73155115 4.94714356 6.48494164], index=27.
2023-11-02 14:39:56,051 bench  DEBUG  solver: cost=-1.7407741935483871, params=[4.05028161 3.38790245 1.63439186 3.54224347 4.75270454 6.13577665], index=28.
2023-11-02 14:40:24,172 bench  DEBUG  solver: cost=-0.9516774193548387, params=[4.30477166 3.04885671 1.97116477 3.49976533 4.67588957 6.35192351], index=29.
2023-11-02 14:40:52,491 bench  DEBUG  solver: cost=-0.26077419354838716, params=[4.28341116 3.30565658 1.75782096 3.62257286 5.19566559 6.32193492], index=30.
2023-11-02 14:41:27,981 bench  DEBUG  solver: cost=-0.14935483870967753, params=[4.03351036 3.26303746 1.75227122 4.03346343 4.65127057 6.12282814], index=31.
2023-11-02 14:48:09,132 bench  DEBUG  solver: cost=-1.176387096774194, params=[3.9523427  3.29604668 1.84146672 3.54739925 4.65384677 5.70756603], index=32.
2023-11-02 14:48:36,841 bench  DEBUG  solver: cost=-0.7458709677419353, params=[3.75503516 3.10343489 1.84373018 3.63980716 4.68753827 6.0872748 ], index=33.
2023-11-02 14:49:04,880 bench  DEBUG  solver: cost=-0.5941290322580648, params=[4.38325888 3.51880164 1.84694688 3.48626657 4.78289312 6.30479291], index=34.
2023-11-02 14:49:33,211 bench  DEBUG  solver: cost=-0.17154838709677422, params=[4.08643344 3.81011089 1.67516315 3.49249785 4.72302393 6.14680203], index=35.
2023-11-02 14:50:00,700 bench  DEBUG  solver: cost=-1.0461290322580648, params=[4.05986738 3.38138882 1.22662656 3.55169861 4.74885243 6.14942912], index=36.
2023-11-02 14:50:29,065 bench  DEBUG  solver: cost=-1.8030967741935484, params=[4.11309004 3.37935399 1.90218483 3.45412601 4.51650643 6.0341555 ], index=37.
2023-11-02 14:50:56,764 bench  DEBUG  solver: cost=-0.8398064516129036, params=[4.34604848 3.36911712 1.99093703 3.34055071 4.70483078 5.83668309], index=38.
2023-11-02 14:51:24,899 bench  DEBUG  solver: cost=1.0177419354838704, params=[3.99106121 3.40693439 2.05251247 3.45256683 4.48017133 6.34310885], index=39.
2023-11-02 14:51:52,573 bench  DEBUG  solver: cost=-0.808967741935484, params=[3.88178456 3.39160184 1.93868673 3.56149125 4.33565237 5.88594711], index=40.
2023-11-02 14:52:19,624 bench  DEBUG  solver: cost=-1.492, params=[4.20112079 3.17440942 1.77784477 3.4531084  4.30637078 6.03438881], index=41.
2023-11-02 14:52:46,861 bench  DEBUG  solver: cost=-0.9583225806451612, params=[4.18597792 3.31427078 1.74210779 3.46695149 4.45442017 5.7913218 ], index=42.
2023-11-02 14:53:15,023 bench  DEBUG  solver: cost=-0.5344516129032258, params=[4.20389319 3.49126984 1.84178155 3.22521687 4.47722862 6.1352931 ], index=43.
2023-11-02 14:53:43,414 bench  DEBUG  solver: cost=-0.7469677419354839, params=[4.13426272 3.17155474 1.99017412 3.51219036 4.66646543 5.98640689], index=44.
2023-11-02 14:54:11,691 bench  DEBUG  solver: cost=-0.533483870967742, params=[4.21413502 3.51580884 1.83506924 3.50288323 4.33331008 6.08400643], index=45.
2023-11-02 14:54:39,596 bench  DEBUG  solver: cost=-0.8998064516129028, params=[4.00688454 3.31162263 1.90823587 3.28402382 4.45984658 5.90627169], index=46.
2023-11-02 14:55:07,111 bench  DEBUG  solver: cost=-0.7103870967741935, params=[4.21033371 3.2843671  1.72319052 3.50585001 4.54211897 6.09953623], index=47.
2023-11-02 14:55:34,791 bench  DEBUG  solver: cost=-0.3120645161290323, params=[4.27887091 3.30707647 2.00953873 3.45323607 4.43003296 6.05550684], index=48.
2023-11-02 14:56:02,129 bench  DEBUG  solver: cost=-1.1225806451612907, params=[4.17937938 3.44359473 2.00204574 3.35683076 4.65069132 6.06754698], index=49.
2023-11-02 14:56:02,129 bench  DEBUG  sampler start.
2023-11-02 14:56:40,108 bench  DEBUG  session end.
2023-11-02 14:57:03,029 bench  INFO   run finished: success, saved to "result/qpu_bobyqa1000_p3_nazca_tg/qpu_bobyqa1000_p3_nazca_tg_ibm_nazca_2.0.1_1698871603.985869_0004.json".
2023-11-02 14:57:03,029 bench  INFO   run 5/6 complete.
2023-11-02 14:57:03,029 bench  INFO   run start: instance_id=UDMIS7TG, args=({'maxiter': 50}, 'BOBYQA', 3, 0, 3, 0, 3, 1000, 1000, 'ibm_nazca', 'ibm_quantum', 'ibm-q-fraunhofer/fhg-all/fitw01', '8h', False, 1, 1).
2023-11-02 14:57:11,704 bench  DEBUG  session start.
2023-11-02 14:57:11,704 bench  DEBUG  estimator start.
2023-11-02 16:03:26,877 bench  DEBUG  solver: cost=1.1989677419354838, params=[3.83197406 5.4098725  2.5177996  0.9242771  1.87656091 1.19082773], index=0.
2023-11-02 16:03:53,103 bench  DEBUG  solver: cost=0.2734193548387097, params=[4.37296131 5.4098725  2.5177996  0.9242771  1.87656091 1.19082773], index=1.
2023-11-02 16:04:19,546 bench  DEBUG  solver: cost=1.6119999999999999, params=[3.83197406 5.95085975 2.5177996  0.9242771  1.87656091 1.19082773], index=2.
2023-11-02 16:04:46,186 bench  DEBUG  solver: cost=1.9393548387096777, params=[3.83197406 5.4098725  3.05878685 0.9242771  1.87656091 1.19082773], index=3.
2023-11-02 16:05:12,670 bench  DEBUG  solver: cost=1.928258064516129, params=[3.83197406 5.4098725  2.5177996  1.46526435 1.87656091 1.19082773], index=4.
2023-11-02 16:05:38,815 bench  DEBUG  solver: cost=1.217032258064516, params=[3.83197406 5.4098725  2.5177996  0.9242771  2.41754816 1.19082773], index=5.
2023-11-02 16:06:05,794 bench  DEBUG  solver: cost=1.8514838709677421, params=[3.83197406 5.4098725  2.5177996  0.9242771  1.87656091 1.73181498], index=6.
2023-11-02 16:06:41,622 bench  DEBUG  solver: cost=0.826258064516129, params=[3.29098681 5.4098725  2.5177996  0.9242771  1.87656091 1.19082773], index=7.
2023-11-02 16:07:09,147 bench  DEBUG  solver: cost=-2.2832258064516133, params=[3.83197406 4.86888525 2.5177996  0.9242771  1.87656091 1.19082773], index=8.
2023-11-02 16:08:02,603 bench  DEBUG  solver: cost=-0.46554838709677415, params=[3.83197406 5.4098725  1.97681235 0.9242771  1.87656091 1.19082773], index=9.
2023-11-02 16:08:29,846 bench  DEBUG  solver: cost=0.5540645161290323, params=[3.83197406 5.4098725  2.5177996  0.38328985 1.87656091 1.19082773], index=10.
2023-11-02 16:08:56,274 bench  DEBUG  solver: cost=-0.5634193548387094, params=[3.83197406 5.4098725  2.5177996  0.9242771  1.33557366 1.19082773], index=11.
2023-11-02 16:09:32,428 bench  DEBUG  solver: cost=-0.473225806451613, params=[3.83197406 5.4098725  2.5177996  0.9242771  1.87656091 0.64984048], index=12.
2023-11-02 16:10:06,956 bench  DEBUG  solver: cost=1.8034838709677419, params=[4.37296131 4.86888525 2.5177996  0.9242771  1.87656091 1.19082773], index=13.
2023-11-02 16:10:48,287 bench  DEBUG  solver: cost=0.5905161290322583, params=[3.83197406 4.86888525 1.97681235 0.9242771  1.87656091 1.19082773], index=14.
2023-11-02 16:11:48,423 bench  DEBUG  solver: cost=-0.10316129032258059, params=[3.83197406 5.4098725  1.97681235 0.38328985 1.87656091 1.19082773], index=15.
2023-11-02 16:12:15,676 bench  DEBUG  solver: cost=-0.13464516129032267, params=[3.83197406 5.4098725  2.5177996  0.38328985 1.33557366 1.19082773], index=16.
2023-11-02 16:12:57,080 bench  DEBUG  solver: cost=-1.0142580645161292, params=[3.83197406 5.4098725  2.5177996  0.9242771  1.33557366 0.64984048], index=17.
2023-11-02 16:13:23,767 bench  DEBUG  solver: cost=-1.4623225806451614, params=[4.37296131 5.4098725  2.5177996  0.9242771  1.87656091 0.64984048], index=18.
2023-11-02 16:13:50,175 bench  DEBUG  solver: cost=-0.8838064516129032, params=[4.37296131 5.4098725  1.97681235 0.9242771  1.87656091 1.19082773], index=19.
2023-11-02 16:14:15,978 bench  DEBUG  solver: cost=-2.4481935483870974, params=[3.83197406 4.86888525 2.5177996  0.38328985 1.87656091 1.19082773], index=20.
2023-11-02 16:14:42,500 bench  DEBUG  solver: cost=1.2475483870967747, params=[3.83197406 5.4098725  1.97681235 0.9242771  1.33557366 1.19082773], index=21.
2023-11-02 16:15:08,625 bench  DEBUG  solver: cost=-1.2343225806451614, params=[3.83197406 5.4098725  2.5177996  0.38328985 1.87656091 0.64984048], index=22.
2023-11-02 16:15:35,637 bench  DEBUG  solver: cost=1.8086451612903227, params=[4.37296131 5.4098725  2.5177996  0.9242771  1.33557366 1.19082773], index=23.
2023-11-02 16:16:02,185 bench  DEBUG  solver: cost=-1.288193548387097, params=[3.83197406 4.86888525 2.5177996  0.9242771  1.87656091 0.64984048], index=24.
2023-11-02 16:16:51,764 bench  DEBUG  solver: cost=-0.7181290322580646, params=[4.37296131 5.4098725  2.5177996  0.38328985 1.87656091 1.19082773], index=25.
2023-11-02 16:17:20,307 bench  DEBUG  solver: cost=-0.9180000000000004, params=[3.83197406 4.86888525 2.5177996  0.9242771  1.33557366 1.19082773], index=26.
2023-11-02 16:18:10,578 bench  DEBUG  solver: cost=-1.2547741935483874, params=[3.83197406 5.4098725  1.97681235 0.9242771  1.87656091 0.64984048], index=27.
2023-11-02 16:18:37,721 bench  DEBUG  solver: cost=-2.3709677419354844, params=[3.57328825 4.47712763 2.7499686  0.37792939 1.96751843 1.29117897], index=28.
2023-11-02 16:19:04,274 bench  DEBUG  solver: cost=-0.9569032258064514, params=[4.03741508 4.80898106 2.35644773 0.27849265 1.69460404 0.80584404], index=29.
2023-11-02 16:19:29,947 bench  DEBUG  solver: cost=-0.6616774193548395, params=[3.50489036 4.80659533 2.79080869 0.56024833 1.73461562 1.204967  ], index=30.
2023-11-02 16:19:57,193 bench  DEBUG  solver: cost=0.5293548387096774, params=[3.97107155 4.60639484 2.37199495 0.34295226 1.69835713 1.4573892 ], index=31.
2023-11-02 16:20:23,337 bench  DEBUG  solver: cost=-1.6858709677419363, params=[3.50127147 4.76500316 2.26938774 0.483636   1.87239289 1.18257625], index=32.
2023-11-02 16:20:50,145 bench  DEBUG  solver: cost=-3.552387096774193, params=[4.08932423 4.79742519 2.81914805 0.3132825  1.90360636 1.11654395], index=33.
2023-11-02 16:21:16,232 bench  DEBUG  solver: cost=-2.8820645161290326, params=[4.20935668 4.65693058 2.72129561 0.26339744 2.19704754 0.96417113], index=34.
2023-11-02 16:21:42,740 bench  DEBUG  solver: cost=-4.546000000000001, params=[4.17070965 4.71631044 3.14379213 0.45449526 1.90767923 1.07392874], index=35.
2023-11-02 16:22:09,248 bench  DEBUG  solver: cost=-2.6170967741935485, params=[4.30233913 4.6849752  3.44838352 0.33492095 1.88794013 1.08848393], index=36.
2023-11-02 16:22:36,538 bench  DEBUG  solver: cost=-3.379548387096773, params=[4.05764655 4.4461433  2.98193054 0.4568152  1.88878842 1.03697924], index=37.
2023-11-02 16:23:03,293 bench  DEBUG  solver: cost=-4.0361935483870965, params=[4.25068297 4.79511958 3.16708579 0.49278199 2.12943122 1.26952454], index=38.
2023-11-02 16:23:30,730 bench  DEBUG  solver: cost=-2.9095483870967747, params=[4.1893918  4.81938444 3.22513155 0.4312191  2.02679708 0.82943545], index=39.
2023-11-02 16:23:58,217 bench  DEBUG  solver: cost=-4.17625806451613, params=[4.26841388 4.86296591 3.17044654 0.48639249 1.68567809 1.04960738], index=40.
2023-11-02 16:24:26,032 bench  DEBUG  solver: cost=-2.002387096774194, params=[4.00762949 4.68375923 3.28175511 0.52202387 1.84908684 1.21505647], index=41.
2023-11-02 16:24:52,409 bench  DEBUG  solver: cost=-3.5624516129032253, params=[4.37865084 4.69414192 3.05897121 0.43236187 1.80027691 1.13719132], index=42.
2023-11-02 16:25:19,172 bench  DEBUG  solver: cost=-3.0999354838709685, params=[4.30843187 4.82519377 3.17401642 0.6024548  1.89192253 1.15484949], index=43.
2023-11-02 16:25:46,661 bench  DEBUG  solver: cost=-4.230967741935485, params=[4.09949476 4.87820103 3.00636959 0.48407412 1.9576299  1.10032505], index=44.
2023-11-02 16:26:13,190 bench  DEBUG  solver: cost=-3.3421290322580646, params=[4.04286241 4.60524113 3.20813824 0.47180085 1.9956421  0.98400911], index=45.
2023-11-02 16:26:40,539 bench  DEBUG  solver: cost=-3.458258064516129, params=[4.24851241 4.76996653 3.08883184 0.51493018 1.82952156 0.92488546], index=46.
2023-11-02 16:27:07,680 bench  DEBUG  solver: cost=-2.72174193548387, params=[4.14198419 4.57506554 3.11184626 0.33645495 1.90099486 1.13614458], index=47.
2023-11-02 16:27:34,480 bench  DEBUG  solver: cost=-4.409677419354837, params=[4.12705225 4.65094007 3.09813416 0.57657036 1.99427151 1.14405036], index=48.
2023-11-02 16:28:01,129 bench  DEBUG  solver: cost=-4.126709677419354, params=[4.07749773 4.73836883 3.16269082 0.45645826 1.79392152 0.97576847], index=49.
2023-11-02 16:28:01,129 bench  DEBUG  sampler start.
2023-11-02 16:28:28,287 bench  DEBUG  session end.
2023-11-02 16:28:50,930 bench  INFO   run finished: success, saved to "result/qpu_bobyqa1000_p3_nazca_tg/qpu_bobyqa1000_p3_nazca_tg_ibm_nazca_2.0.1_1698871603.985869_0005.json".
2023-11-02 16:28:50,930 bench  INFO   run 6/6 complete.
2023-11-02 16:28:50,930 bench  INFO   completed 6 run(s): 6 successful.
