2023-10-27 21:17:00,274 bench  INFO   started 1 run(s).
2023-10-27 21:17:00,274 bench  INFO   run start: instance_id=MWC4, args=({'maxiter': 50}, 'BOBYQA', 3, 0, 3, 0, 3, 1000, 1000, 'ibm_nazca', 'ibm_quantum', 'ibm-q-fraunhofer/fhg-all/fitw01', '8h', False, 1, 1).
2023-10-27 21:17:11,430 bench  DEBUG  session start.
2023-10-27 21:17:11,430 bench  DEBUG  estimator start.
2023-10-27 22:45:25,215 bench  DEBUG  solver: cost=-0.004774194273757535, params=[0.73481396 4.61590012 3.77511435 4.63938537 3.94554969 0.82451917], index=0.
2023-10-27 22:46:09,271 bench  DEBUG  solver: cost=0.0005754671560188985, params=[1.1987525  4.61590012 3.77511435 4.63938537 3.94554969 0.82451917], index=1.
2023-10-27 22:46:55,642 bench  DEBUG  solver: cost=0.009615211202196928, params=[0.73481396 5.07983866 3.77511435 4.63938537 3.94554969 0.82451917], index=2.
2023-10-27 22:47:40,551 bench  DEBUG  solver: cost=-0.013080125448004297, params=[0.73481396 4.61590012 4.23905289 4.63938537 3.94554969 0.82451917], index=3.
2023-10-27 22:48:25,698 bench  DEBUG  solver: cost=0.009890428415321579, params=[0.73481396 4.61590012 3.77511435 5.10332391 3.94554969 0.82451917], index=4.
2023-10-27 22:49:10,417 bench  DEBUG  solver: cost=0.009714054800323975, params=[0.73481396 4.61590012 3.77511435 4.63938537 4.40948822 0.82451917], index=5.
2023-10-27 22:49:55,345 bench  DEBUG  solver: cost=0.0001385788816602404, params=[0.73481396 4.61590012 3.77511435 4.63938537 3.94554969 1.28845771], index=6.
2023-10-27 22:50:37,978 bench  DEBUG  solver: cost=0.0004457194830667962, params=[0.27087543 4.61590012 3.77511435 4.63938537 3.94554969 0.82451917], index=7.
2023-10-27 22:51:24,466 bench  DEBUG  solver: cost=-0.011486332734184495, params=[0.73481396 4.15196159 3.77511435 4.63938537 3.94554969 0.82451917], index=8.
2023-10-27 22:52:08,772 bench  DEBUG  solver: cost=0.015970149080913893, params=[0.73481396 4.61590012 3.31117582 4.63938537 3.94554969 0.82451917], index=9.
2023-10-27 22:52:53,293 bench  DEBUG  solver: cost=-0.004937211506739779, params=[0.73481396 4.61590012 3.77511435 4.17544683 3.94554969 0.82451917], index=10.
2023-10-27 22:53:36,539 bench  DEBUG  solver: cost=-0.0012002353348554904, params=[0.73481396 4.61590012 3.77511435 4.63938537 3.48161115 0.82451917], index=11.
2023-10-27 22:54:20,813 bench  DEBUG  solver: cost=0.01818629251921406, params=[0.73481396 4.61590012 3.77511435 4.63938537 3.94554969 0.36058064], index=12.
2023-10-27 22:55:05,959 bench  DEBUG  solver: cost=-0.00414060740974219, params=[0.27087543 4.15196159 3.77511435 4.63938537 3.94554969 0.82451917], index=13.
2023-10-27 22:55:51,743 bench  DEBUG  solver: cost=-0.027914451934088275, params=[0.73481396 4.15196159 4.23905289 4.63938537 3.94554969 0.82451917], index=14.
2023-10-27 22:56:35,945 bench  DEBUG  solver: cost=0.008468355835002812, params=[0.73481396 4.61590012 4.23905289 4.17544683 3.94554969 0.82451917], index=15.
2023-10-27 22:57:18,236 bench  DEBUG  solver: cost=0.0030519955744683826, params=[0.73481396 4.61590012 3.77511435 4.17544683 3.48161115 0.82451917], index=16.
2023-10-27 22:58:09,510 bench  DEBUG  solver: cost=-0.0010215524111287255, params=[0.73481396 4.61590012 3.77511435 4.63938537 3.48161115 1.28845771], index=17.
2023-10-27 22:59:01,612 bench  DEBUG  solver: cost=0.0036434000135484442, params=[0.27087543 4.61590012 3.77511435 4.63938537 3.94554969 1.28845771], index=18.
2023-10-27 22:59:55,961 bench  DEBUG  solver: cost=-0.02503345340459606, params=[0.27087543 4.61590012 4.23905289 4.63938537 3.94554969 0.82451917], index=19.
2023-10-27 23:00:41,127 bench  DEBUG  solver: cost=-0.001564206388893537, params=[0.73481396 4.15196159 3.77511435 4.17544683 3.94554969 0.82451917], index=20.
2023-10-27 23:01:26,215 bench  DEBUG  solver: cost=-0.01517587517762141, params=[0.73481396 4.61590012 4.23905289 4.63938537 3.48161115 0.82451917], index=21.
2023-10-27 23:02:27,164 bench  DEBUG  solver: cost=0.012024275548719031, params=[0.73481396 4.61590012 3.77511435 4.17544683 3.94554969 1.28845771], index=22.
2023-10-27 23:03:11,611 bench  DEBUG  solver: cost=0.00014469876952191704, params=[0.27087543 4.61590012 3.77511435 4.63938537 3.48161115 0.82451917], index=23.
2023-10-27 23:04:11,377 bench  DEBUG  solver: cost=0.0073204959090379185, params=[0.73481396 4.15196159 3.77511435 4.63938537 3.94554969 1.28845771], index=24.
2023-10-27 23:04:55,467 bench  DEBUG  solver: cost=0.0064311520645755635, params=[0.27087543 4.61590012 3.77511435 4.17544683 3.94554969 0.82451917], index=25.
2023-10-27 23:05:42,392 bench  DEBUG  solver: cost=0.0021615212494034445, params=[0.73481396 4.15196159 3.77511435 4.63938537 3.48161115 0.82451917], index=26.
2023-10-27 23:06:33,119 bench  DEBUG  solver: cost=-0.025013880906703843, params=[0.73481396 4.61590012 4.23905289 4.63938537 3.94554969 1.28845771], index=27.
2023-10-27 23:07:20,991 bench  DEBUG  solver: cost=0.0076784573978118205, params=[0.54921549 4.02960678 4.48919744 4.9317283  3.91206928 0.95360772], index=28.
2023-10-27 23:08:41,779 bench  DEBUG  solver: cost=0.023476626475199013, params=[0.52728087 4.02395559 4.41809514 4.36627659 3.84175255 0.95634963], index=29.
2023-10-27 23:09:29,726 bench  DEBUG  solver: cost=-0.008355205954427472, params=[1.08569899 4.02962228 4.33608676 4.55904908 3.86362624 0.94146108], index=30.
2023-10-27 23:10:14,453 bench  DEBUG  solver: cost=-0.004942128888023553, params=[0.68990857 3.91019572 4.11215379 4.90688358 4.02590188 0.87708048], index=31.
2023-10-27 23:11:04,853 bench  DEBUG  solver: cost=0.003141422570208536, params=[0.68488752 4.35810305 4.11416642 4.79289608 3.87191942 1.05178059], index=32.
2023-10-27 23:11:53,699 bench  DEBUG  solver: cost=-0.012662627583313836, params=[0.65460853 4.0470208  4.3475668  4.56749105 3.88086397 0.52639886], index=33.
2023-10-27 23:12:51,811 bench  DEBUG  solver: cost=0.018325845663219386, params=[0.667175   4.09986738 4.35233971 4.56597188 4.23621731 0.89075258], index=34.
2023-10-27 23:13:40,722 bench  DEBUG  solver: cost=-0.0033331720218548336, params=[0.68991445 4.15196761 4.24628123 4.86993603 3.90509667 0.6091687 ], index=35.
2023-10-27 23:14:30,197 bench  DEBUG  solver: cost=-0.021645545530719096, params=[0.62626269 3.91619648 4.17755827 4.67274848 3.80293881 0.83174446], index=36.
2023-10-27 23:15:19,676 bench  DEBUG  solver: cost=-0.0006844473245749458, params=[0.73389944 4.23939593 4.1372211  4.47245153 3.75456308 0.86003697], index=37.
2023-10-27 23:16:07,122 bench  DEBUG  solver: cost=0.0034814414025094915, params=[0.91311642 4.0998416  4.30325927 4.8177545  3.88607964 0.85717238], index=38.
2023-10-27 23:16:51,571 bench  DEBUG  solver: cost=0.0048136875891003645, params=[0.81015112 4.03424335 4.12421659 4.58303022 4.10486013 0.74417289], index=39.
2023-10-27 23:17:44,639 bench  DEBUG  solver: cost=0.013735826539012733, params=[0.67367201 3.92837157 4.31856251 4.64394078 3.97230765 0.8252181 ], index=40.
2023-10-27 23:18:31,454 bench  DEBUG  solver: cost=-0.007328689431087171, params=[0.79007902 4.1473574  4.189386   4.59998802 4.09153403 0.98717533], index=41.
2023-10-27 23:19:16,197 bench  DEBUG  solver: cost=0.00673170375182245, params=[0.86406134 4.16613649 4.22360345 4.62927223 3.7993796  0.72143035], index=42.
2023-10-27 23:20:07,865 bench  DEBUG  solver: cost=0.009824399633082768, params=[0.57583957 4.14840937 4.19737714 4.59897229 4.03843189 0.73992468], index=43.
2023-10-27 23:20:55,246 bench  DEBUG  solver: cost=0.006742075949932777, params=[0.76210631 4.23415905 4.41307551 4.60011019 3.95838877 0.84430973], index=44.
2023-10-27 23:21:42,503 bench  DEBUG  solver: cost=0.003442893987092561, params=[0.76911391 4.14059253 4.28391099 4.47532964 3.97856462 0.75615803], index=45.
2023-10-27 23:22:29,954 bench  DEBUG  solver: cost=-0.028812194096409876, params=[0.59568847 4.21875312 4.24518415 4.64928659 3.86069316 0.79056412], index=46.
2023-10-27 23:23:19,746 bench  DEBUG  solver: cost=0.009142931644935215, params=[0.45730426 4.29757944 4.24233934 4.62933725 3.90251833 0.85975243], index=47.
2023-10-27 23:24:13,004 bench  DEBUG  solver: cost=-0.011311496385649414, params=[0.53022155 4.19202282 4.15466875 4.55079762 3.78497121 0.81356416], index=48.
2023-10-27 23:25:03,376 bench  DEBUG  solver: cost=0.012446980392915434, params=[0.57840716 4.29492139 4.32553969 4.57008754 3.89573521 0.71239548], index=49.
2023-10-27 23:25:03,376 bench  DEBUG  sampler start.
2023-10-27 23:26:02,438 bench  DEBUG  session end.
2023-10-27 23:26:19,750 bench  INFO   run finished: success, saved to "result/qpu_bobyqa1000_p3_nazca/qpu_bobyqa1000_p3_nazca_ibm_nazca_2.0.1_1698434220.27429_0000.json".
2023-10-27 23:26:19,750 bench  INFO   run 1/1 complete.
2023-10-27 23:26:19,750 bench  INFO   completed 1 run(s): 1 successful.
