2023-10-29 14:46:48,477 bench  INFO   started 1 run(s).
2023-10-29 14:46:48,477 bench  INFO   run start: instance_id=TSP27, args=({'maxiter': 50}, 'BOBYQA', 3, 1, 3, 1, 3, 1000, 1000, 'ibm_nazca', 'ibm_quantum', 'ibm-q-fraunhofer/fhg-all/fitw01', '8h', False, 1, 1).
2023-10-29 14:46:57,137 bench  DEBUG  session start.
2023-10-29 14:46:57,137 bench  DEBUG  estimator start.
2023-10-29 14:52:50,343 bench  DEBUG  solver: cost=-0.01942673624975423, params=[2.40975851 2.2331744  4.95842817 3.10386089 0.30443421 5.39189527], index=0.
2023-10-29 14:55:28,693 bench  DEBUG  solver: cost=-0.013302056218617207, params=[2.94894804 2.2331744  4.95842817 3.10386089 0.30443421 5.39189527], index=1.
2023-10-29 14:57:28,356 bench  DEBUG  solver: cost=-0.02727543101204131, params=[2.40975851 2.77236392 4.95842817 3.10386089 0.30443421 5.39189527], index=2.
2023-10-29 14:59:19,805 bench  DEBUG  solver: cost=0.001854663183401827, params=[2.40975851 2.2331744  5.49761769 3.10386089 0.30443421 5.39189527], index=3.
2023-10-29 15:01:37,974 bench  DEBUG  solver: cost=-0.03549206833138763, params=[2.40975851 2.2331744  4.95842817 3.64305041 0.30443421 5.39189527], index=4.
2023-10-29 15:04:07,645 bench  DEBUG  solver: cost=0.04858826727946988, params=[2.40975851 2.2331744  4.95842817 3.10386089 0.84362374 5.39189527], index=5.
2023-10-29 15:06:22,792 bench  DEBUG  solver: cost=-0.04344616197349137, params=[2.40975851 2.2331744  4.95842817 3.10386089 0.30443421 5.93108479], index=6.
2023-10-29 15:08:28,954 bench  DEBUG  solver: cost=-0.0762689850562837, params=[1.87056899 2.2331744  4.95842817 3.10386089 0.30443421 5.39189527], index=7.
2023-10-29 15:10:50,443 bench  DEBUG  solver: cost=0.0265120446282571, params=[2.40975851 1.69398487 4.95842817 3.10386089 0.30443421 5.39189527], index=8.
2023-10-29 15:12:51,206 bench  DEBUG  solver: cost=0.233085461601245, params=[2.40975851 2.2331744  4.41923864 3.10386089 0.30443421 5.39189527], index=9.
2023-10-29 15:14:50,219 bench  DEBUG  solver: cost=0.2553503259779315, params=[2.40975851 2.2331744  4.95842817 2.56467136 0.30443421 5.39189527], index=10.
2023-10-29 15:16:47,422 bench  DEBUG  solver: cost=-0.1145596792205147, params=[ 2.40975851  2.2331744   4.95842817  3.10386089 -0.23475532  5.39189527], index=11.
2023-10-29 15:18:46,271 bench  DEBUG  solver: cost=-0.05374012841610385, params=[2.40975851 2.2331744  4.95842817 3.10386089 0.30443421 4.85270574], index=12.
2023-10-29 15:20:53,278 bench  DEBUG  solver: cost=-0.0064992284960492235, params=[1.87056899 2.77236392 4.95842817 3.10386089 0.30443421 5.39189527], index=13.
2023-10-29 15:22:49,374 bench  DEBUG  solver: cost=-0.049312243063639113, params=[2.40975851 2.77236392 5.49761769 3.10386089 0.30443421 5.39189527], index=14.
2023-10-29 15:24:44,496 bench  DEBUG  solver: cost=0.028320067228846245, params=[2.40975851 2.2331744  5.49761769 3.64305041 0.30443421 5.39189527], index=15.
2023-10-29 15:26:44,912 bench  DEBUG  solver: cost=0.2509050461979218, params=[ 2.40975851  2.2331744   4.95842817  3.64305041 -0.23475532  5.39189527], index=16.
2023-10-29 15:28:39,526 bench  DEBUG  solver: cost=-0.02619435340174646, params=[ 2.40975851  2.2331744   4.95842817  3.10386089 -0.23475532  4.85270574], index=17.
2023-10-29 15:30:35,188 bench  DEBUG  solver: cost=-0.17643259617076304, params=[1.87056899 2.2331744  4.95842817 3.10386089 0.30443421 4.85270574], index=18.
2023-10-29 15:32:27,628 bench  DEBUG  solver: cost=-0.11311681100856356, params=[1.87056899 2.2331744  5.49761769 3.10386089 0.30443421 5.39189527], index=19.
2023-10-29 15:34:23,814 bench  DEBUG  solver: cost=0.1736292497238991, params=[2.40975851 2.77236392 4.95842817 3.64305041 0.30443421 5.39189527], index=20.
2023-10-29 15:36:21,463 bench  DEBUG  solver: cost=-0.16286542862416664, params=[ 2.40975851  2.2331744   5.49761769  3.10386089 -0.23475532  5.39189527], index=21.
2023-10-29 15:38:22,774 bench  DEBUG  solver: cost=0.4148442774026119, params=[2.40975851 2.2331744  4.95842817 3.64305041 0.30443421 4.85270574], index=22.
2023-10-29 15:40:22,251 bench  DEBUG  solver: cost=0.4085394020494598, params=[ 1.87056899  2.2331744   4.95842817  3.10386089 -0.23475532  5.39189527], index=23.
2023-10-29 15:42:26,386 bench  DEBUG  solver: cost=0.0620788892805735, params=[2.40975851 2.77236392 4.95842817 3.10386089 0.30443421 4.85270574], index=24.
2023-10-29 15:45:00,752 bench  DEBUG  solver: cost=0.172431548625166, params=[1.87056899 2.2331744  4.95842817 3.64305041 0.30443421 5.39189527], index=25.
2023-10-29 15:46:55,234 bench  DEBUG  solver: cost=0.032404586978812655, params=[ 2.40975851  2.77236392  4.95842817  3.10386089 -0.23475532  5.39189527], index=26.
2023-10-29 15:49:13,828 bench  DEBUG  solver: cost=0.09355211328586663, params=[2.40975851 2.2331744  5.49761769 3.10386089 0.30443421 4.85270574], index=27.
2023-10-29 15:51:52,395 bench  DEBUG  solver: cost=0.0032979883461390046, params=[1.58823632 2.20528757 4.95502644 2.86485272 0.63948658 4.6506182 ], index=28.
2023-10-29 15:53:51,200 bench  DEBUG  solver: cost=-0.00477384136661695, params=[1.76593357 2.55389712 5.32836722 3.13503672 0.21712696 4.79686131], index=29.
2023-10-29 15:56:44,226 bench  DEBUG  solver: cost=-0.4260523119172054, params=[1.77194874 2.59874094 4.69342303 3.1148532  0.2898057  4.70587205], index=30.
2023-10-29 15:59:15,750 bench  DEBUG  solver: cost=0.07267092799261025, params=[0.92447823 3.31191757 3.51088662 3.20634526 0.07595104 3.66257135], index=31.
2023-10-29 16:01:17,973 bench  DEBUG  solver: cost=-0.21229501790741814, params=[1.56179323 2.3311996  3.71043211 2.69164675 0.48897082 3.18343641], index=32.
2023-10-29 16:04:29,851 bench  DEBUG  solver: cost=0.000914398841206027, params=[2.68954554 2.16883816 5.65271467 3.21670062 0.31047408 5.93772365], index=33.
2023-10-29 16:06:33,341 bench  DEBUG  solver: cost=0.19193114030042116, params=[2.55319945 1.85409202 3.56690896 2.52207011 0.5330459  4.00356789], index=34.
2023-10-29 16:08:37,408 bench  DEBUG  solver: cost=-0.03140653123036632, params=[1.52736378 2.48052195 3.41798623 2.79857661 0.51552728 3.5422623 ], index=35.
2023-10-29 16:10:47,556 bench  DEBUG  solver: cost=0.07584932698805413, params=[0.62637033 3.53002144 4.783288   3.05955302 0.2919381  3.76364295], index=36.
2023-10-29 16:13:00,943 bench  DEBUG  solver: cost=0.07198190211639872, params=[1.72794184 2.61051701 4.49736233 2.91919813 0.33069347 4.28679246], index=37.
2023-10-29 16:15:15,404 bench  DEBUG  solver: cost=-0.10403615783171768, params=[1.61329409 2.68513267 4.85678565 3.47606805 0.24929791 4.49599517], index=38.
2023-10-29 16:17:14,092 bench  DEBUG  solver: cost=0.023698704457768276, params=[1.61956062 2.95311542 4.71368306 3.26190661 0.47778289 4.78558077], index=39.
2023-10-29 16:19:15,252 bench  DEBUG  solver: cost=0.009899353456235736, params=[ 1.54356048  2.71590773  4.83822316  3.13439827 -0.03191573  4.70450092], index=40.
2023-10-29 16:21:19,108 bench  DEBUG  solver: cost=-0.04721024350731814, params=[1.65184767 2.38037554 4.37611615 3.1418788  0.38212711 4.6957589 ], index=41.
2023-10-29 16:23:20,793 bench  DEBUG  solver: cost=0.04036962277223669, params=[2.00474287 2.41018127 4.87946326 3.15424146 0.34199539 4.86671155], index=42.
2023-10-29 16:25:26,023 bench  DEBUG  solver: cost=-0.02113586222628173, params=[1.44547693 2.57994518 4.6539629  2.97256581 0.35825792 4.78341979], index=43.
2023-10-29 16:27:26,008 bench  DEBUG  solver: cost=-0.04320883166793936, params=[1.84095904 2.82401918 4.77822151 3.01839592 0.10809732 4.56401896], index=44.
2023-10-29 16:29:24,577 bench  DEBUG  solver: cost=-0.10229983714486711, params=[1.76726137 2.60147474 4.47185316 3.15150887 0.04008795 4.71685302], index=45.
2023-10-29 16:31:25,475 bench  DEBUG  solver: cost=0.12524537359611418, params=[1.74234213 2.58833717 4.51888837 3.36385097 0.31835294 4.62156493], index=46.
2023-10-29 16:33:20,920 bench  DEBUG  solver: cost=0.04682545980353957, params=[1.84388379 2.67376022 4.58313198 2.92900391 0.46015321 4.77630802], index=47.
2023-10-29 16:35:13,003 bench  DEBUG  solver: cost=-0.18025321777102124, params=[1.74492078 2.5027944  4.82903975 2.89727769 0.21461583 4.67778885], index=48.
2023-10-29 16:37:13,918 bench  DEBUG  solver: cost=0.09716631867875855, params=[1.82513279 2.81489844 4.57600994 3.14885436 0.23432027 4.78668419], index=49.
2023-10-29 16:37:13,934 bench  DEBUG  sampler start.
2023-10-29 16:38:50,261 bench  DEBUG  session end.
2023-10-29 16:39:12,626 bench  INFO   run finished: success, saved to "result/qpu_bobyqa1000_p3_nazca_resilient/qpu_bobyqa1000_p3_nazca_resilient_ibm_nazca_2.0.1_1698587208.477633_0000.json".
2023-10-29 16:39:12,626 bench  INFO   run 1/1 complete.
2023-10-29 16:39:12,626 bench  INFO   completed 1 run(s): 1 successful.
