2023-10-26 13:32:35,037 bench  INFO   started 1 run(s).
2023-10-26 13:32:35,037 bench  INFO   run start: instance_id=TSP27, args=({'maxiter': 50}, 'BOBYQA', 3, 0, 3, 0, 3, 1000, 1000, 'ibm_cusco', 'ibm_quantum', 'ibm-q-fraunhofer/fhg-all/fitw01', '8h', False, 1, 1).
2023-10-26 13:32:47,784 bench  DEBUG  session start.
2023-10-26 13:32:47,784 bench  DEBUG  estimator start.
2023-10-26 22:28:54,510 bench  DEBUG  solver: cost=-0.26960401079330815, params=[6.12482604 4.69798688 0.71993038 5.72634766 1.87013763 0.28236093], index=0.
2023-10-26 22:55:33,008 bench  DEBUG  solver: cost=0.31512132973556395, params=[6.28318531 4.69798688 0.71993038 5.72634766 1.87013763 0.28236093], index=1.
2023-10-26 22:56:12,938 bench  DEBUG  solver: cost=-0.15648317539125745, params=[6.12482604 5.31046948 0.71993038 5.72634766 1.87013763 0.28236093], index=2.
2023-10-26 22:56:52,941 bench  DEBUG  solver: cost=-0.4772329001618996, params=[6.12482604 4.69798688 1.33241299 5.72634766 1.87013763 0.28236093], index=3.
2023-10-26 22:57:31,591 bench  DEBUG  solver: cost=0.17797809498111178, params=[6.12482604 4.69798688 0.71993038 6.33883027 1.87013763 0.28236093], index=4.
2023-10-26 22:58:15,701 bench  DEBUG  solver: cost=0.1601975866162979, params=[6.12482604 4.69798688 0.71993038 5.72634766 2.48262023 0.28236093], index=5.
2023-10-26 22:58:54,444 bench  DEBUG  solver: cost=0.17852278575283323, params=[6.12482604 4.69798688 0.71993038 5.72634766 1.87013763 0.89484353], index=6.
2023-10-26 22:59:32,089 bench  DEBUG  solver: cost=-0.16788816945493792, params=[5.51234343 4.69798688 0.71993038 5.72634766 1.87013763 0.28236093], index=7.
2023-10-26 23:00:18,084 bench  DEBUG  solver: cost=-0.35833384349703185, params=[6.12482604 4.08550427 0.71993038 5.72634766 1.87013763 0.28236093], index=8.
2023-10-26 23:01:21,067 bench  DEBUG  solver: cost=-0.012616887209929699, params=[6.12482604 4.69798688 0.10744778 5.72634766 1.87013763 0.28236093], index=9.
2023-10-26 23:02:23,752 bench  DEBUG  solver: cost=0.19465448138154337, params=[6.12482604 4.69798688 0.71993038 5.11386506 1.87013763 0.28236093], index=10.
2023-10-26 23:03:41,045 bench  DEBUG  solver: cost=-0.08929989530491093, params=[6.12482604 4.69798688 0.71993038 5.72634766 1.25765503 0.28236093], index=11.
2023-10-26 23:18:26,908 bench  DEBUG  solver: cost=-0.05937124554776041, params=[ 6.12482604  4.69798688  0.71993038  5.72634766  1.87013763 -0.33012168], index=12.
2023-10-26 23:19:30,979 bench  DEBUG  solver: cost=-0.2629587674042094, params=[5.51234343 4.08550427 0.71993038 5.72634766 1.87013763 0.28236093], index=13.
2023-10-26 23:20:12,195 bench  DEBUG  solver: cost=0.06412518078791148, params=[6.12482604 4.08550427 1.33241299 5.72634766 1.87013763 0.28236093], index=14.
2023-10-26 23:20:52,741 bench  DEBUG  solver: cost=-0.12686358985429036, params=[6.12482604 4.69798688 1.33241299 6.33883027 1.87013763 0.28236093], index=15.
2023-10-26 23:21:39,468 bench  DEBUG  solver: cost=-0.10042827199136538, params=[6.12482604 4.69798688 0.71993038 6.33883027 1.25765503 0.28236093], index=16.
2023-10-26 23:22:26,188 bench  DEBUG  solver: cost=-0.21465421154883974, params=[ 6.12482604  4.69798688  0.71993038  5.72634766  1.25765503 -0.33012168], index=17.
2023-10-26 23:23:09,593 bench  DEBUG  solver: cost=0.021702542903399964, params=[ 5.51234343  4.69798688  0.71993038  5.72634766  1.87013763 -0.33012168], index=18.
2023-10-26 23:23:53,152 bench  DEBUG  solver: cost=-0.16400054937938477, params=[5.51234343 4.69798688 1.33241299 5.72634766 1.87013763 0.28236093], index=19.
2023-10-26 23:52:15,851 bench  DEBUG  solver: cost=-0.00019707393416080153, params=[6.12482604 4.08550427 0.71993038 6.33883027 1.87013763 0.28236093], index=20.
2023-10-26 23:53:00,112 bench  DEBUG  solver: cost=0.3374390760928225, params=[6.12482604 4.69798688 1.33241299 5.72634766 1.25765503 0.28236093], index=21.
2023-10-26 23:53:37,246 bench  DEBUG  solver: cost=-0.05774857528332433, params=[ 6.12482604  4.69798688  0.71993038  6.33883027  1.87013763 -0.33012168], index=22.
2023-10-26 23:54:15,672 bench  DEBUG  solver: cost=0.40552262061521854, params=[5.51234343 4.69798688 0.71993038 5.72634766 1.25765503 0.28236093], index=23.
2023-10-26 23:54:59,763 bench  DEBUG  solver: cost=0.21958080841878036, params=[ 6.12482604  4.08550427  0.71993038  5.72634766  1.87013763 -0.33012168], index=24.
2023-10-27 00:07:57,421 bench  DEBUG  solver: cost=0.4245751279007015, params=[5.51234343 4.69798688 0.71993038 6.33883027 1.87013763 0.28236093], index=25.
2023-10-27 00:08:40,937 bench  DEBUG  solver: cost=0.012191952509444128, params=[6.12482604 4.08550427 0.71993038 5.72634766 1.25765503 0.28236093], index=26.
2023-10-27 00:09:23,227 bench  DEBUG  solver: cost=-0.2020677906098219, params=[ 6.12482604  4.69798688  1.33241299  5.72634766  1.87013763 -0.33012168], index=27.
2023-10-27 00:22:55,292 bench  DEBUG  solver: cost=-0.41173785968699406, params=[5.92929273 5.06313192 1.668724   5.67928747 2.16674254 0.26573171], index=28.
2023-10-27 00:23:36,791 bench  DEBUG  solver: cost=-0.05245037236913115, params=[5.85100755 5.07725185 1.20541443 5.62337317 2.17178584 0.23745237], index=29.
2023-10-27 00:24:23,240 bench  DEBUG  solver: cost=0.12644119158121966, params=[5.97681241 4.35047297 1.33897941 5.69994477 2.26759981 0.3320493 ], index=30.
2023-10-27 00:25:05,319 bench  DEBUG  solver: cost=-0.10061442093901783, params=[5.96039667 4.90321374 1.60841808 5.87763013 1.58757223 0.12059091], index=31.
2023-10-27 00:25:44,387 bench  DEBUG  solver: cost=-0.12107891851052348, params=[5.97108686 4.42846432 1.65968543 5.8544379  1.74644742 0.17731682], index=32.
2023-10-27 00:26:22,320 bench  DEBUG  solver: cost=0.019105070696168337, params=[5.98876488 4.90761212 1.05123478 5.60893721 1.62289662 0.35785164], index=33.
2023-10-27 00:27:04,904 bench  DEBUG  solver: cost=-0.2465114830005396, params=[5.94909227 4.45246128 1.04940119 5.70444309 1.71367087 0.33839288], index=34.
2023-10-27 00:27:45,643 bench  DEBUG  solver: cost=-0.028893973016729628, params=[6.18872009 4.77570542 1.57496284 5.53249014 1.99007952 0.52526922], index=35.
2023-10-27 00:40:50,251 bench  DEBUG  solver: cost=0.13176489260658392, params=[6.16183119 4.80300688 1.51743346 5.44071131 1.91137864 0.10470061], index=36.
2023-10-27 00:41:42,169 bench  DEBUG  solver: cost=0.21742395358877495, params=[6.28318531 4.60892756 1.38898585 5.96970129 1.76514657 0.08415685], index=37.
2023-10-27 00:42:20,341 bench  DEBUG  solver: cost=0.13906734376686455, params=[6.28318531 4.93726294 1.26191889 5.55989357 1.99392435 0.2606529 ], index=38.
2023-10-27 00:43:01,747 bench  DEBUG  solver: cost=0.014461897463572623, params=[5.89230542 4.68138714 1.3382854  5.91757378 1.85132647 0.1188031 ], index=39.
2023-10-27 00:43:41,798 bench  DEBUG  solver: cost=-0.14600855585536965, params=[6.11649594 4.62533793 1.38386647 5.90253275 1.82487244 0.53704572], index=40.
2023-10-27 00:44:29,027 bench  DEBUG  solver: cost=-0.2949529649217485, params=[6.17651162 4.92923645 1.34214576 5.91638685 1.87748956 0.33899756], index=41.
2023-10-27 00:45:20,051 bench  DEBUG  solver: cost=0.18302697787371824, params=[5.9120773  4.75267958 1.36442185 5.77478228 1.86484238 0.46720411], index=42.
2023-10-27 00:46:17,863 bench  DEBUG  solver: cost=0.2809909778737183, params=[5.93431104 4.66808332 1.36065354 5.54773954 1.84711061 0.19849984], index=43.
2023-10-27 00:46:58,643 bench  DEBUG  solver: cost=0.07981830329195898, params=[6.28318531 4.64225071 1.38188091 5.72893438 2.06502969 0.25248784], index=44.
2023-10-27 00:47:41,770 bench  DEBUG  solver: cost=-0.3135929055585538, params=[6.28318531 4.72192117 1.46266228 5.76225862 1.74223319 0.33207199], index=45.
2023-10-27 00:48:30,718 bench  DEBUG  solver: cost=-0.2223386033459256, params=[6.12515572 4.75020666 1.53304218 5.77114326 1.92098133 0.18890009], index=46.
2023-10-27 00:49:11,372 bench  DEBUG  solver: cost=0.18720141068537505, params=[6.16805656 4.75632199 1.230843   5.71527335 1.93189099 0.45925493], index=47.
2023-10-27 00:49:50,475 bench  DEBUG  solver: cost=-0.02319220939017806, params=[6.12929222 4.62172632 1.35593972 5.58882009 1.99238035 0.20913928], index=48.
2023-10-27 00:50:30,091 bench  DEBUG  solver: cost=0.20245465515380465, params=[6.15152888 4.6958268  1.27509262 5.6887884  1.74234941 0.14301587], index=49.
2023-10-27 00:50:30,091 bench  DEBUG  sampler start.
2023-10-27 01:04:17,649 bench  DEBUG  session end.
2023-10-27 01:04:38,192 bench  INFO   run finished: success, saved to "result/qpu_bobyqa1000_p3/qpu_bobyqa1000_p3_ibm_cusco_2.0.1_1698319955.037804_0000.json".
2023-10-27 01:04:38,192 bench  INFO   run 1/1 complete.
2023-10-27 01:04:38,192 bench  INFO   completed 1 run(s): 1 successful.
